[0.180s] DEBUG:colcon:Command line arguments: ['/usr/bin/colcon', 'build', '--event-handlers', 'console_direct+']
[0.180s] DEBUG:colcon:Parsed command line arguments: Namespace(ament_cmake_args=None, base_paths=['.'], build_base='build', catkin_cmake_args=None, catkin_skip_building_tests=False, cmake_args=None, cmake_clean_cache=False, cmake_clean_first=False, cmake_force_configure=False, cmake_target=None, cmake_target_skip_unavailable=False, continue_on_error=False, event_handlers=['console_direct+'], executor='parallel', ignore_user_meta=False, install_base='install', log_base=None, log_level=None, main=<bound method BuildVerb.main of <colcon_core.verb.build.BuildVerb object at 0x7f609723d550>>, merge_install=False, metas=['./colcon.meta'], packages_above=None, packages_above_and_dependencies=None, packages_above_depth=None, packages_end=None, packages_ignore=None, packages_ignore_regex=None, packages_select=None, packages_select_build_failed=False, packages_select_by_dep=None, packages_select_regex=None, packages_select_test_failures=False, packages_skip=None, packages_skip_build_finished=False, packages_skip_by_dep=None, packages_skip_regex=None, packages_skip_test_passed=False, packages_skip_up_to=None, packages_start=None, packages_up_to=None, packages_up_to_regex=None, parallel_workers=2, paths=None, symlink_install=False, test_result_base=None, verb_extension=<colcon_core.verb.build.BuildVerb object at 0x7f609723d550>, verb_name='build', verb_parser=<colcon_defaults.argument_parser.defaults.DefaultArgumentsDecorator object at 0x7f609723d898>)
[0.186s] Level 1:colcon.colcon_core.package_discovery:discover_packages(colcon_meta) check parameters
[0.186s] Level 1:colcon.colcon_core.package_discovery:discover_packages(recursive) check parameters
[0.186s] Level 1:colcon.colcon_core.package_discovery:discover_packages(ignore) check parameters
[0.186s] Level 1:colcon.colcon_core.package_discovery:discover_packages(path) check parameters
[0.186s] Level 1:colcon.colcon_core.package_discovery:discover_packages(colcon_meta) discover
[0.186s] Level 1:colcon.colcon_core.package_discovery:discover_packages(recursive) discover
[0.186s] INFO:colcon.colcon_core.package_discovery:Crawling recursively for packages in '/home/tello/tello_ros_ws/src'
[0.186s] Level 1:colcon.colcon_core.package_identification:_identify(.) by extensions ['ignore', 'ignore_ament_install']
[0.187s] Level 1:colcon.colcon_core.package_identification:_identify(.) by extension 'ignore'
[0.187s] Level 1:colcon.colcon_core.package_identification:_identify(.) by extension 'ignore_ament_install'
[0.187s] Level 1:colcon.colcon_core.package_identification:_identify(.) by extensions ['colcon_pkg']
[0.187s] Level 1:colcon.colcon_core.package_identification:_identify(.) by extension 'colcon_pkg'
[0.187s] Level 1:colcon.colcon_core.package_identification:_identify(.) by extensions ['colcon_meta']
[0.187s] Level 1:colcon.colcon_core.package_identification:_identify(.) by extension 'colcon_meta'
[0.187s] Level 1:colcon.colcon_core.package_identification:_identify(.) by extensions ['ros']
[0.187s] Level 1:colcon.colcon_core.package_identification:_identify(.) by extension 'ros'
[0.198s] Level 1:colcon.colcon_core.package_identification:_identify(.) by extensions ['cmake', 'python']
[0.199s] Level 1:colcon.colcon_core.package_identification:_identify(.) by extension 'cmake'
[0.199s] Level 1:colcon.colcon_core.package_identification:_identify(.) by extension 'python'
[0.199s] Level 1:colcon.colcon_core.package_identification:_identify(.) by extensions ['python_setup_py']
[0.199s] Level 1:colcon.colcon_core.package_identification:_identify(.) by extension 'python_setup_py'
[0.199s] Level 1:colcon.colcon_core.package_identification:_identify(build) by extensions ['ignore', 'ignore_ament_install']
[0.199s] Level 1:colcon.colcon_core.package_identification:_identify(build) by extension 'ignore'
[0.199s] Level 1:colcon.colcon_core.package_identification:_identify(build) ignored
[0.199s] Level 1:colcon.colcon_core.package_identification:_identify(install) by extensions ['ignore', 'ignore_ament_install']
[0.200s] Level 1:colcon.colcon_core.package_identification:_identify(install) by extension 'ignore'
[0.200s] Level 1:colcon.colcon_core.package_identification:_identify(install) ignored
[0.200s] Level 1:colcon.colcon_core.package_identification:_identify(log) by extensions ['ignore', 'ignore_ament_install']
[0.200s] Level 1:colcon.colcon_core.package_identification:_identify(log) by extension 'ignore'
[0.200s] Level 1:colcon.colcon_core.package_identification:_identify(log) ignored
[0.200s] Level 1:colcon.colcon_core.package_identification:_identify(ros2_shared) by extensions ['ignore', 'ignore_ament_install']
[0.200s] Level 1:colcon.colcon_core.package_identification:_identify(ros2_shared) by extension 'ignore'
[0.200s] Level 1:colcon.colcon_core.package_identification:_identify(ros2_shared) by extension 'ignore_ament_install'
[0.200s] Level 1:colcon.colcon_core.package_identification:_identify(ros2_shared) by extensions ['colcon_pkg']
[0.200s] Level 1:colcon.colcon_core.package_identification:_identify(ros2_shared) by extension 'colcon_pkg'
[0.200s] Level 1:colcon.colcon_core.package_identification:_identify(ros2_shared) by extensions ['colcon_meta']
[0.200s] Level 1:colcon.colcon_core.package_identification:_identify(ros2_shared) by extension 'colcon_meta'
[0.200s] Level 1:colcon.colcon_core.package_identification:_identify(ros2_shared) by extensions ['ros']
[0.200s] Level 1:colcon.colcon_core.package_identification:_identify(ros2_shared) by extension 'ros'
[0.203s] DEBUG:colcon.colcon_core.package_identification:Package 'ros2_shared' with type 'ros.ament_cmake' and name 'ros2_shared'
[0.203s] Level 1:colcon.colcon_core.package_identification:_identify(tello_ros) by extensions ['ignore', 'ignore_ament_install']
[0.203s] Level 1:colcon.colcon_core.package_identification:_identify(tello_ros) by extension 'ignore'
[0.203s] Level 1:colcon.colcon_core.package_identification:_identify(tello_ros) by extension 'ignore_ament_install'
[0.203s] Level 1:colcon.colcon_core.package_identification:_identify(tello_ros) by extensions ['colcon_pkg']
[0.203s] Level 1:colcon.colcon_core.package_identification:_identify(tello_ros) by extension 'colcon_pkg'
[0.203s] Level 1:colcon.colcon_core.package_identification:_identify(tello_ros) by extensions ['colcon_meta']
[0.203s] Level 1:colcon.colcon_core.package_identification:_identify(tello_ros) by extension 'colcon_meta'
[0.203s] Level 1:colcon.colcon_core.package_identification:_identify(tello_ros) by extensions ['ros']
[0.203s] Level 1:colcon.colcon_core.package_identification:_identify(tello_ros) by extension 'ros'
[0.203s] Level 1:colcon.colcon_core.package_identification:_identify(tello_ros) by extensions ['cmake', 'python']
[0.203s] Level 1:colcon.colcon_core.package_identification:_identify(tello_ros) by extension 'cmake'
[0.204s] Level 1:colcon.colcon_core.package_identification:_identify(tello_ros) by extension 'python'
[0.204s] Level 1:colcon.colcon_core.package_identification:_identify(tello_ros) by extensions ['python_setup_py']
[0.204s] Level 1:colcon.colcon_core.package_identification:_identify(tello_ros) by extension 'python_setup_py'
[0.204s] Level 1:colcon.colcon_core.package_identification:_identify(tello_ros/docker) by extensions ['ignore', 'ignore_ament_install']
[0.204s] Level 1:colcon.colcon_core.package_identification:_identify(tello_ros/docker) by extension 'ignore'
[0.204s] Level 1:colcon.colcon_core.package_identification:_identify(tello_ros/docker) by extension 'ignore_ament_install'
[0.204s] Level 1:colcon.colcon_core.package_identification:_identify(tello_ros/docker) by extensions ['colcon_pkg']
[0.204s] Level 1:colcon.colcon_core.package_identification:_identify(tello_ros/docker) by extension 'colcon_pkg'
[0.204s] Level 1:colcon.colcon_core.package_identification:_identify(tello_ros/docker) by extensions ['colcon_meta']
[0.204s] Level 1:colcon.colcon_core.package_identification:_identify(tello_ros/docker) by extension 'colcon_meta'
[0.204s] Level 1:colcon.colcon_core.package_identification:_identify(tello_ros/docker) by extensions ['ros']
[0.204s] Level 1:colcon.colcon_core.package_identification:_identify(tello_ros/docker) by extension 'ros'
[0.204s] Level 1:colcon.colcon_core.package_identification:_identify(tello_ros/docker) by extensions ['cmake', 'python']
[0.204s] Level 1:colcon.colcon_core.package_identification:_identify(tello_ros/docker) by extension 'cmake'
[0.204s] Level 1:colcon.colcon_core.package_identification:_identify(tello_ros/docker) by extension 'python'
[0.204s] Level 1:colcon.colcon_core.package_identification:_identify(tello_ros/docker) by extensions ['python_setup_py']
[0.204s] Level 1:colcon.colcon_core.package_identification:_identify(tello_ros/docker) by extension 'python_setup_py'
[0.205s] Level 1:colcon.colcon_core.package_identification:_identify(tello_ros/tello_description) by extensions ['ignore', 'ignore_ament_install']
[0.205s] Level 1:colcon.colcon_core.package_identification:_identify(tello_ros/tello_description) by extension 'ignore'
[0.205s] Level 1:colcon.colcon_core.package_identification:_identify(tello_ros/tello_description) by extension 'ignore_ament_install'
[0.205s] Level 1:colcon.colcon_core.package_identification:_identify(tello_ros/tello_description) by extensions ['colcon_pkg']
[0.205s] Level 1:colcon.colcon_core.package_identification:_identify(tello_ros/tello_description) by extension 'colcon_pkg'
[0.205s] Level 1:colcon.colcon_core.package_identification:_identify(tello_ros/tello_description) by extensions ['colcon_meta']
[0.205s] Level 1:colcon.colcon_core.package_identification:_identify(tello_ros/tello_description) by extension 'colcon_meta'
[0.205s] Level 1:colcon.colcon_core.package_identification:_identify(tello_ros/tello_description) by extensions ['ros']
[0.205s] Level 1:colcon.colcon_core.package_identification:_identify(tello_ros/tello_description) by extension 'ros'
[0.206s] DEBUG:colcon.colcon_core.package_identification:Package 'tello_ros/tello_description' with type 'ros.ament_cmake' and name 'tello_description'
[0.206s] Level 1:colcon.colcon_core.package_identification:_identify(tello_ros/tello_driver) by extensions ['ignore', 'ignore_ament_install']
[0.206s] Level 1:colcon.colcon_core.package_identification:_identify(tello_ros/tello_driver) by extension 'ignore'
[0.206s] Level 1:colcon.colcon_core.package_identification:_identify(tello_ros/tello_driver) by extension 'ignore_ament_install'
[0.206s] Level 1:colcon.colcon_core.package_identification:_identify(tello_ros/tello_driver) by extensions ['colcon_pkg']
[0.206s] Level 1:colcon.colcon_core.package_identification:_identify(tello_ros/tello_driver) by extension 'colcon_pkg'
[0.206s] Level 1:colcon.colcon_core.package_identification:_identify(tello_ros/tello_driver) by extensions ['colcon_meta']
[0.206s] Level 1:colcon.colcon_core.package_identification:_identify(tello_ros/tello_driver) by extension 'colcon_meta'
[0.206s] Level 1:colcon.colcon_core.package_identification:_identify(tello_ros/tello_driver) by extensions ['ros']
[0.206s] Level 1:colcon.colcon_core.package_identification:_identify(tello_ros/tello_driver) by extension 'ros'
[0.208s] DEBUG:colcon.colcon_core.package_identification:Package 'tello_ros/tello_driver' with type 'ros.ament_cmake' and name 'tello_driver'
[0.208s] Level 1:colcon.colcon_core.package_identification:_identify(tello_ros/tello_gazebo) by extensions ['ignore', 'ignore_ament_install']
[0.208s] Level 1:colcon.colcon_core.package_identification:_identify(tello_ros/tello_gazebo) by extension 'ignore'
[0.208s] Level 1:colcon.colcon_core.package_identification:_identify(tello_ros/tello_gazebo) by extension 'ignore_ament_install'
[0.208s] Level 1:colcon.colcon_core.package_identification:_identify(tello_ros/tello_gazebo) by extensions ['colcon_pkg']
[0.208s] Level 1:colcon.colcon_core.package_identification:_identify(tello_ros/tello_gazebo) by extension 'colcon_pkg'
[0.208s] Level 1:colcon.colcon_core.package_identification:_identify(tello_ros/tello_gazebo) by extensions ['colcon_meta']
[0.208s] Level 1:colcon.colcon_core.package_identification:_identify(tello_ros/tello_gazebo) by extension 'colcon_meta'
[0.208s] Level 1:colcon.colcon_core.package_identification:_identify(tello_ros/tello_gazebo) by extensions ['ros']
[0.208s] Level 1:colcon.colcon_core.package_identification:_identify(tello_ros/tello_gazebo) by extension 'ros'
[0.209s] DEBUG:colcon.colcon_core.package_identification:Package 'tello_ros/tello_gazebo' with type 'ros.ament_cmake' and name 'tello_gazebo'
[0.210s] Level 1:colcon.colcon_core.package_identification:_identify(tello_ros/tello_msgs) by extensions ['ignore', 'ignore_ament_install']
[0.210s] Level 1:colcon.colcon_core.package_identification:_identify(tello_ros/tello_msgs) by extension 'ignore'
[0.210s] Level 1:colcon.colcon_core.package_identification:_identify(tello_ros/tello_msgs) by extension 'ignore_ament_install'
[0.210s] Level 1:colcon.colcon_core.package_identification:_identify(tello_ros/tello_msgs) by extensions ['colcon_pkg']
[0.210s] Level 1:colcon.colcon_core.package_identification:_identify(tello_ros/tello_msgs) by extension 'colcon_pkg'
[0.210s] Level 1:colcon.colcon_core.package_identification:_identify(tello_ros/tello_msgs) by extensions ['colcon_meta']
[0.210s] Level 1:colcon.colcon_core.package_identification:_identify(tello_ros/tello_msgs) by extension 'colcon_meta'
[0.210s] Level 1:colcon.colcon_core.package_identification:_identify(tello_ros/tello_msgs) by extensions ['ros']
[0.210s] Level 1:colcon.colcon_core.package_identification:_identify(tello_ros/tello_msgs) by extension 'ros'
[0.211s] DEBUG:colcon.colcon_core.package_identification:Package 'tello_ros/tello_msgs' with type 'ros.ament_cmake' and name 'tello_msgs'
[0.211s] Level 1:colcon.colcon_core.package_discovery:discover_packages(recursive) using defaults
[0.211s] Level 1:colcon.colcon_core.package_discovery:discover_packages(ignore) discover
[0.211s] Level 1:colcon.colcon_core.package_discovery:discover_packages(ignore) using defaults
[0.211s] Level 1:colcon.colcon_core.package_discovery:discover_packages(path) discover
[0.211s] Level 1:colcon.colcon_core.package_discovery:discover_packages(path) using defaults
[0.234s] Level 5:colcon.colcon_core.verb:set package 'ros2_shared' build argument 'cmake_args' from command line to 'None'
[0.234s] Level 5:colcon.colcon_core.verb:set package 'ros2_shared' build argument 'cmake_target' from command line to 'None'
[0.234s] Level 5:colcon.colcon_core.verb:set package 'ros2_shared' build argument 'cmake_target_skip_unavailable' from command line to 'False'
[0.234s] Level 5:colcon.colcon_core.verb:set package 'ros2_shared' build argument 'cmake_clean_cache' from command line to 'False'
[0.234s] Level 5:colcon.colcon_core.verb:set package 'ros2_shared' build argument 'cmake_clean_first' from command line to 'False'
[0.234s] Level 5:colcon.colcon_core.verb:set package 'ros2_shared' build argument 'cmake_force_configure' from command line to 'False'
[0.234s] Level 5:colcon.colcon_core.verb:set package 'ros2_shared' build argument 'ament_cmake_args' from command line to 'None'
[0.234s] Level 5:colcon.colcon_core.verb:set package 'ros2_shared' build argument 'catkin_cmake_args' from command line to 'None'
[0.234s] Level 5:colcon.colcon_core.verb:set package 'ros2_shared' build argument 'catkin_skip_building_tests' from command line to 'False'
[0.234s] DEBUG:colcon.colcon_core.verb:Building package 'ros2_shared' with the following arguments: {'ament_cmake_args': None, 'build_base': '/home/tello/tello_ros_ws/src/build/ros2_shared', 'catkin_cmake_args': None, 'catkin_skip_building_tests': False, 'cmake_args': None, 'cmake_clean_cache': False, 'cmake_clean_first': False, 'cmake_force_configure': False, 'cmake_target': None, 'cmake_target_skip_unavailable': False, 'install_base': '/home/tello/tello_ros_ws/src/install/ros2_shared', 'merge_install': False, 'path': '/home/tello/tello_ros_ws/src/ros2_shared', 'symlink_install': False, 'test_result_base': None}
[0.238s] Level 5:colcon.colcon_core.verb:set package 'tello_description' build argument 'cmake_args' from command line to 'None'
[0.238s] Level 5:colcon.colcon_core.verb:set package 'tello_description' build argument 'cmake_target' from command line to 'None'
[0.238s] Level 5:colcon.colcon_core.verb:set package 'tello_description' build argument 'cmake_target_skip_unavailable' from command line to 'False'
[0.238s] Level 5:colcon.colcon_core.verb:set package 'tello_description' build argument 'cmake_clean_cache' from command line to 'False'
[0.238s] Level 5:colcon.colcon_core.verb:set package 'tello_description' build argument 'cmake_clean_first' from command line to 'False'
[0.238s] Level 5:colcon.colcon_core.verb:set package 'tello_description' build argument 'cmake_force_configure' from command line to 'False'
[0.238s] Level 5:colcon.colcon_core.verb:set package 'tello_description' build argument 'ament_cmake_args' from command line to 'None'
[0.238s] Level 5:colcon.colcon_core.verb:set package 'tello_description' build argument 'catkin_cmake_args' from command line to 'None'
[0.238s] Level 5:colcon.colcon_core.verb:set package 'tello_description' build argument 'catkin_skip_building_tests' from command line to 'False'
[0.238s] DEBUG:colcon.colcon_core.verb:Building package 'tello_description' with the following arguments: {'ament_cmake_args': None, 'build_base': '/home/tello/tello_ros_ws/src/build/tello_description', 'catkin_cmake_args': None, 'catkin_skip_building_tests': False, 'cmake_args': None, 'cmake_clean_cache': False, 'cmake_clean_first': False, 'cmake_force_configure': False, 'cmake_target': None, 'cmake_target_skip_unavailable': False, 'install_base': '/home/tello/tello_ros_ws/src/install/tello_description', 'merge_install': False, 'path': '/home/tello/tello_ros_ws/src/tello_ros/tello_description', 'symlink_install': False, 'test_result_base': None}
[0.241s] Level 5:colcon.colcon_core.verb:set package 'tello_msgs' build argument 'cmake_args' from command line to 'None'
[0.241s] Level 5:colcon.colcon_core.verb:set package 'tello_msgs' build argument 'cmake_target' from command line to 'None'
[0.241s] Level 5:colcon.colcon_core.verb:set package 'tello_msgs' build argument 'cmake_target_skip_unavailable' from command line to 'False'
[0.241s] Level 5:colcon.colcon_core.verb:set package 'tello_msgs' build argument 'cmake_clean_cache' from command line to 'False'
[0.242s] Level 5:colcon.colcon_core.verb:set package 'tello_msgs' build argument 'cmake_clean_first' from command line to 'False'
[0.242s] Level 5:colcon.colcon_core.verb:set package 'tello_msgs' build argument 'cmake_force_configure' from command line to 'False'
[0.242s] Level 5:colcon.colcon_core.verb:set package 'tello_msgs' build argument 'ament_cmake_args' from command line to 'None'
[0.242s] Level 5:colcon.colcon_core.verb:set package 'tello_msgs' build argument 'catkin_cmake_args' from command line to 'None'
[0.242s] Level 5:colcon.colcon_core.verb:set package 'tello_msgs' build argument 'catkin_skip_building_tests' from command line to 'False'
[0.242s] DEBUG:colcon.colcon_core.verb:Building package 'tello_msgs' with the following arguments: {'ament_cmake_args': None, 'build_base': '/home/tello/tello_ros_ws/src/build/tello_msgs', 'catkin_cmake_args': None, 'catkin_skip_building_tests': False, 'cmake_args': None, 'cmake_clean_cache': False, 'cmake_clean_first': False, 'cmake_force_configure': False, 'cmake_target': None, 'cmake_target_skip_unavailable': False, 'install_base': '/home/tello/tello_ros_ws/src/install/tello_msgs', 'merge_install': False, 'path': '/home/tello/tello_ros_ws/src/tello_ros/tello_msgs', 'symlink_install': False, 'test_result_base': None}
[0.245s] Level 5:colcon.colcon_core.verb:set package 'tello_driver' build argument 'cmake_args' from command line to 'None'
[0.245s] Level 5:colcon.colcon_core.verb:set package 'tello_driver' build argument 'cmake_target' from command line to 'None'
[0.245s] Level 5:colcon.colcon_core.verb:set package 'tello_driver' build argument 'cmake_target_skip_unavailable' from command line to 'False'
[0.245s] Level 5:colcon.colcon_core.verb:set package 'tello_driver' build argument 'cmake_clean_cache' from command line to 'False'
[0.245s] Level 5:colcon.colcon_core.verb:set package 'tello_driver' build argument 'cmake_clean_first' from command line to 'False'
[0.245s] Level 5:colcon.colcon_core.verb:set package 'tello_driver' build argument 'cmake_force_configure' from command line to 'False'
[0.245s] Level 5:colcon.colcon_core.verb:set package 'tello_driver' build argument 'ament_cmake_args' from command line to 'None'
[0.245s] Level 5:colcon.colcon_core.verb:set package 'tello_driver' build argument 'catkin_cmake_args' from command line to 'None'
[0.245s] Level 5:colcon.colcon_core.verb:set package 'tello_driver' build argument 'catkin_skip_building_tests' from command line to 'False'
[0.245s] DEBUG:colcon.colcon_core.verb:Building package 'tello_driver' with the following arguments: {'ament_cmake_args': None, 'build_base': '/home/tello/tello_ros_ws/src/build/tello_driver', 'catkin_cmake_args': None, 'catkin_skip_building_tests': False, 'cmake_args': None, 'cmake_clean_cache': False, 'cmake_clean_first': False, 'cmake_force_configure': False, 'cmake_target': None, 'cmake_target_skip_unavailable': False, 'install_base': '/home/tello/tello_ros_ws/src/install/tello_driver', 'merge_install': False, 'path': '/home/tello/tello_ros_ws/src/tello_ros/tello_driver', 'symlink_install': False, 'test_result_base': None}
[0.249s] Level 5:colcon.colcon_core.verb:set package 'tello_gazebo' build argument 'cmake_args' from command line to 'None'
[0.249s] Level 5:colcon.colcon_core.verb:set package 'tello_gazebo' build argument 'cmake_target' from command line to 'None'
[0.249s] Level 5:colcon.colcon_core.verb:set package 'tello_gazebo' build argument 'cmake_target_skip_unavailable' from command line to 'False'
[0.249s] Level 5:colcon.colcon_core.verb:set package 'tello_gazebo' build argument 'cmake_clean_cache' from command line to 'False'
[0.249s] Level 5:colcon.colcon_core.verb:set package 'tello_gazebo' build argument 'cmake_clean_first' from command line to 'False'
[0.249s] Level 5:colcon.colcon_core.verb:set package 'tello_gazebo' build argument 'cmake_force_configure' from command line to 'False'
[0.249s] Level 5:colcon.colcon_core.verb:set package 'tello_gazebo' build argument 'ament_cmake_args' from command line to 'None'
[0.249s] Level 5:colcon.colcon_core.verb:set package 'tello_gazebo' build argument 'catkin_cmake_args' from command line to 'None'
[0.249s] Level 5:colcon.colcon_core.verb:set package 'tello_gazebo' build argument 'catkin_skip_building_tests' from command line to 'False'
[0.249s] DEBUG:colcon.colcon_core.verb:Building package 'tello_gazebo' with the following arguments: {'ament_cmake_args': None, 'build_base': '/home/tello/tello_ros_ws/src/build/tello_gazebo', 'catkin_cmake_args': None, 'catkin_skip_building_tests': False, 'cmake_args': None, 'cmake_clean_cache': False, 'cmake_clean_first': False, 'cmake_force_configure': False, 'cmake_target': None, 'cmake_target_skip_unavailable': False, 'install_base': '/home/tello/tello_ros_ws/src/install/tello_gazebo', 'merge_install': False, 'path': '/home/tello/tello_ros_ws/src/tello_ros/tello_gazebo', 'symlink_install': False, 'test_result_base': None}
[0.249s] INFO:colcon.colcon_core.executor:Executing jobs using 'parallel' executor
[0.251s] DEBUG:colcon.colcon_parallel_executor.executor.parallel:run_until_complete
[0.252s] INFO:colcon.colcon_ros.task.ament_cmake.build:Building ROS package in '/home/tello/tello_ros_ws/src/tello_ros/tello_msgs' with build type 'ament_cmake'
[0.252s] INFO:colcon.colcon_cmake.task.cmake.build:Building CMake package in '/home/tello/tello_ros_ws/src/tello_ros/tello_msgs'
[0.256s] INFO:colcon.colcon_core.plugin_system:Skipping extension 'colcon_core.shell.bat': Not used on non-Windows systems
[0.256s] INFO:colcon.colcon_core.shell:Skip shell extension 'powershell' for command environment: Not usable outside of PowerShell
[0.256s] DEBUG:colcon.colcon_core.shell:Skip shell extension 'dsv' for command environment
[0.258s] DEBUG:colcon.colcon_core.shell:Ignoring prefix path '/opt/ros/eloquent'
[0.261s] INFO:colcon.colcon_ros.task.ament_cmake.build:Building ROS package in '/home/tello/tello_ros_ws/src/ros2_shared' with build type 'ament_cmake'
[0.261s] INFO:colcon.colcon_cmake.task.cmake.build:Building CMake package in '/home/tello/tello_ros_ws/src/ros2_shared'
[0.262s] INFO:colcon.colcon_core.shell:Skip shell extension 'powershell' for command environment: Not usable outside of PowerShell
[0.262s] DEBUG:colcon.colcon_core.shell:Skip shell extension 'dsv' for command environment
[0.264s] DEBUG:colcon.colcon_core.shell:Ignoring prefix path '/opt/ros/eloquent'
[0.273s] DEBUG:colcon.colcon_core.event_handler.log_command:Invoking command in '/home/tello/tello_ros_ws/src/build/tello_msgs': CMAKE_PREFIX_PATH=/opt/ros/eloquent /usr/bin/cmake /home/tello/tello_ros_ws/src/tello_ros/tello_msgs -DCMAKE_INSTALL_PREFIX=/home/tello/tello_ros_ws/src/install/tello_msgs
[0.278s] DEBUG:colcon.colcon_core.event_handler.log_command:Invoking command in '/home/tello/tello_ros_ws/src/build/ros2_shared': CMAKE_PREFIX_PATH=/opt/ros/eloquent /usr/bin/cmake /home/tello/tello_ros_ws/src/ros2_shared -DCMAKE_INSTALL_PREFIX=/home/tello/tello_ros_ws/src/install/ros2_shared
[1.546s] DEBUG:colcon.colcon_core.event_handler.log_command:Invoked command in '/home/tello/tello_ros_ws/src/build/ros2_shared' returned '0': CMAKE_PREFIX_PATH=/opt/ros/eloquent /usr/bin/cmake /home/tello/tello_ros_ws/src/ros2_shared -DCMAKE_INSTALL_PREFIX=/home/tello/tello_ros_ws/src/install/ros2_shared
[1.547s] DEBUG:colcon.colcon_core.event_handler.log_command:Invoking command in '/home/tello/tello_ros_ws/src/build/ros2_shared': CMAKE_PREFIX_PATH=/opt/ros/eloquent /usr/bin/cmake --build /home/tello/tello_ros_ws/src/build/ros2_shared -- -j2 -l2
[1.596s] DEBUG:colcon.colcon_core.event_handler.log_command:Invoked command in '/home/tello/tello_ros_ws/src/build/ros2_shared' returned '0': CMAKE_PREFIX_PATH=/opt/ros/eloquent /usr/bin/cmake --build /home/tello/tello_ros_ws/src/build/ros2_shared -- -j2 -l2
[1.638s] DEBUG:colcon.colcon_core.event_handler.log_command:Invoking command in '/home/tello/tello_ros_ws/src/build/ros2_shared': CMAKE_PREFIX_PATH=/opt/ros/eloquent /usr/bin/cmake --build /home/tello/tello_ros_ws/src/build/ros2_shared --target install -- -j2 -l2
[1.714s] Level 1:colcon.colcon_core.environment:create_environment_scripts_only(ros2_shared)
[1.717s] Level 1:colcon.colcon_core.environment:checking '/home/tello/tello_ros_ws/src/install/ros2_shared' for CMake module files
[1.717s] Level 1:colcon.colcon_core.environment:checking '/home/tello/tello_ros_ws/src/install/ros2_shared' for CMake config files
[1.717s] Level 1:colcon.colcon_core.shell:create_environment_hook('ros2_shared', 'cmake_prefix_path')
[1.718s] INFO:colcon.colcon_core.shell:Creating environment hook '/home/tello/tello_ros_ws/src/install/ros2_shared/share/ros2_shared/hook/cmake_prefix_path.ps1'
[1.719s] INFO:colcon.colcon_core.shell:Creating environment descriptor '/home/tello/tello_ros_ws/src/install/ros2_shared/share/ros2_shared/hook/cmake_prefix_path.dsv'
[1.719s] INFO:colcon.colcon_core.shell:Creating environment hook '/home/tello/tello_ros_ws/src/install/ros2_shared/share/ros2_shared/hook/cmake_prefix_path.sh'
[1.725s] DEBUG:colcon.colcon_core.event_handler.log_command:Invoked command in '/home/tello/tello_ros_ws/src/build/ros2_shared' returned '0': CMAKE_PREFIX_PATH=/opt/ros/eloquent /usr/bin/cmake --build /home/tello/tello_ros_ws/src/build/ros2_shared --target install -- -j2 -l2
[1.726s] Level 1:colcon.colcon_core.environment:checking '/home/tello/tello_ros_ws/src/install/ros2_shared/bin'
[1.726s] Level 1:colcon.colcon_core.environment:checking '/home/tello/tello_ros_ws/src/install/ros2_shared/lib/pkgconfig/ros2_shared.pc'
[1.726s] Level 1:colcon.colcon_core.environment:checking '/home/tello/tello_ros_ws/src/install/ros2_shared/lib/python3.6/site-packages'
[1.727s] INFO:colcon.colcon_core.shell:Creating package script '/home/tello/tello_ros_ws/src/install/ros2_shared/share/ros2_shared/package.ps1'
[1.728s] INFO:colcon.colcon_core.shell:Creating package descriptor '/home/tello/tello_ros_ws/src/install/ros2_shared/share/ros2_shared/package.dsv'
[1.728s] INFO:colcon.colcon_core.shell:Creating package script '/home/tello/tello_ros_ws/src/install/ros2_shared/share/ros2_shared/package.sh'
[1.729s] INFO:colcon.colcon_core.shell:Creating package script '/home/tello/tello_ros_ws/src/install/ros2_shared/share/ros2_shared/package.bash'
[1.730s] INFO:colcon.colcon_core.shell:Creating package script '/home/tello/tello_ros_ws/src/install/ros2_shared/share/ros2_shared/package.zsh'
[1.731s] Level 1:colcon.colcon_core.environment:create_file_with_runtime_dependencies(/home/tello/tello_ros_ws/src/install/ros2_shared/share/colcon-core/packages/ros2_shared)
[1.766s] Level 1:colcon.colcon_core.environment:create_environment_scripts_only(ros2_shared)
[1.767s] Level 1:colcon.colcon_core.environment:checking '/home/tello/tello_ros_ws/src/install/ros2_shared' for CMake module files
[1.768s] Level 1:colcon.colcon_core.environment:checking '/home/tello/tello_ros_ws/src/install/ros2_shared' for CMake config files
[1.768s] Level 1:colcon.colcon_core.shell:create_environment_hook('ros2_shared', 'cmake_prefix_path')
[1.769s] INFO:colcon.colcon_core.shell:Creating environment hook '/home/tello/tello_ros_ws/src/install/ros2_shared/share/ros2_shared/hook/cmake_prefix_path.ps1'
[1.769s] INFO:colcon.colcon_core.shell:Creating environment descriptor '/home/tello/tello_ros_ws/src/install/ros2_shared/share/ros2_shared/hook/cmake_prefix_path.dsv'
[1.770s] INFO:colcon.colcon_core.shell:Creating environment hook '/home/tello/tello_ros_ws/src/install/ros2_shared/share/ros2_shared/hook/cmake_prefix_path.sh'
[1.771s] Level 1:colcon.colcon_core.environment:checking '/home/tello/tello_ros_ws/src/install/ros2_shared/bin'
[1.771s] Level 1:colcon.colcon_core.environment:checking '/home/tello/tello_ros_ws/src/install/ros2_shared/lib/pkgconfig/ros2_shared.pc'
[1.771s] Level 1:colcon.colcon_core.environment:checking '/home/tello/tello_ros_ws/src/install/ros2_shared/lib/python3.6/site-packages'
[1.771s] INFO:colcon.colcon_core.shell:Creating package script '/home/tello/tello_ros_ws/src/install/ros2_shared/share/ros2_shared/package.ps1'
[1.772s] INFO:colcon.colcon_core.shell:Creating package descriptor '/home/tello/tello_ros_ws/src/install/ros2_shared/share/ros2_shared/package.dsv'
[1.773s] INFO:colcon.colcon_core.shell:Creating package script '/home/tello/tello_ros_ws/src/install/ros2_shared/share/ros2_shared/package.sh'
[1.773s] INFO:colcon.colcon_core.shell:Creating package script '/home/tello/tello_ros_ws/src/install/ros2_shared/share/ros2_shared/package.bash'
[1.774s] INFO:colcon.colcon_core.shell:Creating package script '/home/tello/tello_ros_ws/src/install/ros2_shared/share/ros2_shared/package.zsh'
[1.774s] Level 1:colcon.colcon_core.environment:create_file_with_runtime_dependencies(/home/tello/tello_ros_ws/src/install/ros2_shared/share/colcon-core/packages/ros2_shared)
[1.774s] INFO:colcon.colcon_ros.task.ament_cmake.build:Building ROS package in '/home/tello/tello_ros_ws/src/tello_ros/tello_description' with build type 'ament_cmake'
[1.775s] INFO:colcon.colcon_cmake.task.cmake.build:Building CMake package in '/home/tello/tello_ros_ws/src/tello_ros/tello_description'
[1.775s] INFO:colcon.colcon_core.shell:Skip shell extension 'powershell' for command environment: Not usable outside of PowerShell
[1.775s] DEBUG:colcon.colcon_core.shell:Skip shell extension 'dsv' for command environment
[1.778s] DEBUG:colcon.colcon_core.shell:Ignoring prefix path '/opt/ros/eloquent'
[1.792s] DEBUG:colcon.colcon_core.event_handler.log_command:Invoking command in '/home/tello/tello_ros_ws/src/build/tello_description': CMAKE_PREFIX_PATH=/opt/ros/eloquent /usr/bin/cmake /home/tello/tello_ros_ws/src/tello_ros/tello_description -DCMAKE_INSTALL_PREFIX=/home/tello/tello_ros_ws/src/install/tello_description
[2.666s] DEBUG:colcon.colcon_core.event_handler.log_command:Invoked command in '/home/tello/tello_ros_ws/src/build/tello_msgs' returned '0': CMAKE_PREFIX_PATH=/opt/ros/eloquent /usr/bin/cmake /home/tello/tello_ros_ws/src/tello_ros/tello_msgs -DCMAKE_INSTALL_PREFIX=/home/tello/tello_ros_ws/src/install/tello_msgs
[2.670s] DEBUG:colcon.colcon_core.event_handler.log_command:Invoking command in '/home/tello/tello_ros_ws/src/build/tello_msgs': CMAKE_PREFIX_PATH=/opt/ros/eloquent /usr/bin/cmake --build /home/tello/tello_ros_ws/src/build/tello_msgs -- -j2 -l2
[3.206s] DEBUG:colcon.colcon_core.event_handler.log_command:Invoked command in '/home/tello/tello_ros_ws/src/build/tello_description' returned '0': CMAKE_PREFIX_PATH=/opt/ros/eloquent /usr/bin/cmake /home/tello/tello_ros_ws/src/tello_ros/tello_description -DCMAKE_INSTALL_PREFIX=/home/tello/tello_ros_ws/src/install/tello_description
[3.207s] DEBUG:colcon.colcon_core.event_handler.log_command:Invoking command in '/home/tello/tello_ros_ws/src/build/tello_description': CMAKE_PREFIX_PATH=/opt/ros/eloquent /usr/bin/cmake --build /home/tello/tello_ros_ws/src/build/tello_description -- -j2 -l2
[4.168s] DEBUG:colcon.colcon_core.event_handler.log_command:Invoked command in '/home/tello/tello_ros_ws/src/build/tello_description' returned '0': CMAKE_PREFIX_PATH=/opt/ros/eloquent /usr/bin/cmake --build /home/tello/tello_ros_ws/src/build/tello_description -- -j2 -l2
[4.200s] DEBUG:colcon.colcon_core.event_handler.log_command:Invoking command in '/home/tello/tello_ros_ws/src/build/tello_description': CMAKE_PREFIX_PATH=/opt/ros/eloquent /usr/bin/cmake --build /home/tello/tello_ros_ws/src/build/tello_description --target install -- -j2 -l2
[4.551s] Level 1:colcon.colcon_core.environment:create_environment_scripts_only(tello_description)
[4.553s] Level 1:colcon.colcon_core.environment:checking '/home/tello/tello_ros_ws/src/install/tello_description' for CMake module files
[4.553s] DEBUG:colcon.colcon_core.event_handler.log_command:Invoked command in '/home/tello/tello_ros_ws/src/build/tello_description' returned '0': CMAKE_PREFIX_PATH=/opt/ros/eloquent /usr/bin/cmake --build /home/tello/tello_ros_ws/src/build/tello_description --target install -- -j2 -l2
[4.554s] Level 1:colcon.colcon_core.environment:checking '/home/tello/tello_ros_ws/src/install/tello_description' for CMake config files
[4.554s] Level 1:colcon.colcon_core.shell:create_environment_hook('tello_description', 'cmake_prefix_path')
[4.555s] INFO:colcon.colcon_core.shell:Creating environment hook '/home/tello/tello_ros_ws/src/install/tello_description/share/tello_description/hook/cmake_prefix_path.ps1'
[4.555s] INFO:colcon.colcon_core.shell:Creating environment descriptor '/home/tello/tello_ros_ws/src/install/tello_description/share/tello_description/hook/cmake_prefix_path.dsv'
[4.555s] INFO:colcon.colcon_core.shell:Creating environment hook '/home/tello/tello_ros_ws/src/install/tello_description/share/tello_description/hook/cmake_prefix_path.sh'
[4.556s] Level 1:colcon.colcon_core.environment:checking '/home/tello/tello_ros_ws/src/install/tello_description/bin'
[4.557s] Level 1:colcon.colcon_core.environment:checking '/home/tello/tello_ros_ws/src/install/tello_description/lib/pkgconfig/tello_description.pc'
[4.557s] Level 1:colcon.colcon_core.environment:checking '/home/tello/tello_ros_ws/src/install/tello_description/lib/python3.6/site-packages'
[4.557s] INFO:colcon.colcon_core.shell:Creating package script '/home/tello/tello_ros_ws/src/install/tello_description/share/tello_description/package.ps1'
[4.558s] INFO:colcon.colcon_core.shell:Creating package descriptor '/home/tello/tello_ros_ws/src/install/tello_description/share/tello_description/package.dsv'
[4.562s] INFO:colcon.colcon_core.shell:Creating package script '/home/tello/tello_ros_ws/src/install/tello_description/share/tello_description/package.sh'
[4.562s] INFO:colcon.colcon_core.shell:Creating package script '/home/tello/tello_ros_ws/src/install/tello_description/share/tello_description/package.bash'
[4.563s] INFO:colcon.colcon_core.shell:Creating package script '/home/tello/tello_ros_ws/src/install/tello_description/share/tello_description/package.zsh'
[4.563s] Level 1:colcon.colcon_core.environment:create_file_with_runtime_dependencies(/home/tello/tello_ros_ws/src/install/tello_description/share/colcon-core/packages/tello_description)
[4.623s] Level 1:colcon.colcon_core.environment:create_environment_scripts_only(tello_description)
[4.624s] Level 1:colcon.colcon_core.environment:checking '/home/tello/tello_ros_ws/src/install/tello_description' for CMake module files
[4.624s] Level 1:colcon.colcon_core.environment:checking '/home/tello/tello_ros_ws/src/install/tello_description' for CMake config files
[4.625s] Level 1:colcon.colcon_core.shell:create_environment_hook('tello_description', 'cmake_prefix_path')
[4.625s] INFO:colcon.colcon_core.shell:Creating environment hook '/home/tello/tello_ros_ws/src/install/tello_description/share/tello_description/hook/cmake_prefix_path.ps1'
[4.626s] INFO:colcon.colcon_core.shell:Creating environment descriptor '/home/tello/tello_ros_ws/src/install/tello_description/share/tello_description/hook/cmake_prefix_path.dsv'
[4.626s] INFO:colcon.colcon_core.shell:Creating environment hook '/home/tello/tello_ros_ws/src/install/tello_description/share/tello_description/hook/cmake_prefix_path.sh'
[4.627s] Level 1:colcon.colcon_core.environment:checking '/home/tello/tello_ros_ws/src/install/tello_description/bin'
[4.627s] Level 1:colcon.colcon_core.environment:checking '/home/tello/tello_ros_ws/src/install/tello_description/lib/pkgconfig/tello_description.pc'
[4.627s] Level 1:colcon.colcon_core.environment:checking '/home/tello/tello_ros_ws/src/install/tello_description/lib/python3.6/site-packages'
[4.628s] INFO:colcon.colcon_core.shell:Creating package script '/home/tello/tello_ros_ws/src/install/tello_description/share/tello_description/package.ps1'
[4.628s] INFO:colcon.colcon_core.shell:Creating package descriptor '/home/tello/tello_ros_ws/src/install/tello_description/share/tello_description/package.dsv'
[4.634s] INFO:colcon.colcon_core.shell:Creating package script '/home/tello/tello_ros_ws/src/install/tello_description/share/tello_description/package.sh'
[4.634s] INFO:colcon.colcon_core.shell:Creating package script '/home/tello/tello_ros_ws/src/install/tello_description/share/tello_description/package.bash'
[4.635s] INFO:colcon.colcon_core.shell:Creating package script '/home/tello/tello_ros_ws/src/install/tello_description/share/tello_description/package.zsh'
[4.635s] Level 1:colcon.colcon_core.environment:create_file_with_runtime_dependencies(/home/tello/tello_ros_ws/src/install/tello_description/share/colcon-core/packages/tello_description)
[12.022s] DEBUG:colcon.colcon_core.event_handler.log_command:Invoked command in '/home/tello/tello_ros_ws/src/build/tello_msgs' returned '0': CMAKE_PREFIX_PATH=/opt/ros/eloquent /usr/bin/cmake --build /home/tello/tello_ros_ws/src/build/tello_msgs -- -j2 -l2
[12.096s] DEBUG:colcon.colcon_core.event_handler.log_command:Invoking command in '/home/tello/tello_ros_ws/src/build/tello_msgs': CMAKE_PREFIX_PATH=/opt/ros/eloquent /usr/bin/cmake --build /home/tello/tello_ros_ws/src/build/tello_msgs --target install -- -j2 -l2
[12.440s] Level 1:colcon.colcon_core.environment:create_environment_scripts_only(tello_msgs)
[12.441s] DEBUG:colcon.colcon_core.event_handler.log_command:Invoked command in '/home/tello/tello_ros_ws/src/build/tello_msgs' returned '0': CMAKE_PREFIX_PATH=/opt/ros/eloquent /usr/bin/cmake --build /home/tello/tello_ros_ws/src/build/tello_msgs --target install -- -j2 -l2
[12.442s] Level 1:colcon.colcon_core.environment:checking '/home/tello/tello_ros_ws/src/install/tello_msgs' for CMake module files
[12.443s] Level 1:colcon.colcon_core.environment:checking '/home/tello/tello_ros_ws/src/install/tello_msgs' for CMake config files
[12.443s] Level 1:colcon.colcon_core.shell:create_environment_hook('tello_msgs', 'cmake_prefix_path')
[12.444s] INFO:colcon.colcon_core.shell:Creating environment hook '/home/tello/tello_ros_ws/src/install/tello_msgs/share/tello_msgs/hook/cmake_prefix_path.ps1'
[12.445s] INFO:colcon.colcon_core.shell:Creating environment descriptor '/home/tello/tello_ros_ws/src/install/tello_msgs/share/tello_msgs/hook/cmake_prefix_path.dsv'
[12.445s] INFO:colcon.colcon_core.shell:Creating environment hook '/home/tello/tello_ros_ws/src/install/tello_msgs/share/tello_msgs/hook/cmake_prefix_path.sh'
[12.446s] Level 1:colcon.colcon_core.environment:checking '/home/tello/tello_ros_ws/src/install/tello_msgs/lib'
[12.447s] Level 1:colcon.colcon_core.shell:create_environment_hook('tello_msgs', 'ld_library_path_lib')
[12.447s] INFO:colcon.colcon_core.shell:Creating environment hook '/home/tello/tello_ros_ws/src/install/tello_msgs/share/tello_msgs/hook/ld_library_path_lib.ps1'
[12.448s] INFO:colcon.colcon_core.shell:Creating environment descriptor '/home/tello/tello_ros_ws/src/install/tello_msgs/share/tello_msgs/hook/ld_library_path_lib.dsv'
[12.448s] INFO:colcon.colcon_core.shell:Creating environment hook '/home/tello/tello_ros_ws/src/install/tello_msgs/share/tello_msgs/hook/ld_library_path_lib.sh'
[12.449s] Level 1:colcon.colcon_core.environment:checking '/home/tello/tello_ros_ws/src/install/tello_msgs/bin'
[12.449s] Level 1:colcon.colcon_core.environment:checking '/home/tello/tello_ros_ws/src/install/tello_msgs/lib/pkgconfig/tello_msgs.pc'
[12.449s] Level 1:colcon.colcon_core.environment:checking '/home/tello/tello_ros_ws/src/install/tello_msgs/lib/python3.6/site-packages'
[12.449s] Level 1:colcon.colcon_core.shell:create_environment_hook('tello_msgs', 'pythonpath')
[12.449s] INFO:colcon.colcon_core.shell:Creating environment hook '/home/tello/tello_ros_ws/src/install/tello_msgs/share/tello_msgs/hook/pythonpath.ps1'
[12.450s] INFO:colcon.colcon_core.shell:Creating environment descriptor '/home/tello/tello_ros_ws/src/install/tello_msgs/share/tello_msgs/hook/pythonpath.dsv'
[12.450s] INFO:colcon.colcon_core.shell:Creating environment hook '/home/tello/tello_ros_ws/src/install/tello_msgs/share/tello_msgs/hook/pythonpath.sh'
[12.451s] INFO:colcon.colcon_core.shell:Creating package script '/home/tello/tello_ros_ws/src/install/tello_msgs/share/tello_msgs/package.ps1'
[12.451s] INFO:colcon.colcon_core.shell:Creating package descriptor '/home/tello/tello_ros_ws/src/install/tello_msgs/share/tello_msgs/package.dsv'
[12.452s] INFO:colcon.colcon_core.shell:Creating package script '/home/tello/tello_ros_ws/src/install/tello_msgs/share/tello_msgs/package.sh'
[12.452s] INFO:colcon.colcon_core.shell:Creating package script '/home/tello/tello_ros_ws/src/install/tello_msgs/share/tello_msgs/package.bash'
[12.453s] INFO:colcon.colcon_core.shell:Creating package script '/home/tello/tello_ros_ws/src/install/tello_msgs/share/tello_msgs/package.zsh'
[12.453s] Level 1:colcon.colcon_core.environment:create_file_with_runtime_dependencies(/home/tello/tello_ros_ws/src/install/tello_msgs/share/colcon-core/packages/tello_msgs)
[12.522s] Level 1:colcon.colcon_core.environment:create_environment_scripts_only(tello_msgs)
[12.523s] Level 1:colcon.colcon_core.environment:checking '/home/tello/tello_ros_ws/src/install/tello_msgs' for CMake module files
[12.523s] Level 1:colcon.colcon_core.environment:checking '/home/tello/tello_ros_ws/src/install/tello_msgs' for CMake config files
[12.523s] Level 1:colcon.colcon_core.shell:create_environment_hook('tello_msgs', 'cmake_prefix_path')
[12.524s] INFO:colcon.colcon_core.shell:Creating environment hook '/home/tello/tello_ros_ws/src/install/tello_msgs/share/tello_msgs/hook/cmake_prefix_path.ps1'
[12.524s] INFO:colcon.colcon_core.shell:Creating environment descriptor '/home/tello/tello_ros_ws/src/install/tello_msgs/share/tello_msgs/hook/cmake_prefix_path.dsv'
[12.525s] INFO:colcon.colcon_core.shell:Creating environment hook '/home/tello/tello_ros_ws/src/install/tello_msgs/share/tello_msgs/hook/cmake_prefix_path.sh'
[12.526s] Level 1:colcon.colcon_core.environment:checking '/home/tello/tello_ros_ws/src/install/tello_msgs/lib'
[12.526s] Level 1:colcon.colcon_core.shell:create_environment_hook('tello_msgs', 'ld_library_path_lib')
[12.526s] INFO:colcon.colcon_core.shell:Creating environment hook '/home/tello/tello_ros_ws/src/install/tello_msgs/share/tello_msgs/hook/ld_library_path_lib.ps1'
[12.527s] INFO:colcon.colcon_core.shell:Creating environment descriptor '/home/tello/tello_ros_ws/src/install/tello_msgs/share/tello_msgs/hook/ld_library_path_lib.dsv'
[12.527s] INFO:colcon.colcon_core.shell:Creating environment hook '/home/tello/tello_ros_ws/src/install/tello_msgs/share/tello_msgs/hook/ld_library_path_lib.sh'
[12.527s] Level 1:colcon.colcon_core.environment:checking '/home/tello/tello_ros_ws/src/install/tello_msgs/bin'
[12.528s] Level 1:colcon.colcon_core.environment:checking '/home/tello/tello_ros_ws/src/install/tello_msgs/lib/pkgconfig/tello_msgs.pc'
[12.528s] Level 1:colcon.colcon_core.environment:checking '/home/tello/tello_ros_ws/src/install/tello_msgs/lib/python3.6/site-packages'
[12.528s] Level 1:colcon.colcon_core.shell:create_environment_hook('tello_msgs', 'pythonpath')
[12.528s] INFO:colcon.colcon_core.shell:Creating environment hook '/home/tello/tello_ros_ws/src/install/tello_msgs/share/tello_msgs/hook/pythonpath.ps1'
[12.529s] INFO:colcon.colcon_core.shell:Creating environment descriptor '/home/tello/tello_ros_ws/src/install/tello_msgs/share/tello_msgs/hook/pythonpath.dsv'
[12.529s] INFO:colcon.colcon_core.shell:Creating environment hook '/home/tello/tello_ros_ws/src/install/tello_msgs/share/tello_msgs/hook/pythonpath.sh'
[12.530s] INFO:colcon.colcon_core.shell:Creating package script '/home/tello/tello_ros_ws/src/install/tello_msgs/share/tello_msgs/package.ps1'
[12.531s] INFO:colcon.colcon_core.shell:Creating package descriptor '/home/tello/tello_ros_ws/src/install/tello_msgs/share/tello_msgs/package.dsv'
[12.531s] INFO:colcon.colcon_core.shell:Creating package script '/home/tello/tello_ros_ws/src/install/tello_msgs/share/tello_msgs/package.sh'
[12.532s] INFO:colcon.colcon_core.shell:Creating package script '/home/tello/tello_ros_ws/src/install/tello_msgs/share/tello_msgs/package.bash'
[12.532s] INFO:colcon.colcon_core.shell:Creating package script '/home/tello/tello_ros_ws/src/install/tello_msgs/share/tello_msgs/package.zsh'
[12.533s] Level 1:colcon.colcon_core.environment:create_file_with_runtime_dependencies(/home/tello/tello_ros_ws/src/install/tello_msgs/share/colcon-core/packages/tello_msgs)
[12.533s] INFO:colcon.colcon_ros.task.ament_cmake.build:Building ROS package in '/home/tello/tello_ros_ws/src/tello_ros/tello_driver' with build type 'ament_cmake'
[12.533s] INFO:colcon.colcon_cmake.task.cmake.build:Building CMake package in '/home/tello/tello_ros_ws/src/tello_ros/tello_driver'
[12.534s] INFO:colcon.colcon_core.shell:Skip shell extension 'powershell' for command environment: Not usable outside of PowerShell
[12.534s] DEBUG:colcon.colcon_core.shell:Skip shell extension 'dsv' for command environment
[12.536s] DEBUG:colcon.colcon_core.shell:Ignoring prefix path '/opt/ros/eloquent'
[12.538s] INFO:colcon.colcon_ros.task.ament_cmake.build:Building ROS package in '/home/tello/tello_ros_ws/src/tello_ros/tello_gazebo' with build type 'ament_cmake'
[12.538s] INFO:colcon.colcon_cmake.task.cmake.build:Building CMake package in '/home/tello/tello_ros_ws/src/tello_ros/tello_gazebo'
[12.539s] INFO:colcon.colcon_core.shell:Skip shell extension 'powershell' for command environment: Not usable outside of PowerShell
[12.539s] DEBUG:colcon.colcon_core.shell:Skip shell extension 'dsv' for command environment
[12.541s] DEBUG:colcon.colcon_core.shell:Ignoring prefix path '/opt/ros/eloquent'
[12.549s] DEBUG:colcon.colcon_core.event_handler.log_command:Invoking command in '/home/tello/tello_ros_ws/src/build/tello_driver': AMENT_PREFIX_PATH=/home/tello/tello_ros_ws/src/install/tello_msgs:/home/tello/tello_ros_ws/src/install/ros2_shared:${AMENT_PREFIX_PATH} CMAKE_PREFIX_PATH=/home/tello/tello_ros_ws/src/install/tello_msgs:/home/tello/tello_ros_ws/src/install/ros2_shared:/opt/ros/eloquent LD_LIBRARY_PATH=/home/tello/tello_ros_ws/src/install/tello_msgs/lib:${LD_LIBRARY_PATH} PYTHONPATH=/home/tello/tello_ros_ws/src/install/tello_msgs/lib/python3.6/site-packages:${PYTHONPATH} /usr/bin/cmake /home/tello/tello_ros_ws/src/tello_ros/tello_driver -DCMAKE_INSTALL_PREFIX=/home/tello/tello_ros_ws/src/install/tello_driver
[12.564s] DEBUG:colcon.colcon_core.event_handler.log_command:Invoking command in '/home/tello/tello_ros_ws/src/build/tello_gazebo': AMENT_PREFIX_PATH=/home/tello/tello_ros_ws/src/install/tello_msgs:${AMENT_PREFIX_PATH} CMAKE_PREFIX_PATH=/home/tello/tello_ros_ws/src/install/tello_msgs:/opt/ros/eloquent LD_LIBRARY_PATH=/home/tello/tello_ros_ws/src/install/tello_msgs/lib:${LD_LIBRARY_PATH} PYTHONPATH=/home/tello/tello_ros_ws/src/install/tello_msgs/lib/python3.6/site-packages:${PYTHONPATH} /usr/bin/cmake /home/tello/tello_ros_ws/src/tello_ros/tello_gazebo -DCMAKE_INSTALL_PREFIX=/home/tello/tello_ros_ws/src/install/tello_gazebo
[14.774s] DEBUG:colcon.colcon_core.event_handler.log_command:Invoked command in '/home/tello/tello_ros_ws/src/build/tello_driver' returned '0': AMENT_PREFIX_PATH=/home/tello/tello_ros_ws/src/install/tello_msgs:/home/tello/tello_ros_ws/src/install/ros2_shared:${AMENT_PREFIX_PATH} CMAKE_PREFIX_PATH=/home/tello/tello_ros_ws/src/install/tello_msgs:/home/tello/tello_ros_ws/src/install/ros2_shared:/opt/ros/eloquent LD_LIBRARY_PATH=/home/tello/tello_ros_ws/src/install/tello_msgs/lib:${LD_LIBRARY_PATH} PYTHONPATH=/home/tello/tello_ros_ws/src/install/tello_msgs/lib/python3.6/site-packages:${PYTHONPATH} /usr/bin/cmake /home/tello/tello_ros_ws/src/tello_ros/tello_driver -DCMAKE_INSTALL_PREFIX=/home/tello/tello_ros_ws/src/install/tello_driver
[14.777s] DEBUG:colcon.colcon_core.event_handler.log_command:Invoking command in '/home/tello/tello_ros_ws/src/build/tello_driver': AMENT_PREFIX_PATH=/home/tello/tello_ros_ws/src/install/tello_msgs:/home/tello/tello_ros_ws/src/install/ros2_shared:${AMENT_PREFIX_PATH} CMAKE_PREFIX_PATH=/home/tello/tello_ros_ws/src/install/tello_msgs:/home/tello/tello_ros_ws/src/install/ros2_shared:/opt/ros/eloquent LD_LIBRARY_PATH=/home/tello/tello_ros_ws/src/install/tello_msgs/lib:${LD_LIBRARY_PATH} PYTHONPATH=/home/tello/tello_ros_ws/src/install/tello_msgs/lib/python3.6/site-packages:${PYTHONPATH} /usr/bin/cmake --build /home/tello/tello_ros_ws/src/build/tello_driver -- -j2 -l2
[17.678s] DEBUG:colcon.colcon_core.event_handler.log_command:Invoked command in '/home/tello/tello_ros_ws/src/build/tello_gazebo' returned '0': AMENT_PREFIX_PATH=/home/tello/tello_ros_ws/src/install/tello_msgs:${AMENT_PREFIX_PATH} CMAKE_PREFIX_PATH=/home/tello/tello_ros_ws/src/install/tello_msgs:/opt/ros/eloquent LD_LIBRARY_PATH=/home/tello/tello_ros_ws/src/install/tello_msgs/lib:${LD_LIBRARY_PATH} PYTHONPATH=/home/tello/tello_ros_ws/src/install/tello_msgs/lib/python3.6/site-packages:${PYTHONPATH} /usr/bin/cmake /home/tello/tello_ros_ws/src/tello_ros/tello_gazebo -DCMAKE_INSTALL_PREFIX=/home/tello/tello_ros_ws/src/install/tello_gazebo
[17.679s] DEBUG:colcon.colcon_core.event_handler.log_command:Invoking command in '/home/tello/tello_ros_ws/src/build/tello_gazebo': AMENT_PREFIX_PATH=/home/tello/tello_ros_ws/src/install/tello_msgs:${AMENT_PREFIX_PATH} CMAKE_PREFIX_PATH=/home/tello/tello_ros_ws/src/install/tello_msgs:/opt/ros/eloquent LD_LIBRARY_PATH=/home/tello/tello_ros_ws/src/install/tello_msgs/lib:${LD_LIBRARY_PATH} PYTHONPATH=/home/tello/tello_ros_ws/src/install/tello_msgs/lib/python3.6/site-packages:${PYTHONPATH} /usr/bin/cmake --build /home/tello/tello_ros_ws/src/build/tello_gazebo -- -j2 -l2
[35.011s] DEBUG:colcon.colcon_core.event_handler.log_command:Invoked command in '/home/tello/tello_ros_ws/src/build/tello_gazebo' returned '0': AMENT_PREFIX_PATH=/home/tello/tello_ros_ws/src/install/tello_msgs:${AMENT_PREFIX_PATH} CMAKE_PREFIX_PATH=/home/tello/tello_ros_ws/src/install/tello_msgs:/opt/ros/eloquent LD_LIBRARY_PATH=/home/tello/tello_ros_ws/src/install/tello_msgs/lib:${LD_LIBRARY_PATH} PYTHONPATH=/home/tello/tello_ros_ws/src/install/tello_msgs/lib/python3.6/site-packages:${PYTHONPATH} /usr/bin/cmake --build /home/tello/tello_ros_ws/src/build/tello_gazebo -- -j2 -l2
[35.234s] DEBUG:colcon.colcon_core.event_handler.log_command:Invoking command in '/home/tello/tello_ros_ws/src/build/tello_gazebo': AMENT_PREFIX_PATH=/home/tello/tello_ros_ws/src/install/tello_msgs:${AMENT_PREFIX_PATH} CMAKE_PREFIX_PATH=/home/tello/tello_ros_ws/src/install/tello_msgs:/opt/ros/eloquent LD_LIBRARY_PATH=/home/tello/tello_ros_ws/src/install/tello_msgs/lib:${LD_LIBRARY_PATH} PYTHONPATH=/home/tello/tello_ros_ws/src/install/tello_msgs/lib/python3.6/site-packages:${PYTHONPATH} /usr/bin/cmake --build /home/tello/tello_ros_ws/src/build/tello_gazebo --target install -- -j2 -l2
[35.652s] Level 1:colcon.colcon_core.environment:create_environment_scripts_only(tello_gazebo)
[35.653s] Level 1:colcon.colcon_core.environment:checking '/home/tello/tello_ros_ws/src/install/tello_gazebo' for CMake module files
[35.654s] DEBUG:colcon.colcon_core.event_handler.log_command:Invoked command in '/home/tello/tello_ros_ws/src/build/tello_gazebo' returned '0': AMENT_PREFIX_PATH=/home/tello/tello_ros_ws/src/install/tello_msgs:${AMENT_PREFIX_PATH} CMAKE_PREFIX_PATH=/home/tello/tello_ros_ws/src/install/tello_msgs:/opt/ros/eloquent LD_LIBRARY_PATH=/home/tello/tello_ros_ws/src/install/tello_msgs/lib:${LD_LIBRARY_PATH} PYTHONPATH=/home/tello/tello_ros_ws/src/install/tello_msgs/lib/python3.6/site-packages:${PYTHONPATH} /usr/bin/cmake --build /home/tello/tello_ros_ws/src/build/tello_gazebo --target install -- -j2 -l2
[35.655s] Level 1:colcon.colcon_core.environment:checking '/home/tello/tello_ros_ws/src/install/tello_gazebo' for CMake config files
[35.655s] Level 1:colcon.colcon_core.shell:create_environment_hook('tello_gazebo', 'cmake_prefix_path')
[35.656s] INFO:colcon.colcon_core.shell:Creating environment hook '/home/tello/tello_ros_ws/src/install/tello_gazebo/share/tello_gazebo/hook/cmake_prefix_path.ps1'
[35.657s] INFO:colcon.colcon_core.shell:Creating environment descriptor '/home/tello/tello_ros_ws/src/install/tello_gazebo/share/tello_gazebo/hook/cmake_prefix_path.dsv'
[35.657s] INFO:colcon.colcon_core.shell:Creating environment hook '/home/tello/tello_ros_ws/src/install/tello_gazebo/share/tello_gazebo/hook/cmake_prefix_path.sh'
[35.658s] Level 1:colcon.colcon_core.environment:checking '/home/tello/tello_ros_ws/src/install/tello_gazebo/lib'
[35.658s] Level 1:colcon.colcon_core.shell:create_environment_hook('tello_gazebo', 'ld_library_path_lib')
[35.658s] INFO:colcon.colcon_core.shell:Creating environment hook '/home/tello/tello_ros_ws/src/install/tello_gazebo/share/tello_gazebo/hook/ld_library_path_lib.ps1'
[35.659s] INFO:colcon.colcon_core.shell:Creating environment descriptor '/home/tello/tello_ros_ws/src/install/tello_gazebo/share/tello_gazebo/hook/ld_library_path_lib.dsv'
[35.659s] INFO:colcon.colcon_core.shell:Creating environment hook '/home/tello/tello_ros_ws/src/install/tello_gazebo/share/tello_gazebo/hook/ld_library_path_lib.sh'
[35.660s] Level 1:colcon.colcon_core.environment:checking '/home/tello/tello_ros_ws/src/install/tello_gazebo/bin'
[35.660s] Level 1:colcon.colcon_core.environment:checking '/home/tello/tello_ros_ws/src/install/tello_gazebo/lib/pkgconfig/tello_gazebo.pc'
[35.660s] Level 1:colcon.colcon_core.environment:checking '/home/tello/tello_ros_ws/src/install/tello_gazebo/lib/python3.6/site-packages'
[35.660s] INFO:colcon.colcon_core.shell:Creating package script '/home/tello/tello_ros_ws/src/install/tello_gazebo/share/tello_gazebo/package.ps1'
[35.670s] INFO:colcon.colcon_core.shell:Creating package descriptor '/home/tello/tello_ros_ws/src/install/tello_gazebo/share/tello_gazebo/package.dsv'
[35.670s] INFO:colcon.colcon_core.shell:Creating package script '/home/tello/tello_ros_ws/src/install/tello_gazebo/share/tello_gazebo/package.sh'
[35.671s] INFO:colcon.colcon_core.shell:Creating package script '/home/tello/tello_ros_ws/src/install/tello_gazebo/share/tello_gazebo/package.bash'
[35.671s] INFO:colcon.colcon_core.shell:Creating package script '/home/tello/tello_ros_ws/src/install/tello_gazebo/share/tello_gazebo/package.zsh'
[35.672s] Level 1:colcon.colcon_core.environment:create_file_with_runtime_dependencies(/home/tello/tello_ros_ws/src/install/tello_gazebo/share/colcon-core/packages/tello_gazebo)
[35.893s] Level 1:colcon.colcon_core.environment:create_environment_scripts_only(tello_gazebo)
[35.894s] Level 1:colcon.colcon_core.environment:checking '/home/tello/tello_ros_ws/src/install/tello_gazebo' for CMake module files
[35.895s] Level 1:colcon.colcon_core.environment:checking '/home/tello/tello_ros_ws/src/install/tello_gazebo' for CMake config files
[35.896s] Level 1:colcon.colcon_core.shell:create_environment_hook('tello_gazebo', 'cmake_prefix_path')
[35.896s] INFO:colcon.colcon_core.shell:Creating environment hook '/home/tello/tello_ros_ws/src/install/tello_gazebo/share/tello_gazebo/hook/cmake_prefix_path.ps1'
[35.897s] INFO:colcon.colcon_core.shell:Creating environment descriptor '/home/tello/tello_ros_ws/src/install/tello_gazebo/share/tello_gazebo/hook/cmake_prefix_path.dsv'
[35.898s] INFO:colcon.colcon_core.shell:Creating environment hook '/home/tello/tello_ros_ws/src/install/tello_gazebo/share/tello_gazebo/hook/cmake_prefix_path.sh'
[35.898s] Level 1:colcon.colcon_core.environment:checking '/home/tello/tello_ros_ws/src/install/tello_gazebo/lib'
[35.899s] Level 1:colcon.colcon_core.shell:create_environment_hook('tello_gazebo', 'ld_library_path_lib')
[35.899s] INFO:colcon.colcon_core.shell:Creating environment hook '/home/tello/tello_ros_ws/src/install/tello_gazebo/share/tello_gazebo/hook/ld_library_path_lib.ps1'
[35.900s] INFO:colcon.colcon_core.shell:Creating environment descriptor '/home/tello/tello_ros_ws/src/install/tello_gazebo/share/tello_gazebo/hook/ld_library_path_lib.dsv'
[35.900s] INFO:colcon.colcon_core.shell:Creating environment hook '/home/tello/tello_ros_ws/src/install/tello_gazebo/share/tello_gazebo/hook/ld_library_path_lib.sh'
[35.900s] Level 1:colcon.colcon_core.environment:checking '/home/tello/tello_ros_ws/src/install/tello_gazebo/bin'
[35.900s] Level 1:colcon.colcon_core.environment:checking '/home/tello/tello_ros_ws/src/install/tello_gazebo/lib/pkgconfig/tello_gazebo.pc'
[35.900s] Level 1:colcon.colcon_core.environment:checking '/home/tello/tello_ros_ws/src/install/tello_gazebo/lib/python3.6/site-packages'
[35.905s] INFO:colcon.colcon_core.shell:Creating package script '/home/tello/tello_ros_ws/src/install/tello_gazebo/share/tello_gazebo/package.ps1'
[35.906s] INFO:colcon.colcon_core.shell:Creating package descriptor '/home/tello/tello_ros_ws/src/install/tello_gazebo/share/tello_gazebo/package.dsv'
[35.907s] INFO:colcon.colcon_core.shell:Creating package script '/home/tello/tello_ros_ws/src/install/tello_gazebo/share/tello_gazebo/package.sh'
[35.907s] INFO:colcon.colcon_core.shell:Creating package script '/home/tello/tello_ros_ws/src/install/tello_gazebo/share/tello_gazebo/package.bash'
[35.909s] INFO:colcon.colcon_core.shell:Creating package script '/home/tello/tello_ros_ws/src/install/tello_gazebo/share/tello_gazebo/package.zsh'
[35.910s] Level 1:colcon.colcon_core.environment:create_file_with_runtime_dependencies(/home/tello/tello_ros_ws/src/install/tello_gazebo/share/colcon-core/packages/tello_gazebo)
[44.295s] DEBUG:colcon.colcon_core.event_handler.log_command:Invoked command in '/home/tello/tello_ros_ws/src/build/tello_driver' returned '2': AMENT_PREFIX_PATH=/home/tello/tello_ros_ws/src/install/tello_msgs:/home/tello/tello_ros_ws/src/install/ros2_shared:${AMENT_PREFIX_PATH} CMAKE_PREFIX_PATH=/home/tello/tello_ros_ws/src/install/tello_msgs:/home/tello/tello_ros_ws/src/install/ros2_shared:/opt/ros/eloquent LD_LIBRARY_PATH=/home/tello/tello_ros_ws/src/install/tello_msgs/lib:${LD_LIBRARY_PATH} PYTHONPATH=/home/tello/tello_ros_ws/src/install/tello_msgs/lib/python3.6/site-packages:${PYTHONPATH} /usr/bin/cmake --build /home/tello/tello_ros_ws/src/build/tello_driver -- -j2 -l2
[44.338s] Level 1:colcon.colcon_core.environment:create_environment_scripts_only(tello_driver)
[44.339s] Level 1:colcon.colcon_core.environment:checking '/home/tello/tello_ros_ws/src/install/tello_driver' for CMake module files
[44.339s] Level 1:colcon.colcon_core.environment:checking '/home/tello/tello_ros_ws/src/install/tello_driver' for CMake config files
[44.340s] Level 1:colcon.colcon_core.environment:checking '/home/tello/tello_ros_ws/src/install/tello_driver/bin'
[44.340s] Level 1:colcon.colcon_core.environment:checking '/home/tello/tello_ros_ws/src/install/tello_driver/lib/pkgconfig/tello_driver.pc'
[44.340s] Level 1:colcon.colcon_core.environment:checking '/home/tello/tello_ros_ws/src/install/tello_driver/lib/python3.6/site-packages'
[44.340s] INFO:colcon.colcon_core.shell:Creating package script '/home/tello/tello_ros_ws/src/install/tello_driver/share/tello_driver/package.ps1'
[44.341s] INFO:colcon.colcon_core.shell:Creating package descriptor '/home/tello/tello_ros_ws/src/install/tello_driver/share/tello_driver/package.dsv'
[44.342s] INFO:colcon.colcon_core.shell:Creating package script '/home/tello/tello_ros_ws/src/install/tello_driver/share/tello_driver/package.sh'
[44.342s] INFO:colcon.colcon_core.shell:Creating package script '/home/tello/tello_ros_ws/src/install/tello_driver/share/tello_driver/package.bash'
[44.343s] INFO:colcon.colcon_core.shell:Creating package script '/home/tello/tello_ros_ws/src/install/tello_driver/share/tello_driver/package.zsh'
[44.343s] Level 1:colcon.colcon_core.environment:create_file_with_runtime_dependencies(/home/tello/tello_ros_ws/src/install/tello_driver/share/colcon-core/packages/tello_driver)
[44.354s] DEBUG:colcon.colcon_parallel_executor.executor.parallel:closing loop
[44.354s] DEBUG:colcon.colcon_parallel_executor.executor.parallel:loop closed
[44.355s] DEBUG:colcon.colcon_parallel_executor.executor.parallel:run_until_complete finished with '2'
[44.355s] DEBUG:colcon.colcon_core.event_reactor:joining thread
[44.365s] INFO:colcon.colcon_core.plugin_system:Skipping extension 'colcon_notification.desktop_notification.terminal_notifier': Not used on non-Darwin systems
[44.366s] INFO:colcon.colcon_core.plugin_system:Skipping extension 'colcon_notification.desktop_notification.win32': Not used on non-Windows systems
[44.366s] INFO:colcon.colcon_notification.desktop_notification:Sending desktop notification using 'notify2'
[44.369s] DEBUG:colcon.colcon_core.event_reactor:joined thread
[44.374s] INFO:colcon.colcon_core.shell:Creating prefix script '/home/tello/tello_ros_ws/src/install/local_setup.ps1'
[44.375s] INFO:colcon.colcon_core.shell:Creating prefix util module '/home/tello/tello_ros_ws/src/install/_local_setup_util_ps1.py'
[44.377s] INFO:colcon.colcon_core.shell:Creating prefix chain script '/home/tello/tello_ros_ws/src/install/setup.ps1'
[44.380s] INFO:colcon.colcon_core.shell:Creating prefix script '/home/tello/tello_ros_ws/src/install/local_setup.sh'
[44.381s] INFO:colcon.colcon_core.shell:Creating prefix util module '/home/tello/tello_ros_ws/src/install/_local_setup_util_sh.py'
[44.381s] INFO:colcon.colcon_core.shell:Creating prefix chain script '/home/tello/tello_ros_ws/src/install/setup.sh'
[44.384s] INFO:colcon.colcon_core.shell:Creating prefix script '/home/tello/tello_ros_ws/src/install/local_setup.bash'
[44.385s] INFO:colcon.colcon_core.shell:Creating prefix chain script '/home/tello/tello_ros_ws/src/install/setup.bash'
[44.389s] INFO:colcon.colcon_core.shell:Creating prefix script '/home/tello/tello_ros_ws/src/install/local_setup.zsh'
[44.389s] INFO:colcon.colcon_core.shell:Creating prefix chain script '/home/tello/tello_ros_ws/src/install/setup.zsh'
