[0.056s] Invoking command in '/home/tello/tello_ros_ws/build/tello_msgs': CMAKE_PREFIX_PATH=/opt/ros/eloquent /usr/bin/cmake --build /home/tello/tello_ros_ws/build/tello_msgs -- -j3 -l3
[0.160s] [  2%] Built target tello_msgs__cpp
[0.162s] [ 13%] Built target tello_msgs__rosidl_generator_c
[0.227s] [ 24%] Built target tello_msgs__rosidl_typesupport_fastrtps_cpp
[0.230s] [ 35%] Built target tello_msgs__rosidl_typesupport_introspection_c
[0.235s] [ 46%] Built target tello_msgs__rosidl_typesupport_introspection_cpp
[0.300s] [ 57%] Built target tello_msgs__rosidl_typesupport_fastrtps_c
[0.320s] [ 68%] Built target tello_msgs__rosidl_typesupport_cpp
[0.353s] [ 80%] Built target tello_msgs__rosidl_typesupport_c
[0.386s] [ 80%] Built target tello_msgs
[0.415s] [ 82%] Built target tello_msgs__py
[0.455s] [ 91%] Built target tello_msgs__python
[0.511s] [ 95%] Built target tello_msgs__rosidl_typesupport_c__pyext
[0.534s] [100%] Built target tello_msgs__rosidl_typesupport_fastrtps_c__pyext
[0.554s] Invoked command in '/home/tello/tello_ros_ws/build/tello_msgs' returned '0': CMAKE_PREFIX_PATH=/opt/ros/eloquent /usr/bin/cmake --build /home/tello/tello_ros_ws/build/tello_msgs -- -j3 -l3
[0.748s] Invoking command in '/home/tello/tello_ros_ws/build/tello_msgs': CMAKE_PREFIX_PATH=/opt/ros/eloquent /usr/bin/cmake --build /home/tello/tello_ros_ws/build/tello_msgs --target install -- -j3 -l3
[0.825s] [  2%] Built target tello_msgs__cpp
[0.828s] [ 13%] Built target tello_msgs__rosidl_generator_c
[0.870s] [ 24%] Built target tello_msgs__rosidl_typesupport_introspection_cpp
[0.878s] [ 35%] Built target tello_msgs__rosidl_typesupport_introspection_c
[0.880s] [ 46%] Built target tello_msgs__rosidl_typesupport_fastrtps_cpp
[0.923s] [ 57%] Built target tello_msgs__rosidl_typesupport_cpp
[0.926s] [ 68%] Built target tello_msgs__rosidl_typesupport_fastrtps_c
[0.959s] [ 80%] Built target tello_msgs__rosidl_typesupport_c
[0.987s] [ 80%] Built target tello_msgs
[1.014s] [ 82%] Built target tello_msgs__py
[1.052s] [ 91%] Built target tello_msgs__python
[1.082s] [100%] Built target tello_msgs__rosidl_typesupport_c__pyext
[1.082s] [100%] Built target tello_msgs__rosidl_typesupport_fastrtps_c__pyext
[1.107s] [36mInstall the project...[0m
[1.118s] -- Install configuration: ""
[1.118s] -- Up-to-date: /home/tello/tello_ros_ws/install/tello_msgs/share/ament_index/resource_index/rosidl_interfaces/tello_msgs
[1.118s] -- Up-to-date: /home/tello/tello_ros_ws/install/tello_msgs/lib/libtello_msgs__rosidl_typesupport_c.so
[1.118s] -- Up-to-date: /home/tello/tello_ros_ws/install/tello_msgs/share/tello_msgs/environment/library_path.sh
[1.118s] -- Up-to-date: /home/tello/tello_ros_ws/install/tello_msgs/share/tello_msgs/environment/library_path.dsv
[1.119s] -- Up-to-date: /home/tello/tello_ros_ws/install/tello_msgs/lib/libtello_msgs__rosidl_typesupport_cpp.so
[1.119s] -- Up-to-date: /home/tello/tello_ros_ws/install/tello_msgs/include/tello_msgs
[1.119s] -- Up-to-date: /home/tello/tello_ros_ws/install/tello_msgs/include/tello_msgs/msg
[1.119s] -- Up-to-date: /home/tello/tello_ros_ws/install/tello_msgs/include/tello_msgs/msg/flight_data__rosidl_typesupport_fastrtps_c.h
[1.119s] -- Up-to-date: /home/tello/tello_ros_ws/install/tello_msgs/include/tello_msgs/msg/tello_response__rosidl_typesupport_fastrtps_c.h
[1.119s] -- Up-to-date: /home/tello/tello_ros_ws/install/tello_msgs/include/tello_msgs/msg/rosidl_typesupport_fastrtps_c__visibility_control.h
[1.119s] -- Up-to-date: /home/tello/tello_ros_ws/install/tello_msgs/include/tello_msgs/srv
[1.119s] -- Up-to-date: /home/tello/tello_ros_ws/install/tello_msgs/include/tello_msgs/srv/tello_action__rosidl_typesupport_fastrtps_c.h
[1.119s] -- Up-to-date: /home/tello/tello_ros_ws/install/tello_msgs/lib/libtello_msgs__rosidl_typesupport_fastrtps_c.so
[1.120s] -- Up-to-date: /home/tello/tello_ros_ws/install/tello_msgs/include/tello_msgs
[1.120s] -- Up-to-date: /home/tello/tello_ros_ws/install/tello_msgs/include/tello_msgs/msg
[1.120s] -- Up-to-date: /home/tello/tello_ros_ws/install/tello_msgs/include/tello_msgs/msg/flight_data__functions.h
[1.120s] -- Up-to-date: /home/tello/tello_ros_ws/install/tello_msgs/include/tello_msgs/msg/flight_data__functions.c
[1.120s] -- Up-to-date: /home/tello/tello_ros_ws/install/tello_msgs/include/tello_msgs/msg/tello_response__functions.h
[1.120s] -- Up-to-date: /home/tello/tello_ros_ws/install/tello_msgs/include/tello_msgs/msg/flight_data.h
[1.120s] -- Up-to-date: /home/tello/tello_ros_ws/install/tello_msgs/include/tello_msgs/msg/flight_data__type_support.h
[1.120s] -- Up-to-date: /home/tello/tello_ros_ws/install/tello_msgs/include/tello_msgs/msg/flight_data__struct.h
[1.120s] -- Up-to-date: /home/tello/tello_ros_ws/install/tello_msgs/include/tello_msgs/msg/tello_response.h
[1.120s] -- Up-to-date: /home/tello/tello_ros_ws/install/tello_msgs/include/tello_msgs/msg/tello_response__type_support.h
[1.120s] -- Up-to-date: /home/tello/tello_ros_ws/install/tello_msgs/include/tello_msgs/msg/tello_response__functions.c
[1.120s] -- Up-to-date: /home/tello/tello_ros_ws/install/tello_msgs/include/tello_msgs/msg/rosidl_generator_c__visibility_control.h
[1.120s] -- Up-to-date: /home/tello/tello_ros_ws/install/tello_msgs/include/tello_msgs/msg/tello_response__struct.h
[1.121s] -- Up-to-date: /home/tello/tello_ros_ws/install/tello_msgs/include/tello_msgs/srv
[1.121s] -- Up-to-date: /home/tello/tello_ros_ws/install/tello_msgs/include/tello_msgs/srv/tello_action__struct.h
[1.121s] -- Up-to-date: /home/tello/tello_ros_ws/install/tello_msgs/include/tello_msgs/srv/tello_action__functions.c
[1.121s] -- Up-to-date: /home/tello/tello_ros_ws/install/tello_msgs/include/tello_msgs/srv/tello_action.h
[1.121s] -- Up-to-date: /home/tello/tello_ros_ws/install/tello_msgs/include/tello_msgs/srv/tello_action__type_support.h
[1.121s] -- Up-to-date: /home/tello/tello_ros_ws/install/tello_msgs/include/tello_msgs/srv/tello_action__functions.h
[1.121s] -- Up-to-date: /home/tello/tello_ros_ws/install/tello_msgs/lib/libtello_msgs__rosidl_generator_c.so
[1.121s] -- Up-to-date: /home/tello/tello_ros_ws/install/tello_msgs/include/tello_msgs
[1.122s] -- Up-to-date: /home/tello/tello_ros_ws/install/tello_msgs/include/tello_msgs/msg
[1.124s] -- Up-to-date: /home/tello/tello_ros_ws/install/tello_msgs/include/tello_msgs/msg/rosidl_typesupport_fastrtps_cpp__visibility_control.h
[1.124s] -- Up-to-date: /home/tello/tello_ros_ws/install/tello_msgs/include/tello_msgs/msg/tello_response__rosidl_typesupport_fastrtps_cpp.hpp
[1.124s] -- Up-to-date: /home/tello/tello_ros_ws/install/tello_msgs/include/tello_msgs/msg/dds_fastrtps
[1.124s] -- Up-to-date: /home/tello/tello_ros_ws/install/tello_msgs/include/tello_msgs/msg/flight_data__rosidl_typesupport_fastrtps_cpp.hpp
[1.125s] -- Up-to-date: /home/tello/tello_ros_ws/install/tello_msgs/include/tello_msgs/srv
[1.125s] -- Up-to-date: /home/tello/tello_ros_ws/install/tello_msgs/include/tello_msgs/srv/tello_action__rosidl_typesupport_fastrtps_cpp.hpp
[1.126s] -- Up-to-date: /home/tello/tello_ros_ws/install/tello_msgs/include/tello_msgs/srv/dds_fastrtps
[1.126s] -- Up-to-date: /home/tello/tello_ros_ws/install/tello_msgs/lib/libtello_msgs__rosidl_typesupport_fastrtps_cpp.so
[1.126s] -- Up-to-date: /home/tello/tello_ros_ws/install/tello_msgs/include/tello_msgs
[1.126s] -- Up-to-date: /home/tello/tello_ros_ws/install/tello_msgs/include/tello_msgs/msg
[1.126s] -- Up-to-date: /home/tello/tello_ros_ws/install/tello_msgs/include/tello_msgs/msg/flight_data__struct.hpp
[1.126s] -- Up-to-date: /home/tello/tello_ros_ws/install/tello_msgs/include/tello_msgs/msg/tello_response__traits.hpp
[1.126s] -- Up-to-date: /home/tello/tello_ros_ws/install/tello_msgs/include/tello_msgs/msg/tello_response__struct.hpp
[1.126s] -- Up-to-date: /home/tello/tello_ros_ws/install/tello_msgs/include/tello_msgs/msg/flight_data__traits.hpp
[1.126s] -- Up-to-date: /home/tello/tello_ros_ws/install/tello_msgs/include/tello_msgs/msg/tello_response.hpp
[1.127s] -- Up-to-date: /home/tello/tello_ros_ws/install/tello_msgs/include/tello_msgs/msg/flight_data.hpp
[1.127s] -- Up-to-date: /home/tello/tello_ros_ws/install/tello_msgs/include/tello_msgs/srv
[1.127s] -- Up-to-date: /home/tello/tello_ros_ws/install/tello_msgs/include/tello_msgs/srv/tello_action.hpp
[1.127s] -- Up-to-date: /home/tello/tello_ros_ws/install/tello_msgs/include/tello_msgs/srv/tello_action__struct.hpp
[1.127s] -- Up-to-date: /home/tello/tello_ros_ws/install/tello_msgs/include/tello_msgs/srv/tello_action__traits.hpp
[1.127s] -- Up-to-date: /home/tello/tello_ros_ws/install/tello_msgs/include/tello_msgs
[1.127s] -- Up-to-date: /home/tello/tello_ros_ws/install/tello_msgs/include/tello_msgs/msg
[1.127s] -- Up-to-date: /home/tello/tello_ros_ws/install/tello_msgs/include/tello_msgs/msg/rosidl_typesupport_introspection_c__visibility_control.h
[1.127s] -- Up-to-date: /home/tello/tello_ros_ws/install/tello_msgs/include/tello_msgs/msg/tello_response__rosidl_typesupport_introspection_c.h
[1.127s] -- Up-to-date: /home/tello/tello_ros_ws/install/tello_msgs/include/tello_msgs/msg/flight_data__type_support.c
[1.127s] -- Up-to-date: /home/tello/tello_ros_ws/install/tello_msgs/include/tello_msgs/msg/tello_response__type_support.c
[1.127s] -- Up-to-date: /home/tello/tello_ros_ws/install/tello_msgs/include/tello_msgs/msg/flight_data__rosidl_typesupport_introspection_c.h
[1.127s] -- Up-to-date: /home/tello/tello_ros_ws/install/tello_msgs/include/tello_msgs/srv
[1.128s] -- Up-to-date: /home/tello/tello_ros_ws/install/tello_msgs/include/tello_msgs/srv/tello_action__type_support.c
[1.128s] -- Up-to-date: /home/tello/tello_ros_ws/install/tello_msgs/include/tello_msgs/srv/tello_action__rosidl_typesupport_introspection_c.h
[1.128s] -- Up-to-date: /home/tello/tello_ros_ws/install/tello_msgs/lib/libtello_msgs__rosidl_typesupport_introspection_c.so
[1.128s] -- Up-to-date: /home/tello/tello_ros_ws/install/tello_msgs/include/tello_msgs
[1.128s] -- Up-to-date: /home/tello/tello_ros_ws/install/tello_msgs/include/tello_msgs/msg
[1.128s] -- Up-to-date: /home/tello/tello_ros_ws/install/tello_msgs/include/tello_msgs/msg/flight_data__type_support.cpp
[1.128s] -- Up-to-date: /home/tello/tello_ros_ws/install/tello_msgs/include/tello_msgs/msg/tello_response__type_support.cpp
[1.128s] -- Up-to-date: /home/tello/tello_ros_ws/install/tello_msgs/include/tello_msgs/msg/flight_data__rosidl_typesupport_introspection_cpp.hpp
[1.128s] -- Up-to-date: /home/tello/tello_ros_ws/install/tello_msgs/include/tello_msgs/msg/tello_response__rosidl_typesupport_introspection_cpp.hpp
[1.128s] -- Up-to-date: /home/tello/tello_ros_ws/install/tello_msgs/include/tello_msgs/srv
[1.128s] -- Up-to-date: /home/tello/tello_ros_ws/install/tello_msgs/include/tello_msgs/srv/tello_action__type_support.cpp
[1.128s] -- Up-to-date: /home/tello/tello_ros_ws/install/tello_msgs/include/tello_msgs/srv/tello_action__rosidl_typesupport_introspection_cpp.hpp
[1.128s] -- Up-to-date: /home/tello/tello_ros_ws/install/tello_msgs/lib/libtello_msgs__rosidl_typesupport_introspection_cpp.so
[1.128s] -- Up-to-date: /home/tello/tello_ros_ws/install/tello_msgs/share/tello_msgs/environment/pythonpath.sh
[1.129s] -- Up-to-date: /home/tello/tello_ros_ws/install/tello_msgs/share/tello_msgs/environment/pythonpath.dsv
[1.129s] -- Up-to-date: /home/tello/tello_ros_ws/install/tello_msgs/lib/python3.6/site-packages/tello_msgs/__init__.py
[1.164s] -- Up-to-date: /home/tello/tello_ros_ws/install/tello_msgs/lib/python3.6/site-packages/tello_msgs/msg
[1.165s] -- Up-to-date: /home/tello/tello_ros_ws/install/tello_msgs/lib/python3.6/site-packages/tello_msgs/msg/_tello_response_s.c
[1.165s] -- Up-to-date: /home/tello/tello_ros_ws/install/tello_msgs/lib/python3.6/site-packages/tello_msgs/msg/_flight_data.py
[1.165s] -- Up-to-date: /home/tello/tello_ros_ws/install/tello_msgs/lib/python3.6/site-packages/tello_msgs/msg/_tello_response.py
[1.165s] -- Up-to-date: /home/tello/tello_ros_ws/install/tello_msgs/lib/python3.6/site-packages/tello_msgs/msg/_flight_data_s.c
[1.165s] -- Up-to-date: /home/tello/tello_ros_ws/install/tello_msgs/lib/python3.6/site-packages/tello_msgs/msg/__init__.py
[1.165s] -- Up-to-date: /home/tello/tello_ros_ws/install/tello_msgs/lib/python3.6/site-packages/tello_msgs/srv
[1.165s] -- Up-to-date: /home/tello/tello_ros_ws/install/tello_msgs/lib/python3.6/site-packages/tello_msgs/srv/_tello_action_s.c
[1.165s] -- Up-to-date: /home/tello/tello_ros_ws/install/tello_msgs/lib/python3.6/site-packages/tello_msgs/srv/_tello_action.py
[1.165s] -- Up-to-date: /home/tello/tello_ros_ws/install/tello_msgs/lib/python3.6/site-packages/tello_msgs/srv/__init__.py
[1.166s] -- Up-to-date: /home/tello/tello_ros_ws/install/tello_msgs/lib/python3.6/site-packages/tello_msgs/tello_msgs_s__rosidl_typesupport_c.cpython-36m-x86_64-linux-gnu.so
[1.166s] -- Up-to-date: /home/tello/tello_ros_ws/install/tello_msgs/lib/python3.6/site-packages/tello_msgs/tello_msgs_s__rosidl_typesupport_fastrtps_c.cpython-36m-x86_64-linux-gnu.so
[1.167s] -- Up-to-date: /home/tello/tello_ros_ws/install/tello_msgs/lib/libtello_msgs__python.so
[1.167s] -- Up-to-date: /home/tello/tello_ros_ws/install/tello_msgs/share/tello_msgs/msg/FlightData.idl
[1.167s] -- Up-to-date: /home/tello/tello_ros_ws/install/tello_msgs/share/tello_msgs/msg/TelloResponse.idl
[1.168s] -- Up-to-date: /home/tello/tello_ros_ws/install/tello_msgs/share/tello_msgs/srv/TelloAction.idl
[1.168s] -- Up-to-date: /home/tello/tello_ros_ws/install/tello_msgs/share/tello_msgs/msg/FlightData.msg
[1.168s] -- Up-to-date: /home/tello/tello_ros_ws/install/tello_msgs/share/tello_msgs/msg/TelloResponse.msg
[1.168s] -- Up-to-date: /home/tello/tello_ros_ws/install/tello_msgs/share/tello_msgs/srv/TelloAction.srv
[1.169s] -- Up-to-date: /home/tello/tello_ros_ws/install/tello_msgs/share/tello_msgs/srv/TelloAction_Request.msg
[1.169s] -- Up-to-date: /home/tello/tello_ros_ws/install/tello_msgs/share/tello_msgs/srv/TelloAction_Response.msg
[1.169s] -- Up-to-date: /home/tello/tello_ros_ws/install/tello_msgs/share/ament_index/resource_index/package_run_dependencies/tello_msgs
[1.169s] -- Up-to-date: /home/tello/tello_ros_ws/install/tello_msgs/share/ament_index/resource_index/parent_prefix_path/tello_msgs
[1.169s] -- Up-to-date: /home/tello/tello_ros_ws/install/tello_msgs/share/tello_msgs/environment/ament_prefix_path.sh
[1.169s] -- Up-to-date: /home/tello/tello_ros_ws/install/tello_msgs/share/tello_msgs/environment/ament_prefix_path.dsv
[1.170s] -- Up-to-date: /home/tello/tello_ros_ws/install/tello_msgs/share/tello_msgs/environment/path.sh
[1.170s] -- Up-to-date: /home/tello/tello_ros_ws/install/tello_msgs/share/tello_msgs/environment/path.dsv
[1.170s] -- Up-to-date: /home/tello/tello_ros_ws/install/tello_msgs/share/tello_msgs/local_setup.bash
[1.170s] -- Up-to-date: /home/tello/tello_ros_ws/install/tello_msgs/share/tello_msgs/local_setup.sh
[1.170s] -- Up-to-date: /home/tello/tello_ros_ws/install/tello_msgs/share/tello_msgs/local_setup.zsh
[1.170s] -- Up-to-date: /home/tello/tello_ros_ws/install/tello_msgs/share/tello_msgs/local_setup.dsv
[1.170s] -- Installing: /home/tello/tello_ros_ws/install/tello_msgs/share/tello_msgs/package.dsv
[1.171s] -- Up-to-date: /home/tello/tello_ros_ws/install/tello_msgs/share/ament_index/resource_index/packages/tello_msgs
[1.171s] -- Up-to-date: /home/tello/tello_ros_ws/install/tello_msgs/share/tello_msgs/cmake/rosidl_cmake-extras.cmake
[1.171s] -- Up-to-date: /home/tello/tello_ros_ws/install/tello_msgs/share/tello_msgs/cmake/ament_cmake_export_dependencies-extras.cmake
[1.171s] -- Up-to-date: /home/tello/tello_ros_ws/install/tello_msgs/share/tello_msgs/cmake/ament_cmake_export_libraries-extras.cmake
[1.171s] -- Up-to-date: /home/tello/tello_ros_ws/install/tello_msgs/share/tello_msgs/cmake/ament_cmake_export_include_directories-extras.cmake
[1.172s] -- Up-to-date: /home/tello/tello_ros_ws/install/tello_msgs/share/tello_msgs/cmake/tello_msgsConfig.cmake
[1.172s] -- Up-to-date: /home/tello/tello_ros_ws/install/tello_msgs/share/tello_msgs/cmake/tello_msgsConfig-version.cmake
[1.173s] -- Up-to-date: /home/tello/tello_ros_ws/install/tello_msgs/share/tello_msgs/package.xml
[1.176s] Invoked command in '/home/tello/tello_ros_ws/build/tello_msgs' returned '0': CMAKE_PREFIX_PATH=/opt/ros/eloquent /usr/bin/cmake --build /home/tello/tello_ros_ws/build/tello_msgs --target install -- -j3 -l3
