[100%] Built target TelloPlugin
[100%] Built target TelloPlugin
[36mInstall the project...[0m
-- Install configuration: ""
-- Up-to-date: /home/tello/tello_ros_ws/install/tello_gazebo/lib/libTelloPlugin.so
-- Up-to-date: /home/tello/tello_ros_ws/install/tello_gazebo/share/tello_gazebo/models
-- Up-to-date: /home/tello/tello_ros_ws/install/tello_gazebo/share/tello_gazebo/models/marker_1
-- Up-to-date: /home/tello/tello_ros_ws/install/tello_gazebo/share/tello_gazebo/models/marker_1/model.config
-- Up-to-date: /home/tello/tello_ros_ws/install/tello_gazebo/share/tello_gazebo/models/marker_1/model.sdf
-- Up-to-date: /home/tello/tello_ros_ws/install/tello_gazebo/share/tello_gazebo/models/marker_1/materials
-- Up-to-date: /home/tello/tello_ros_ws/install/tello_gazebo/share/tello_gazebo/models/marker_1/materials/textures
-- Up-to-date: /home/tello/tello_ros_ws/install/tello_gazebo/share/tello_gazebo/models/marker_1/materials/textures/aruco_mark_1.svg
-- Up-to-date: /home/tello/tello_ros_ws/install/tello_gazebo/share/tello_gazebo/models/marker_1/materials/textures/aruco_mark_1.png
-- Up-to-date: /home/tello/tello_ros_ws/install/tello_gazebo/share/tello_gazebo/models/marker_1/materials/scripts
-- Up-to-date: /home/tello/tello_ros_ws/install/tello_gazebo/share/tello_gazebo/models/marker_1/materials/scripts/marker_1.material
-- Up-to-date: /home/tello/tello_ros_ws/install/tello_gazebo/share/tello_gazebo/models/marker_2
-- Up-to-date: /home/tello/tello_ros_ws/install/tello_gazebo/share/tello_gazebo/models/marker_2/model.config
-- Up-to-date: /home/tello/tello_ros_ws/install/tello_gazebo/share/tello_gazebo/models/marker_2/model.sdf
-- Up-to-date: /home/tello/tello_ros_ws/install/tello_gazebo/share/tello_gazebo/models/marker_2/materials
-- Up-to-date: /home/tello/tello_ros_ws/install/tello_gazebo/share/tello_gazebo/models/marker_2/materials/textures
-- Up-to-date: /home/tello/tello_ros_ws/install/tello_gazebo/share/tello_gazebo/models/marker_2/materials/textures/aruco_mark_2.svg
-- Up-to-date: /home/tello/tello_ros_ws/install/tello_gazebo/share/tello_gazebo/models/marker_2/materials/textures/aruco_mark_2.png
-- Up-to-date: /home/tello/tello_ros_ws/install/tello_gazebo/share/tello_gazebo/models/marker_2/materials/scripts
-- Up-to-date: /home/tello/tello_ros_ws/install/tello_gazebo/share/tello_gazebo/models/marker_2/materials/scripts/marker_2.material
-- Up-to-date: /home/tello/tello_ros_ws/install/tello_gazebo/share/tello_gazebo/models/marker_5
-- Up-to-date: /home/tello/tello_ros_ws/install/tello_gazebo/share/tello_gazebo/models/marker_5/model.config
-- Up-to-date: /home/tello/tello_ros_ws/install/tello_gazebo/share/tello_gazebo/models/marker_5/model.sdf
-- Up-to-date: /home/tello/tello_ros_ws/install/tello_gazebo/share/tello_gazebo/models/marker_5/materials
-- Up-to-date: /home/tello/tello_ros_ws/install/tello_gazebo/share/tello_gazebo/models/marker_5/materials/textures
-- Up-to-date: /home/tello/tello_ros_ws/install/tello_gazebo/share/tello_gazebo/models/marker_5/materials/textures/aruco_mark_5.png
-- Up-to-date: /home/tello/tello_ros_ws/install/tello_gazebo/share/tello_gazebo/models/marker_5/materials/textures/aruco_mark_5.svg
-- Up-to-date: /home/tello/tello_ros_ws/install/tello_gazebo/share/tello_gazebo/models/marker_5/materials/scripts
-- Up-to-date: /home/tello/tello_ros_ws/install/tello_gazebo/share/tello_gazebo/models/marker_5/materials/scripts/marker_5.material
-- Up-to-date: /home/tello/tello_ros_ws/install/tello_gazebo/share/tello_gazebo/models/marker_0
-- Up-to-date: /home/tello/tello_ros_ws/install/tello_gazebo/share/tello_gazebo/models/marker_0/model.config
-- Up-to-date: /home/tello/tello_ros_ws/install/tello_gazebo/share/tello_gazebo/models/marker_0/model.sdf
-- Up-to-date: /home/tello/tello_ros_ws/install/tello_gazebo/share/tello_gazebo/models/marker_0/materials
-- Up-to-date: /home/tello/tello_ros_ws/install/tello_gazebo/share/tello_gazebo/models/marker_0/materials/textures
-- Up-to-date: /home/tello/tello_ros_ws/install/tello_gazebo/share/tello_gazebo/models/marker_0/materials/textures/aruco_mark_0.png
-- Up-to-date: /home/tello/tello_ros_ws/install/tello_gazebo/share/tello_gazebo/models/marker_0/materials/textures/aruco_mark_0.svg
-- Up-to-date: /home/tello/tello_ros_ws/install/tello_gazebo/share/tello_gazebo/models/marker_0/materials/scripts
-- Up-to-date: /home/tello/tello_ros_ws/install/tello_gazebo/share/tello_gazebo/models/marker_0/materials/scripts/marker_0.material
-- Up-to-date: /home/tello/tello_ros_ws/install/tello_gazebo/share/tello_gazebo/models/marker_4
-- Up-to-date: /home/tello/tello_ros_ws/install/tello_gazebo/share/tello_gazebo/models/marker_4/model.config
-- Up-to-date: /home/tello/tello_ros_ws/install/tello_gazebo/share/tello_gazebo/models/marker_4/model.sdf
-- Up-to-date: /home/tello/tello_ros_ws/install/tello_gazebo/share/tello_gazebo/models/marker_4/materials
-- Up-to-date: /home/tello/tello_ros_ws/install/tello_gazebo/share/tello_gazebo/models/marker_4/materials/textures
-- Up-to-date: /home/tello/tello_ros_ws/install/tello_gazebo/share/tello_gazebo/models/marker_4/materials/textures/aruco_mark_4.png
-- Up-to-date: /home/tello/tello_ros_ws/install/tello_gazebo/share/tello_gazebo/models/marker_4/materials/textures/aruco_mark_4.svg
-- Up-to-date: /home/tello/tello_ros_ws/install/tello_gazebo/share/tello_gazebo/models/marker_4/materials/scripts
-- Up-to-date: /home/tello/tello_ros_ws/install/tello_gazebo/share/tello_gazebo/models/marker_4/materials/scripts/marker_4.material
-- Up-to-date: /home/tello/tello_ros_ws/install/tello_gazebo/share/tello_gazebo/models/marker_6
-- Up-to-date: /home/tello/tello_ros_ws/install/tello_gazebo/share/tello_gazebo/models/marker_6/model.config
-- Up-to-date: /home/tello/tello_ros_ws/install/tello_gazebo/share/tello_gazebo/models/marker_6/model.sdf
-- Up-to-date: /home/tello/tello_ros_ws/install/tello_gazebo/share/tello_gazebo/models/marker_6/materials
-- Up-to-date: /home/tello/tello_ros_ws/install/tello_gazebo/share/tello_gazebo/models/marker_6/materials/textures
-- Up-to-date: /home/tello/tello_ros_ws/install/tello_gazebo/share/tello_gazebo/models/marker_6/materials/textures/aruco_mark_6.png
-- Up-to-date: /home/tello/tello_ros_ws/install/tello_gazebo/share/tello_gazebo/models/marker_6/materials/textures/aruco_mark_6.svg
-- Up-to-date: /home/tello/tello_ros_ws/install/tello_gazebo/share/tello_gazebo/models/marker_6/materials/scripts
-- Up-to-date: /home/tello/tello_ros_ws/install/tello_gazebo/share/tello_gazebo/models/marker_6/materials/scripts/marker_6.material
-- Up-to-date: /home/tello/tello_ros_ws/install/tello_gazebo/share/tello_gazebo/models/marker_7
-- Up-to-date: /home/tello/tello_ros_ws/install/tello_gazebo/share/tello_gazebo/models/marker_7/model.config
-- Up-to-date: /home/tello/tello_ros_ws/install/tello_gazebo/share/tello_gazebo/models/marker_7/model.sdf
-- Up-to-date: /home/tello/tello_ros_ws/install/tello_gazebo/share/tello_gazebo/models/marker_7/materials
-- Up-to-date: /home/tello/tello_ros_ws/install/tello_gazebo/share/tello_gazebo/models/marker_7/materials/textures
-- Up-to-date: /home/tello/tello_ros_ws/install/tello_gazebo/share/tello_gazebo/models/marker_7/materials/textures/aruco_mark_7.svg
-- Up-to-date: /home/tello/tello_ros_ws/install/tello_gazebo/share/tello_gazebo/models/marker_7/materials/textures/aruco_mark_7.png
-- Up-to-date: /home/tello/tello_ros_ws/install/tello_gazebo/share/tello_gazebo/models/marker_7/materials/scripts
-- Up-to-date: /home/tello/tello_ros_ws/install/tello_gazebo/share/tello_gazebo/models/marker_7/materials/scripts/marker_7.material
-- Up-to-date: /home/tello/tello_ros_ws/install/tello_gazebo/share/tello_gazebo/models/marker_3
-- Up-to-date: /home/tello/tello_ros_ws/install/tello_gazebo/share/tello_gazebo/models/marker_3/model.config
-- Up-to-date: /home/tello/tello_ros_ws/install/tello_gazebo/share/tello_gazebo/models/marker_3/model.sdf
-- Up-to-date: /home/tello/tello_ros_ws/install/tello_gazebo/share/tello_gazebo/models/marker_3/materials
-- Up-to-date: /home/tello/tello_ros_ws/install/tello_gazebo/share/tello_gazebo/models/marker_3/materials/textures
-- Up-to-date: /home/tello/tello_ros_ws/install/tello_gazebo/share/tello_gazebo/models/marker_3/materials/textures/aruco_mark_3.svg
-- Up-to-date: /home/tello/tello_ros_ws/install/tello_gazebo/share/tello_gazebo/models/marker_3/materials/textures/aruco_mark_3.png
-- Up-to-date: /home/tello/tello_ros_ws/install/tello_gazebo/share/tello_gazebo/models/marker_3/materials/scripts
-- Up-to-date: /home/tello/tello_ros_ws/install/tello_gazebo/share/tello_gazebo/models/marker_3/materials/scripts/marker_3.material
-- Up-to-date: /home/tello/tello_ros_ws/install/tello_gazebo/share/tello_gazebo/worlds
-- Up-to-date: /home/tello/tello_ros_ws/install/tello_gazebo/share/tello_gazebo/worlds/f2_map.yaml
-- Up-to-date: /home/tello/tello_ros_ws/install/tello_gazebo/share/tello_gazebo/worlds/simple.world
-- Up-to-date: /home/tello/tello_ros_ws/install/tello_gazebo/share/tello_gazebo/worlds/fiducial_map.yaml
-- Up-to-date: /home/tello/tello_ros_ws/install/tello_gazebo/share/tello_gazebo/worlds/build_world.py
-- Up-to-date: /home/tello/tello_ros_ws/install/tello_gazebo/share/tello_gazebo/worlds/fiducial.world
-- Up-to-date: /home/tello/tello_ros_ws/install/tello_gazebo/share/tello_gazebo/worlds/f2.world
-- Up-to-date: /home/tello/tello_ros_ws/install/tello_gazebo/share/tello_gazebo/launch
-- Up-to-date: /home/tello/tello_ros_ws/install/tello_gazebo/share/tello_gazebo/launch/.simple_launch.py.swp
-- Up-to-date: /home/tello/tello_ros_ws/install/tello_gazebo/share/tello_gazebo/launch/simple_launch.py
-- Up-to-date: /home/tello/tello_ros_ws/install/tello_gazebo/share/tello_gazebo/launch/vlam_launch.py
-- Up-to-date: /home/tello/tello_ros_ws/install/tello_gazebo/lib/tello_gazebo/inject_entity.py
-- Up-to-date: /home/tello/tello_ros_ws/install/tello_gazebo/share/ament_index/resource_index/package_run_dependencies/tello_gazebo
-- Up-to-date: /home/tello/tello_ros_ws/install/tello_gazebo/share/ament_index/resource_index/parent_prefix_path/tello_gazebo
-- Up-to-date: /home/tello/tello_ros_ws/install/tello_gazebo/share/tello_gazebo/environment/ament_prefix_path.sh
-- Up-to-date: /home/tello/tello_ros_ws/install/tello_gazebo/share/tello_gazebo/environment/ament_prefix_path.dsv
-- Up-to-date: /home/tello/tello_ros_ws/install/tello_gazebo/share/tello_gazebo/environment/path.sh
-- Up-to-date: /home/tello/tello_ros_ws/install/tello_gazebo/share/tello_gazebo/environment/path.dsv
-- Up-to-date: /home/tello/tello_ros_ws/install/tello_gazebo/share/tello_gazebo/local_setup.bash
-- Up-to-date: /home/tello/tello_ros_ws/install/tello_gazebo/share/tello_gazebo/local_setup.sh
-- Up-to-date: /home/tello/tello_ros_ws/install/tello_gazebo/share/tello_gazebo/local_setup.zsh
-- Up-to-date: /home/tello/tello_ros_ws/install/tello_gazebo/share/tello_gazebo/local_setup.dsv
-- Installing: /home/tello/tello_ros_ws/install/tello_gazebo/share/tello_gazebo/package.dsv
-- Up-to-date: /home/tello/tello_ros_ws/install/tello_gazebo/share/ament_index/resource_index/packages/tello_gazebo
-- Up-to-date: /home/tello/tello_ros_ws/install/tello_gazebo/share/tello_gazebo/cmake/tello_gazeboConfig.cmake
-- Up-to-date: /home/tello/tello_ros_ws/install/tello_gazebo/share/tello_gazebo/cmake/tello_gazeboConfig-version.cmake
-- Up-to-date: /home/tello/tello_ros_ws/install/tello_gazebo/share/tello_gazebo/package.xml
