[  2%] Built target tello_msgs__cpp
[ 13%] Built target tello_msgs__rosidl_generator_c
[ 24%] Built target tello_msgs__rosidl_typesupport_introspection_cpp
[ 35%] Built target tello_msgs__rosidl_typesupport_introspection_c
[ 37%] [32m[1mLinking CXX shared library libtello_msgs__rosidl_typesupport_fastrtps_cpp.so[0m
[ 46%] Built target tello_msgs__rosidl_typesupport_fastrtps_cpp
[ 48%] [32m[1mLinking CXX shared library libtello_msgs__rosidl_typesupport_fastrtps_c.so[0m
[ 51%] [32m[1mLinking CXX shared library libtello_msgs__rosidl_typesupport_cpp.so[0m
[ 60%] Built target tello_msgs__rosidl_typesupport_fastrtps_c
[ 68%] Built target tello_msgs__rosidl_typesupport_cpp
[ 71%] [32m[1mLinking CXX shared library libtello_msgs__rosidl_typesupport_c.so[0m
[ 80%] Built target tello_msgs__rosidl_typesupport_c
[ 80%] Built target tello_msgs
[ 82%] Built target tello_msgs__py
[ 84%] [32m[1mLinking CXX shared library rosidl_generator_py/tello_msgs/libtello_msgs__python.so[0m
[ 91%] Built target tello_msgs__python
[ 95%] [32m[1mLinking CXX shared library rosidl_generator_py/tello_msgs/tello_msgs_s__rosidl_typesupport_fastrtps_c.cpython-36m-x86_64-linux-gnu.so[0m
[ 95%] [32m[1mLinking CXX shared library rosidl_generator_py/tello_msgs/tello_msgs_s__rosidl_typesupport_c.cpython-36m-x86_64-linux-gnu.so[0m
[ 97%] Built target tello_msgs__rosidl_typesupport_c__pyext
[100%] Built target tello_msgs__rosidl_typesupport_fastrtps_c__pyext
[  2%] Built target tello_msgs__cpp
[ 13%] Built target tello_msgs__rosidl_generator_c
[ 24%] Built target tello_msgs__rosidl_typesupport_introspection_cpp
[ 35%] Built target tello_msgs__rosidl_typesupport_introspection_c
[ 46%] Built target tello_msgs__rosidl_typesupport_fastrtps_cpp
[ 57%] Built target tello_msgs__rosidl_typesupport_fastrtps_c
[ 68%] Built target tello_msgs__rosidl_typesupport_cpp
[ 80%] Built target tello_msgs__rosidl_typesupport_c
[ 80%] Built target tello_msgs
[ 82%] Built target tello_msgs__py
[ 91%] Built target tello_msgs__python
[100%] Built target tello_msgs__rosidl_typesupport_fastrtps_c__pyext
[100%] Built target tello_msgs__rosidl_typesupport_c__pyext
[36mInstall the project...[0m
-- Install configuration: ""
-- Up-to-date: /home/tello/tello_ros_ws/install/tello_msgs/share/ament_index/resource_index/rosidl_interfaces/tello_msgs
-- Installing: /home/tello/tello_ros_ws/install/tello_msgs/lib/libtello_msgs__rosidl_typesupport_c.so
-- Set runtime path of "/home/tello/tello_ros_ws/install/tello_msgs/lib/libtello_msgs__rosidl_typesupport_c.so" to ""
-- Up-to-date: /home/tello/tello_ros_ws/install/tello_msgs/share/tello_msgs/environment/library_path.sh
-- Up-to-date: /home/tello/tello_ros_ws/install/tello_msgs/share/tello_msgs/environment/library_path.dsv
-- Installing: /home/tello/tello_ros_ws/install/tello_msgs/lib/libtello_msgs__rosidl_typesupport_cpp.so
-- Set runtime path of "/home/tello/tello_ros_ws/install/tello_msgs/lib/libtello_msgs__rosidl_typesupport_cpp.so" to ""
-- Up-to-date: /home/tello/tello_ros_ws/install/tello_msgs/include/tello_msgs
-- Up-to-date: /home/tello/tello_ros_ws/install/tello_msgs/include/tello_msgs/msg
-- Up-to-date: /home/tello/tello_ros_ws/install/tello_msgs/include/tello_msgs/msg/flight_data__rosidl_typesupport_fastrtps_c.h
-- Up-to-date: /home/tello/tello_ros_ws/install/tello_msgs/include/tello_msgs/msg/tello_response__rosidl_typesupport_fastrtps_c.h
-- Up-to-date: /home/tello/tello_ros_ws/install/tello_msgs/include/tello_msgs/msg/rosidl_typesupport_fastrtps_c__visibility_control.h
-- Up-to-date: /home/tello/tello_ros_ws/install/tello_msgs/include/tello_msgs/srv
-- Up-to-date: /home/tello/tello_ros_ws/install/tello_msgs/include/tello_msgs/srv/tello_action__rosidl_typesupport_fastrtps_c.h
-- Installing: /home/tello/tello_ros_ws/install/tello_msgs/lib/libtello_msgs__rosidl_typesupport_fastrtps_c.so
-- Set runtime path of "/home/tello/tello_ros_ws/install/tello_msgs/lib/libtello_msgs__rosidl_typesupport_fastrtps_c.so" to ""
-- Up-to-date: /home/tello/tello_ros_ws/install/tello_msgs/include/tello_msgs
-- Up-to-date: /home/tello/tello_ros_ws/install/tello_msgs/include/tello_msgs/msg
-- Up-to-date: /home/tello/tello_ros_ws/install/tello_msgs/include/tello_msgs/msg/flight_data__functions.h
-- Up-to-date: /home/tello/tello_ros_ws/install/tello_msgs/include/tello_msgs/msg/flight_data__functions.c
-- Up-to-date: /home/tello/tello_ros_ws/install/tello_msgs/include/tello_msgs/msg/tello_response__functions.h
-- Up-to-date: /home/tello/tello_ros_ws/install/tello_msgs/include/tello_msgs/msg/flight_data.h
-- Up-to-date: /home/tello/tello_ros_ws/install/tello_msgs/include/tello_msgs/msg/flight_data__type_support.h
-- Up-to-date: /home/tello/tello_ros_ws/install/tello_msgs/include/tello_msgs/msg/flight_data__struct.h
-- Up-to-date: /home/tello/tello_ros_ws/install/tello_msgs/include/tello_msgs/msg/tello_response.h
-- Up-to-date: /home/tello/tello_ros_ws/install/tello_msgs/include/tello_msgs/msg/tello_response__type_support.h
-- Up-to-date: /home/tello/tello_ros_ws/install/tello_msgs/include/tello_msgs/msg/tello_response__functions.c
-- Up-to-date: /home/tello/tello_ros_ws/install/tello_msgs/include/tello_msgs/msg/rosidl_generator_c__visibility_control.h
-- Up-to-date: /home/tello/tello_ros_ws/install/tello_msgs/include/tello_msgs/msg/tello_response__struct.h
-- Up-to-date: /home/tello/tello_ros_ws/install/tello_msgs/include/tello_msgs/srv
-- Up-to-date: /home/tello/tello_ros_ws/install/tello_msgs/include/tello_msgs/srv/tello_action__struct.h
-- Up-to-date: /home/tello/tello_ros_ws/install/tello_msgs/include/tello_msgs/srv/tello_action__functions.c
-- Up-to-date: /home/tello/tello_ros_ws/install/tello_msgs/include/tello_msgs/srv/tello_action.h
-- Up-to-date: /home/tello/tello_ros_ws/install/tello_msgs/include/tello_msgs/srv/tello_action__type_support.h
-- Up-to-date: /home/tello/tello_ros_ws/install/tello_msgs/include/tello_msgs/srv/tello_action__functions.h
-- Up-to-date: /home/tello/tello_ros_ws/install/tello_msgs/lib/libtello_msgs__rosidl_generator_c.so
-- Up-to-date: /home/tello/tello_ros_ws/install/tello_msgs/include/tello_msgs
-- Up-to-date: /home/tello/tello_ros_ws/install/tello_msgs/include/tello_msgs/msg
-- Up-to-date: /home/tello/tello_ros_ws/install/tello_msgs/include/tello_msgs/msg/rosidl_typesupport_fastrtps_cpp__visibility_control.h
-- Up-to-date: /home/tello/tello_ros_ws/install/tello_msgs/include/tello_msgs/msg/tello_response__rosidl_typesupport_fastrtps_cpp.hpp
-- Up-to-date: /home/tello/tello_ros_ws/install/tello_msgs/include/tello_msgs/msg/dds_fastrtps
-- Up-to-date: /home/tello/tello_ros_ws/install/tello_msgs/include/tello_msgs/msg/flight_data__rosidl_typesupport_fastrtps_cpp.hpp
-- Up-to-date: /home/tello/tello_ros_ws/install/tello_msgs/include/tello_msgs/srv
-- Up-to-date: /home/tello/tello_ros_ws/install/tello_msgs/include/tello_msgs/srv/tello_action__rosidl_typesupport_fastrtps_cpp.hpp
-- Up-to-date: /home/tello/tello_ros_ws/install/tello_msgs/include/tello_msgs/srv/dds_fastrtps
-- Installing: /home/tello/tello_ros_ws/install/tello_msgs/lib/libtello_msgs__rosidl_typesupport_fastrtps_cpp.so
-- Set runtime path of "/home/tello/tello_ros_ws/install/tello_msgs/lib/libtello_msgs__rosidl_typesupport_fastrtps_cpp.so" to ""
-- Up-to-date: /home/tello/tello_ros_ws/install/tello_msgs/include/tello_msgs
-- Up-to-date: /home/tello/tello_ros_ws/install/tello_msgs/include/tello_msgs/msg
-- Up-to-date: /home/tello/tello_ros_ws/install/tello_msgs/include/tello_msgs/msg/flight_data__struct.hpp
-- Up-to-date: /home/tello/tello_ros_ws/install/tello_msgs/include/tello_msgs/msg/tello_response__traits.hpp
-- Up-to-date: /home/tello/tello_ros_ws/install/tello_msgs/include/tello_msgs/msg/tello_response__struct.hpp
-- Up-to-date: /home/tello/tello_ros_ws/install/tello_msgs/include/tello_msgs/msg/flight_data__traits.hpp
-- Up-to-date: /home/tello/tello_ros_ws/install/tello_msgs/include/tello_msgs/msg/tello_response.hpp
-- Up-to-date: /home/tello/tello_ros_ws/install/tello_msgs/include/tello_msgs/msg/flight_data.hpp
-- Up-to-date: /home/tello/tello_ros_ws/install/tello_msgs/include/tello_msgs/srv
-- Up-to-date: /home/tello/tello_ros_ws/install/tello_msgs/include/tello_msgs/srv/tello_action.hpp
-- Up-to-date: /home/tello/tello_ros_ws/install/tello_msgs/include/tello_msgs/srv/tello_action__struct.hpp
-- Up-to-date: /home/tello/tello_ros_ws/install/tello_msgs/include/tello_msgs/srv/tello_action__traits.hpp
-- Up-to-date: /home/tello/tello_ros_ws/install/tello_msgs/include/tello_msgs
-- Up-to-date: /home/tello/tello_ros_ws/install/tello_msgs/include/tello_msgs/msg
-- Up-to-date: /home/tello/tello_ros_ws/install/tello_msgs/include/tello_msgs/msg/rosidl_typesupport_introspection_c__visibility_control.h
-- Up-to-date: /home/tello/tello_ros_ws/install/tello_msgs/include/tello_msgs/msg/tello_response__rosidl_typesupport_introspection_c.h
-- Up-to-date: /home/tello/tello_ros_ws/install/tello_msgs/include/tello_msgs/msg/flight_data__type_support.c
-- Up-to-date: /home/tello/tello_ros_ws/install/tello_msgs/include/tello_msgs/msg/tello_response__type_support.c
-- Up-to-date: /home/tello/tello_ros_ws/install/tello_msgs/include/tello_msgs/msg/flight_data__rosidl_typesupport_introspection_c.h
-- Up-to-date: /home/tello/tello_ros_ws/install/tello_msgs/include/tello_msgs/srv
-- Up-to-date: /home/tello/tello_ros_ws/install/tello_msgs/include/tello_msgs/srv/tello_action__type_support.c
-- Up-to-date: /home/tello/tello_ros_ws/install/tello_msgs/include/tello_msgs/srv/tello_action__rosidl_typesupport_introspection_c.h
-- Up-to-date: /home/tello/tello_ros_ws/install/tello_msgs/lib/libtello_msgs__rosidl_typesupport_introspection_c.so
-- Up-to-date: /home/tello/tello_ros_ws/install/tello_msgs/include/tello_msgs
-- Up-to-date: /home/tello/tello_ros_ws/install/tello_msgs/include/tello_msgs/msg
-- Up-to-date: /home/tello/tello_ros_ws/install/tello_msgs/include/tello_msgs/msg/flight_data__type_support.cpp
-- Up-to-date: /home/tello/tello_ros_ws/install/tello_msgs/include/tello_msgs/msg/tello_response__type_support.cpp
-- Up-to-date: /home/tello/tello_ros_ws/install/tello_msgs/include/tello_msgs/msg/flight_data__rosidl_typesupport_introspection_cpp.hpp
-- Up-to-date: /home/tello/tello_ros_ws/install/tello_msgs/include/tello_msgs/msg/tello_response__rosidl_typesupport_introspection_cpp.hpp
-- Up-to-date: /home/tello/tello_ros_ws/install/tello_msgs/include/tello_msgs/srv
-- Up-to-date: /home/tello/tello_ros_ws/install/tello_msgs/include/tello_msgs/srv/tello_action__type_support.cpp
-- Up-to-date: /home/tello/tello_ros_ws/install/tello_msgs/include/tello_msgs/srv/tello_action__rosidl_typesupport_introspection_cpp.hpp
-- Up-to-date: /home/tello/tello_ros_ws/install/tello_msgs/lib/libtello_msgs__rosidl_typesupport_introspection_cpp.so
-- Up-to-date: /home/tello/tello_ros_ws/install/tello_msgs/share/tello_msgs/environment/pythonpath.sh
-- Up-to-date: /home/tello/tello_ros_ws/install/tello_msgs/share/tello_msgs/environment/pythonpath.dsv
-- Up-to-date: /home/tello/tello_ros_ws/install/tello_msgs/lib/python3.6/site-packages/tello_msgs/__init__.py
-- Up-to-date: /home/tello/tello_ros_ws/install/tello_msgs/lib/python3.6/site-packages/tello_msgs/msg
-- Up-to-date: /home/tello/tello_ros_ws/install/tello_msgs/lib/python3.6/site-packages/tello_msgs/msg/_tello_response_s.c
-- Up-to-date: /home/tello/tello_ros_ws/install/tello_msgs/lib/python3.6/site-packages/tello_msgs/msg/_flight_data.py
-- Up-to-date: /home/tello/tello_ros_ws/install/tello_msgs/lib/python3.6/site-packages/tello_msgs/msg/_tello_response.py
-- Up-to-date: /home/tello/tello_ros_ws/install/tello_msgs/lib/python3.6/site-packages/tello_msgs/msg/_flight_data_s.c
-- Up-to-date: /home/tello/tello_ros_ws/install/tello_msgs/lib/python3.6/site-packages/tello_msgs/msg/__init__.py
-- Up-to-date: /home/tello/tello_ros_ws/install/tello_msgs/lib/python3.6/site-packages/tello_msgs/srv
-- Up-to-date: /home/tello/tello_ros_ws/install/tello_msgs/lib/python3.6/site-packages/tello_msgs/srv/_tello_action_s.c
-- Up-to-date: /home/tello/tello_ros_ws/install/tello_msgs/lib/python3.6/site-packages/tello_msgs/srv/_tello_action.py
-- Up-to-date: /home/tello/tello_ros_ws/install/tello_msgs/lib/python3.6/site-packages/tello_msgs/srv/__init__.py
-- Installing: /home/tello/tello_ros_ws/install/tello_msgs/lib/python3.6/site-packages/tello_msgs/tello_msgs_s__rosidl_typesupport_c.cpython-36m-x86_64-linux-gnu.so
-- Set runtime path of "/home/tello/tello_ros_ws/install/tello_msgs/lib/python3.6/site-packages/tello_msgs/tello_msgs_s__rosidl_typesupport_c.cpython-36m-x86_64-linux-gnu.so" to ""
-- Installing: /home/tello/tello_ros_ws/install/tello_msgs/lib/python3.6/site-packages/tello_msgs/tello_msgs_s__rosidl_typesupport_fastrtps_c.cpython-36m-x86_64-linux-gnu.so
-- Set runtime path of "/home/tello/tello_ros_ws/install/tello_msgs/lib/python3.6/site-packages/tello_msgs/tello_msgs_s__rosidl_typesupport_fastrtps_c.cpython-36m-x86_64-linux-gnu.so" to ""
-- Installing: /home/tello/tello_ros_ws/install/tello_msgs/lib/libtello_msgs__python.so
-- Set runtime path of "/home/tello/tello_ros_ws/install/tello_msgs/lib/libtello_msgs__python.so" to ""
-- Up-to-date: /home/tello/tello_ros_ws/install/tello_msgs/share/tello_msgs/msg/FlightData.idl
-- Up-to-date: /home/tello/tello_ros_ws/install/tello_msgs/share/tello_msgs/msg/TelloResponse.idl
-- Up-to-date: /home/tello/tello_ros_ws/install/tello_msgs/share/tello_msgs/srv/TelloAction.idl
-- Up-to-date: /home/tello/tello_ros_ws/install/tello_msgs/share/tello_msgs/msg/FlightData.msg
-- Up-to-date: /home/tello/tello_ros_ws/install/tello_msgs/share/tello_msgs/msg/TelloResponse.msg
-- Up-to-date: /home/tello/tello_ros_ws/install/tello_msgs/share/tello_msgs/srv/TelloAction.srv
-- Up-to-date: /home/tello/tello_ros_ws/install/tello_msgs/share/tello_msgs/srv/TelloAction_Request.msg
-- Up-to-date: /home/tello/tello_ros_ws/install/tello_msgs/share/tello_msgs/srv/TelloAction_Response.msg
-- Up-to-date: /home/tello/tello_ros_ws/install/tello_msgs/share/ament_index/resource_index/package_run_dependencies/tello_msgs
-- Up-to-date: /home/tello/tello_ros_ws/install/tello_msgs/share/ament_index/resource_index/parent_prefix_path/tello_msgs
-- Up-to-date: /home/tello/tello_ros_ws/install/tello_msgs/share/tello_msgs/environment/ament_prefix_path.sh
-- Up-to-date: /home/tello/tello_ros_ws/install/tello_msgs/share/tello_msgs/environment/ament_prefix_path.dsv
-- Up-to-date: /home/tello/tello_ros_ws/install/tello_msgs/share/tello_msgs/environment/path.sh
-- Up-to-date: /home/tello/tello_ros_ws/install/tello_msgs/share/tello_msgs/environment/path.dsv
-- Up-to-date: /home/tello/tello_ros_ws/install/tello_msgs/share/tello_msgs/local_setup.bash
-- Up-to-date: /home/tello/tello_ros_ws/install/tello_msgs/share/tello_msgs/local_setup.sh
-- Up-to-date: /home/tello/tello_ros_ws/install/tello_msgs/share/tello_msgs/local_setup.zsh
-- Up-to-date: /home/tello/tello_ros_ws/install/tello_msgs/share/tello_msgs/local_setup.dsv
-- Installing: /home/tello/tello_ros_ws/install/tello_msgs/share/tello_msgs/package.dsv
-- Up-to-date: /home/tello/tello_ros_ws/install/tello_msgs/share/ament_index/resource_index/packages/tello_msgs
-- Up-to-date: /home/tello/tello_ros_ws/install/tello_msgs/share/tello_msgs/cmake/rosidl_cmake-extras.cmake
-- Up-to-date: /home/tello/tello_ros_ws/install/tello_msgs/share/tello_msgs/cmake/ament_cmake_export_dependencies-extras.cmake
-- Up-to-date: /home/tello/tello_ros_ws/install/tello_msgs/share/tello_msgs/cmake/ament_cmake_export_libraries-extras.cmake
-- Up-to-date: /home/tello/tello_ros_ws/install/tello_msgs/share/tello_msgs/cmake/ament_cmake_export_include_directories-extras.cmake
-- Up-to-date: /home/tello/tello_ros_ws/install/tello_msgs/share/tello_msgs/cmake/tello_msgsConfig.cmake
-- Up-to-date: /home/tello/tello_ros_ws/install/tello_msgs/share/tello_msgs/cmake/tello_msgsConfig-version.cmake
-- Up-to-date: /home/tello/tello_ros_ws/install/tello_msgs/share/tello_msgs/package.xml
