[0.194s] DEBUG:colcon:Command line arguments: ['/usr/bin/colcon', 'build']
[0.194s] DEBUG:colcon:Parsed command line arguments: Namespace(ament_cmake_args=None, base_paths=['.'], build_base='build', catkin_cmake_args=None, catkin_skip_building_tests=False, cmake_args=None, cmake_clean_cache=False, cmake_clean_first=False, cmake_force_configure=False, cmake_target=None, cmake_target_skip_unavailable=False, continue_on_error=False, event_handlers=None, executor='parallel', ignore_user_meta=False, install_base='install', log_base=None, log_level=None, main=<bound method BuildVerb.main of <colcon_core.verb.build.BuildVerb object at 0x7f227dc1b390>>, merge_install=False, metas=['./colcon.meta'], packages_above=None, packages_above_and_dependencies=None, packages_above_depth=None, packages_end=None, packages_ignore=None, packages_ignore_regex=None, packages_select=None, packages_select_build_failed=False, packages_select_by_dep=None, packages_select_regex=None, packages_select_test_failures=False, packages_skip=None, packages_skip_build_finished=False, packages_skip_by_dep=None, packages_skip_regex=None, packages_skip_test_passed=False, packages_skip_up_to=None, packages_start=None, packages_up_to=None, packages_up_to_regex=None, parallel_workers=3, paths=None, symlink_install=False, test_result_base=None, verb_extension=<colcon_core.verb.build.BuildVerb object at 0x7f227dc1b390>, verb_name='build', verb_parser=<colcon_defaults.argument_parser.defaults.DefaultArgumentsDecorator object at 0x7f227dc1b6d8>)
[0.200s] Level 1:colcon.colcon_core.package_discovery:discover_packages(colcon_meta) check parameters
[0.200s] Level 1:colcon.colcon_core.package_discovery:discover_packages(recursive) check parameters
[0.200s] Level 1:colcon.colcon_core.package_discovery:discover_packages(ignore) check parameters
[0.200s] Level 1:colcon.colcon_core.package_discovery:discover_packages(path) check parameters
[0.200s] Level 1:colcon.colcon_core.package_discovery:discover_packages(colcon_meta) discover
[0.200s] Level 1:colcon.colcon_core.package_discovery:discover_packages(recursive) discover
[0.200s] INFO:colcon.colcon_core.package_discovery:Crawling recursively for packages in '/home/tello/tello_ros_ws'
[0.200s] Level 1:colcon.colcon_core.package_identification:_identify(.) by extensions ['ignore', 'ignore_ament_install']
[0.201s] Level 1:colcon.colcon_core.package_identification:_identify(.) by extension 'ignore'
[0.201s] Level 1:colcon.colcon_core.package_identification:_identify(.) by extension 'ignore_ament_install'
[0.201s] Level 1:colcon.colcon_core.package_identification:_identify(.) by extensions ['colcon_pkg']
[0.201s] Level 1:colcon.colcon_core.package_identification:_identify(.) by extension 'colcon_pkg'
[0.201s] Level 1:colcon.colcon_core.package_identification:_identify(.) by extensions ['colcon_meta']
[0.201s] Level 1:colcon.colcon_core.package_identification:_identify(.) by extension 'colcon_meta'
[0.201s] Level 1:colcon.colcon_core.package_identification:_identify(.) by extensions ['ros']
[0.201s] Level 1:colcon.colcon_core.package_identification:_identify(.) by extension 'ros'
[0.212s] Level 1:colcon.colcon_core.package_identification:_identify(.) by extensions ['cmake', 'python']
[0.212s] Level 1:colcon.colcon_core.package_identification:_identify(.) by extension 'cmake'
[0.212s] Level 1:colcon.colcon_core.package_identification:_identify(.) by extension 'python'
[0.212s] Level 1:colcon.colcon_core.package_identification:_identify(.) by extensions ['python_setup_py']
[0.213s] Level 1:colcon.colcon_core.package_identification:_identify(.) by extension 'python_setup_py'
[0.213s] Level 1:colcon.colcon_core.package_identification:_identify(build) by extensions ['ignore', 'ignore_ament_install']
[0.213s] Level 1:colcon.colcon_core.package_identification:_identify(build) by extension 'ignore'
[0.213s] Level 1:colcon.colcon_core.package_identification:_identify(build) ignored
[0.213s] Level 1:colcon.colcon_core.package_identification:_identify(install) by extensions ['ignore', 'ignore_ament_install']
[0.214s] Level 1:colcon.colcon_core.package_identification:_identify(install) by extension 'ignore'
[0.214s] Level 1:colcon.colcon_core.package_identification:_identify(install) ignored
[0.214s] Level 1:colcon.colcon_core.package_identification:_identify(log) by extensions ['ignore', 'ignore_ament_install']
[0.214s] Level 1:colcon.colcon_core.package_identification:_identify(log) by extension 'ignore'
[0.214s] Level 1:colcon.colcon_core.package_identification:_identify(log) ignored
[0.214s] Level 1:colcon.colcon_core.package_identification:_identify(src) by extensions ['ignore', 'ignore_ament_install']
[0.214s] Level 1:colcon.colcon_core.package_identification:_identify(src) by extension 'ignore'
[0.214s] Level 1:colcon.colcon_core.package_identification:_identify(src) by extension 'ignore_ament_install'
[0.214s] Level 1:colcon.colcon_core.package_identification:_identify(src) by extensions ['colcon_pkg']
[0.214s] Level 1:colcon.colcon_core.package_identification:_identify(src) by extension 'colcon_pkg'
[0.214s] Level 1:colcon.colcon_core.package_identification:_identify(src) by extensions ['colcon_meta']
[0.214s] Level 1:colcon.colcon_core.package_identification:_identify(src) by extension 'colcon_meta'
[0.214s] Level 1:colcon.colcon_core.package_identification:_identify(src) by extensions ['ros']
[0.214s] Level 1:colcon.colcon_core.package_identification:_identify(src) by extension 'ros'
[0.214s] Level 1:colcon.colcon_core.package_identification:_identify(src) by extensions ['cmake', 'python']
[0.214s] Level 1:colcon.colcon_core.package_identification:_identify(src) by extension 'cmake'
[0.215s] Level 1:colcon.colcon_core.package_identification:_identify(src) by extension 'python'
[0.215s] Level 1:colcon.colcon_core.package_identification:_identify(src) by extensions ['python_setup_py']
[0.215s] Level 1:colcon.colcon_core.package_identification:_identify(src) by extension 'python_setup_py'
[0.215s] Level 1:colcon.colcon_core.package_identification:_identify(src/build) by extensions ['ignore', 'ignore_ament_install']
[0.215s] Level 1:colcon.colcon_core.package_identification:_identify(src/build) by extension 'ignore'
[0.215s] Level 1:colcon.colcon_core.package_identification:_identify(src/build) ignored
[0.215s] Level 1:colcon.colcon_core.package_identification:_identify(src/install) by extensions ['ignore', 'ignore_ament_install']
[0.215s] Level 1:colcon.colcon_core.package_identification:_identify(src/install) by extension 'ignore'
[0.215s] Level 1:colcon.colcon_core.package_identification:_identify(src/install) ignored
[0.215s] Level 1:colcon.colcon_core.package_identification:_identify(src/log) by extensions ['ignore', 'ignore_ament_install']
[0.215s] Level 1:colcon.colcon_core.package_identification:_identify(src/log) by extension 'ignore'
[0.215s] Level 1:colcon.colcon_core.package_identification:_identify(src/log) ignored
[0.215s] Level 1:colcon.colcon_core.package_identification:_identify(src/ros2_shared) by extensions ['ignore', 'ignore_ament_install']
[0.216s] Level 1:colcon.colcon_core.package_identification:_identify(src/ros2_shared) by extension 'ignore'
[0.216s] Level 1:colcon.colcon_core.package_identification:_identify(src/ros2_shared) by extension 'ignore_ament_install'
[0.216s] Level 1:colcon.colcon_core.package_identification:_identify(src/ros2_shared) by extensions ['colcon_pkg']
[0.216s] Level 1:colcon.colcon_core.package_identification:_identify(src/ros2_shared) by extension 'colcon_pkg'
[0.216s] Level 1:colcon.colcon_core.package_identification:_identify(src/ros2_shared) by extensions ['colcon_meta']
[0.216s] Level 1:colcon.colcon_core.package_identification:_identify(src/ros2_shared) by extension 'colcon_meta'
[0.216s] Level 1:colcon.colcon_core.package_identification:_identify(src/ros2_shared) by extensions ['ros']
[0.216s] Level 1:colcon.colcon_core.package_identification:_identify(src/ros2_shared) by extension 'ros'
[0.219s] DEBUG:colcon.colcon_core.package_identification:Package 'src/ros2_shared' with type 'ros.ament_cmake' and name 'ros2_shared'
[0.219s] Level 1:colcon.colcon_core.package_identification:_identify(src/tello_ros) by extensions ['ignore', 'ignore_ament_install']
[0.219s] Level 1:colcon.colcon_core.package_identification:_identify(src/tello_ros) by extension 'ignore'
[0.219s] Level 1:colcon.colcon_core.package_identification:_identify(src/tello_ros) by extension 'ignore_ament_install'
[0.219s] Level 1:colcon.colcon_core.package_identification:_identify(src/tello_ros) by extensions ['colcon_pkg']
[0.219s] Level 1:colcon.colcon_core.package_identification:_identify(src/tello_ros) by extension 'colcon_pkg'
[0.219s] Level 1:colcon.colcon_core.package_identification:_identify(src/tello_ros) by extensions ['colcon_meta']
[0.219s] Level 1:colcon.colcon_core.package_identification:_identify(src/tello_ros) by extension 'colcon_meta'
[0.219s] Level 1:colcon.colcon_core.package_identification:_identify(src/tello_ros) by extensions ['ros']
[0.219s] Level 1:colcon.colcon_core.package_identification:_identify(src/tello_ros) by extension 'ros'
[0.219s] Level 1:colcon.colcon_core.package_identification:_identify(src/tello_ros) by extensions ['cmake', 'python']
[0.219s] Level 1:colcon.colcon_core.package_identification:_identify(src/tello_ros) by extension 'cmake'
[0.219s] Level 1:colcon.colcon_core.package_identification:_identify(src/tello_ros) by extension 'python'
[0.220s] Level 1:colcon.colcon_core.package_identification:_identify(src/tello_ros) by extensions ['python_setup_py']
[0.220s] Level 1:colcon.colcon_core.package_identification:_identify(src/tello_ros) by extension 'python_setup_py'
[0.220s] Level 1:colcon.colcon_core.package_identification:_identify(src/tello_ros/docker) by extensions ['ignore', 'ignore_ament_install']
[0.220s] Level 1:colcon.colcon_core.package_identification:_identify(src/tello_ros/docker) by extension 'ignore'
[0.220s] Level 1:colcon.colcon_core.package_identification:_identify(src/tello_ros/docker) by extension 'ignore_ament_install'
[0.220s] Level 1:colcon.colcon_core.package_identification:_identify(src/tello_ros/docker) by extensions ['colcon_pkg']
[0.220s] Level 1:colcon.colcon_core.package_identification:_identify(src/tello_ros/docker) by extension 'colcon_pkg'
[0.220s] Level 1:colcon.colcon_core.package_identification:_identify(src/tello_ros/docker) by extensions ['colcon_meta']
[0.220s] Level 1:colcon.colcon_core.package_identification:_identify(src/tello_ros/docker) by extension 'colcon_meta'
[0.220s] Level 1:colcon.colcon_core.package_identification:_identify(src/tello_ros/docker) by extensions ['ros']
[0.220s] Level 1:colcon.colcon_core.package_identification:_identify(src/tello_ros/docker) by extension 'ros'
[0.220s] Level 1:colcon.colcon_core.package_identification:_identify(src/tello_ros/docker) by extensions ['cmake', 'python']
[0.220s] Level 1:colcon.colcon_core.package_identification:_identify(src/tello_ros/docker) by extension 'cmake'
[0.220s] Level 1:colcon.colcon_core.package_identification:_identify(src/tello_ros/docker) by extension 'python'
[0.220s] Level 1:colcon.colcon_core.package_identification:_identify(src/tello_ros/docker) by extensions ['python_setup_py']
[0.220s] Level 1:colcon.colcon_core.package_identification:_identify(src/tello_ros/docker) by extension 'python_setup_py'
[0.220s] Level 1:colcon.colcon_core.package_identification:_identify(src/tello_ros/tello_description) by extensions ['ignore', 'ignore_ament_install']
[0.220s] Level 1:colcon.colcon_core.package_identification:_identify(src/tello_ros/tello_description) by extension 'ignore'
[0.220s] Level 1:colcon.colcon_core.package_identification:_identify(src/tello_ros/tello_description) by extension 'ignore_ament_install'
[0.220s] Level 1:colcon.colcon_core.package_identification:_identify(src/tello_ros/tello_description) by extensions ['colcon_pkg']
[0.220s] Level 1:colcon.colcon_core.package_identification:_identify(src/tello_ros/tello_description) by extension 'colcon_pkg'
[0.220s] Level 1:colcon.colcon_core.package_identification:_identify(src/tello_ros/tello_description) by extensions ['colcon_meta']
[0.221s] Level 1:colcon.colcon_core.package_identification:_identify(src/tello_ros/tello_description) by extension 'colcon_meta'
[0.221s] Level 1:colcon.colcon_core.package_identification:_identify(src/tello_ros/tello_description) by extensions ['ros']
[0.221s] Level 1:colcon.colcon_core.package_identification:_identify(src/tello_ros/tello_description) by extension 'ros'
[0.221s] DEBUG:colcon.colcon_core.package_identification:Package 'src/tello_ros/tello_description' with type 'ros.ament_cmake' and name 'tello_description'
[0.222s] Level 1:colcon.colcon_core.package_identification:_identify(src/tello_ros/tello_driver) by extensions ['ignore', 'ignore_ament_install']
[0.222s] Level 1:colcon.colcon_core.package_identification:_identify(src/tello_ros/tello_driver) by extension 'ignore'
[0.222s] Level 1:colcon.colcon_core.package_identification:_identify(src/tello_ros/tello_driver) by extension 'ignore_ament_install'
[0.222s] Level 1:colcon.colcon_core.package_identification:_identify(src/tello_ros/tello_driver) by extensions ['colcon_pkg']
[0.222s] Level 1:colcon.colcon_core.package_identification:_identify(src/tello_ros/tello_driver) by extension 'colcon_pkg'
[0.222s] Level 1:colcon.colcon_core.package_identification:_identify(src/tello_ros/tello_driver) by extensions ['colcon_meta']
[0.222s] Level 1:colcon.colcon_core.package_identification:_identify(src/tello_ros/tello_driver) by extension 'colcon_meta'
[0.222s] Level 1:colcon.colcon_core.package_identification:_identify(src/tello_ros/tello_driver) by extensions ['ros']
[0.222s] Level 1:colcon.colcon_core.package_identification:_identify(src/tello_ros/tello_driver) by extension 'ros'
[0.223s] DEBUG:colcon.colcon_core.package_identification:Package 'src/tello_ros/tello_driver' with type 'ros.ament_cmake' and name 'tello_driver'
[0.223s] Level 1:colcon.colcon_core.package_identification:_identify(src/tello_ros/tello_gazebo) by extensions ['ignore', 'ignore_ament_install']
[0.223s] Level 1:colcon.colcon_core.package_identification:_identify(src/tello_ros/tello_gazebo) by extension 'ignore'
[0.223s] Level 1:colcon.colcon_core.package_identification:_identify(src/tello_ros/tello_gazebo) by extension 'ignore_ament_install'
[0.223s] Level 1:colcon.colcon_core.package_identification:_identify(src/tello_ros/tello_gazebo) by extensions ['colcon_pkg']
[0.224s] Level 1:colcon.colcon_core.package_identification:_identify(src/tello_ros/tello_gazebo) by extension 'colcon_pkg'
[0.224s] Level 1:colcon.colcon_core.package_identification:_identify(src/tello_ros/tello_gazebo) by extensions ['colcon_meta']
[0.224s] Level 1:colcon.colcon_core.package_identification:_identify(src/tello_ros/tello_gazebo) by extension 'colcon_meta'
[0.224s] Level 1:colcon.colcon_core.package_identification:_identify(src/tello_ros/tello_gazebo) by extensions ['ros']
[0.224s] Level 1:colcon.colcon_core.package_identification:_identify(src/tello_ros/tello_gazebo) by extension 'ros'
[0.225s] DEBUG:colcon.colcon_core.package_identification:Package 'src/tello_ros/tello_gazebo' with type 'ros.ament_cmake' and name 'tello_gazebo'
[0.225s] Level 1:colcon.colcon_core.package_identification:_identify(src/tello_ros/tello_msgs) by extensions ['ignore', 'ignore_ament_install']
[0.225s] Level 1:colcon.colcon_core.package_identification:_identify(src/tello_ros/tello_msgs) by extension 'ignore'
[0.225s] Level 1:colcon.colcon_core.package_identification:_identify(src/tello_ros/tello_msgs) by extension 'ignore_ament_install'
[0.225s] Level 1:colcon.colcon_core.package_identification:_identify(src/tello_ros/tello_msgs) by extensions ['colcon_pkg']
[0.225s] Level 1:colcon.colcon_core.package_identification:_identify(src/tello_ros/tello_msgs) by extension 'colcon_pkg'
[0.225s] Level 1:colcon.colcon_core.package_identification:_identify(src/tello_ros/tello_msgs) by extensions ['colcon_meta']
[0.225s] Level 1:colcon.colcon_core.package_identification:_identify(src/tello_ros/tello_msgs) by extension 'colcon_meta'
[0.225s] Level 1:colcon.colcon_core.package_identification:_identify(src/tello_ros/tello_msgs) by extensions ['ros']
[0.225s] Level 1:colcon.colcon_core.package_identification:_identify(src/tello_ros/tello_msgs) by extension 'ros'
[0.226s] DEBUG:colcon.colcon_core.package_identification:Package 'src/tello_ros/tello_msgs' with type 'ros.ament_cmake' and name 'tello_msgs'
[0.226s] Level 1:colcon.colcon_core.package_discovery:discover_packages(recursive) using defaults
[0.226s] Level 1:colcon.colcon_core.package_discovery:discover_packages(ignore) discover
[0.226s] Level 1:colcon.colcon_core.package_discovery:discover_packages(ignore) using defaults
[0.226s] Level 1:colcon.colcon_core.package_discovery:discover_packages(path) discover
[0.226s] Level 1:colcon.colcon_core.package_discovery:discover_packages(path) using defaults
[0.247s] Level 5:colcon.colcon_core.verb:set package 'ros2_shared' build argument 'cmake_args' from command line to 'None'
[0.247s] Level 5:colcon.colcon_core.verb:set package 'ros2_shared' build argument 'cmake_target' from command line to 'None'
[0.247s] Level 5:colcon.colcon_core.verb:set package 'ros2_shared' build argument 'cmake_target_skip_unavailable' from command line to 'False'
[0.248s] Level 5:colcon.colcon_core.verb:set package 'ros2_shared' build argument 'cmake_clean_cache' from command line to 'False'
[0.248s] Level 5:colcon.colcon_core.verb:set package 'ros2_shared' build argument 'cmake_clean_first' from command line to 'False'
[0.248s] Level 5:colcon.colcon_core.verb:set package 'ros2_shared' build argument 'cmake_force_configure' from command line to 'False'
[0.248s] Level 5:colcon.colcon_core.verb:set package 'ros2_shared' build argument 'ament_cmake_args' from command line to 'None'
[0.248s] Level 5:colcon.colcon_core.verb:set package 'ros2_shared' build argument 'catkin_cmake_args' from command line to 'None'
[0.248s] Level 5:colcon.colcon_core.verb:set package 'ros2_shared' build argument 'catkin_skip_building_tests' from command line to 'False'
[0.248s] DEBUG:colcon.colcon_core.verb:Building package 'ros2_shared' with the following arguments: {'ament_cmake_args': None, 'build_base': '/home/tello/tello_ros_ws/build/ros2_shared', 'catkin_cmake_args': None, 'catkin_skip_building_tests': False, 'cmake_args': None, 'cmake_clean_cache': False, 'cmake_clean_first': False, 'cmake_force_configure': False, 'cmake_target': None, 'cmake_target_skip_unavailable': False, 'install_base': '/home/tello/tello_ros_ws/install/ros2_shared', 'merge_install': False, 'path': '/home/tello/tello_ros_ws/src/ros2_shared', 'symlink_install': False, 'test_result_base': None}
[0.250s] Level 5:colcon.colcon_core.verb:set package 'tello_description' build argument 'cmake_args' from command line to 'None'
[0.251s] Level 5:colcon.colcon_core.verb:set package 'tello_description' build argument 'cmake_target' from command line to 'None'
[0.251s] Level 5:colcon.colcon_core.verb:set package 'tello_description' build argument 'cmake_target_skip_unavailable' from command line to 'False'
[0.251s] Level 5:colcon.colcon_core.verb:set package 'tello_description' build argument 'cmake_clean_cache' from command line to 'False'
[0.251s] Level 5:colcon.colcon_core.verb:set package 'tello_description' build argument 'cmake_clean_first' from command line to 'False'
[0.251s] Level 5:colcon.colcon_core.verb:set package 'tello_description' build argument 'cmake_force_configure' from command line to 'False'
[0.251s] Level 5:colcon.colcon_core.verb:set package 'tello_description' build argument 'ament_cmake_args' from command line to 'None'
[0.251s] Level 5:colcon.colcon_core.verb:set package 'tello_description' build argument 'catkin_cmake_args' from command line to 'None'
[0.251s] Level 5:colcon.colcon_core.verb:set package 'tello_description' build argument 'catkin_skip_building_tests' from command line to 'False'
[0.251s] DEBUG:colcon.colcon_core.verb:Building package 'tello_description' with the following arguments: {'ament_cmake_args': None, 'build_base': '/home/tello/tello_ros_ws/build/tello_description', 'catkin_cmake_args': None, 'catkin_skip_building_tests': False, 'cmake_args': None, 'cmake_clean_cache': False, 'cmake_clean_first': False, 'cmake_force_configure': False, 'cmake_target': None, 'cmake_target_skip_unavailable': False, 'install_base': '/home/tello/tello_ros_ws/install/tello_description', 'merge_install': False, 'path': '/home/tello/tello_ros_ws/src/tello_ros/tello_description', 'symlink_install': False, 'test_result_base': None}
[0.254s] Level 5:colcon.colcon_core.verb:set package 'tello_msgs' build argument 'cmake_args' from command line to 'None'
[0.254s] Level 5:colcon.colcon_core.verb:set package 'tello_msgs' build argument 'cmake_target' from command line to 'None'
[0.254s] Level 5:colcon.colcon_core.verb:set package 'tello_msgs' build argument 'cmake_target_skip_unavailable' from command line to 'False'
[0.254s] Level 5:colcon.colcon_core.verb:set package 'tello_msgs' build argument 'cmake_clean_cache' from command line to 'False'
[0.254s] Level 5:colcon.colcon_core.verb:set package 'tello_msgs' build argument 'cmake_clean_first' from command line to 'False'
[0.254s] Level 5:colcon.colcon_core.verb:set package 'tello_msgs' build argument 'cmake_force_configure' from command line to 'False'
[0.254s] Level 5:colcon.colcon_core.verb:set package 'tello_msgs' build argument 'ament_cmake_args' from command line to 'None'
[0.254s] Level 5:colcon.colcon_core.verb:set package 'tello_msgs' build argument 'catkin_cmake_args' from command line to 'None'
[0.254s] Level 5:colcon.colcon_core.verb:set package 'tello_msgs' build argument 'catkin_skip_building_tests' from command line to 'False'
[0.254s] DEBUG:colcon.colcon_core.verb:Building package 'tello_msgs' with the following arguments: {'ament_cmake_args': None, 'build_base': '/home/tello/tello_ros_ws/build/tello_msgs', 'catkin_cmake_args': None, 'catkin_skip_building_tests': False, 'cmake_args': None, 'cmake_clean_cache': False, 'cmake_clean_first': False, 'cmake_force_configure': False, 'cmake_target': None, 'cmake_target_skip_unavailable': False, 'install_base': '/home/tello/tello_ros_ws/install/tello_msgs', 'merge_install': False, 'path': '/home/tello/tello_ros_ws/src/tello_ros/tello_msgs', 'symlink_install': False, 'test_result_base': None}
[0.257s] Level 5:colcon.colcon_core.verb:set package 'tello_driver' build argument 'cmake_args' from command line to 'None'
[0.257s] Level 5:colcon.colcon_core.verb:set package 'tello_driver' build argument 'cmake_target' from command line to 'None'
[0.257s] Level 5:colcon.colcon_core.verb:set package 'tello_driver' build argument 'cmake_target_skip_unavailable' from command line to 'False'
[0.257s] Level 5:colcon.colcon_core.verb:set package 'tello_driver' build argument 'cmake_clean_cache' from command line to 'False'
[0.257s] Level 5:colcon.colcon_core.verb:set package 'tello_driver' build argument 'cmake_clean_first' from command line to 'False'
[0.257s] Level 5:colcon.colcon_core.verb:set package 'tello_driver' build argument 'cmake_force_configure' from command line to 'False'
[0.257s] Level 5:colcon.colcon_core.verb:set package 'tello_driver' build argument 'ament_cmake_args' from command line to 'None'
[0.257s] Level 5:colcon.colcon_core.verb:set package 'tello_driver' build argument 'catkin_cmake_args' from command line to 'None'
[0.257s] Level 5:colcon.colcon_core.verb:set package 'tello_driver' build argument 'catkin_skip_building_tests' from command line to 'False'
[0.257s] DEBUG:colcon.colcon_core.verb:Building package 'tello_driver' with the following arguments: {'ament_cmake_args': None, 'build_base': '/home/tello/tello_ros_ws/build/tello_driver', 'catkin_cmake_args': None, 'catkin_skip_building_tests': False, 'cmake_args': None, 'cmake_clean_cache': False, 'cmake_clean_first': False, 'cmake_force_configure': False, 'cmake_target': None, 'cmake_target_skip_unavailable': False, 'install_base': '/home/tello/tello_ros_ws/install/tello_driver', 'merge_install': False, 'path': '/home/tello/tello_ros_ws/src/tello_ros/tello_driver', 'symlink_install': False, 'test_result_base': None}
[0.260s] Level 5:colcon.colcon_core.verb:set package 'tello_gazebo' build argument 'cmake_args' from command line to 'None'
[0.260s] Level 5:colcon.colcon_core.verb:set package 'tello_gazebo' build argument 'cmake_target' from command line to 'None'
[0.260s] Level 5:colcon.colcon_core.verb:set package 'tello_gazebo' build argument 'cmake_target_skip_unavailable' from command line to 'False'
[0.260s] Level 5:colcon.colcon_core.verb:set package 'tello_gazebo' build argument 'cmake_clean_cache' from command line to 'False'
[0.260s] Level 5:colcon.colcon_core.verb:set package 'tello_gazebo' build argument 'cmake_clean_first' from command line to 'False'
[0.260s] Level 5:colcon.colcon_core.verb:set package 'tello_gazebo' build argument 'cmake_force_configure' from command line to 'False'
[0.260s] Level 5:colcon.colcon_core.verb:set package 'tello_gazebo' build argument 'ament_cmake_args' from command line to 'None'
[0.260s] Level 5:colcon.colcon_core.verb:set package 'tello_gazebo' build argument 'catkin_cmake_args' from command line to 'None'
[0.260s] Level 5:colcon.colcon_core.verb:set package 'tello_gazebo' build argument 'catkin_skip_building_tests' from command line to 'False'
[0.260s] DEBUG:colcon.colcon_core.verb:Building package 'tello_gazebo' with the following arguments: {'ament_cmake_args': None, 'build_base': '/home/tello/tello_ros_ws/build/tello_gazebo', 'catkin_cmake_args': None, 'catkin_skip_building_tests': False, 'cmake_args': None, 'cmake_clean_cache': False, 'cmake_clean_first': False, 'cmake_force_configure': False, 'cmake_target': None, 'cmake_target_skip_unavailable': False, 'install_base': '/home/tello/tello_ros_ws/install/tello_gazebo', 'merge_install': False, 'path': '/home/tello/tello_ros_ws/src/tello_ros/tello_gazebo', 'symlink_install': False, 'test_result_base': None}
[0.261s] INFO:colcon.colcon_core.executor:Executing jobs using 'parallel' executor
[0.265s] DEBUG:colcon.colcon_parallel_executor.executor.parallel:run_until_complete
[0.266s] INFO:colcon.colcon_ros.task.ament_cmake.build:Building ROS package in '/home/tello/tello_ros_ws/src/tello_ros/tello_msgs' with build type 'ament_cmake'
[0.266s] INFO:colcon.colcon_cmake.task.cmake.build:Building CMake package in '/home/tello/tello_ros_ws/src/tello_ros/tello_msgs'
[0.272s] INFO:colcon.colcon_core.plugin_system:Skipping extension 'colcon_core.shell.bat': Not used on non-Windows systems
[0.272s] INFO:colcon.colcon_core.shell:Skip shell extension 'powershell' for command environment: Not usable outside of PowerShell
[0.272s] DEBUG:colcon.colcon_core.shell:Skip shell extension 'dsv' for command environment
[0.275s] DEBUG:colcon.colcon_core.shell:Ignoring prefix path '/opt/ros/eloquent'
[0.283s] INFO:colcon.colcon_ros.task.ament_cmake.build:Building ROS package in '/home/tello/tello_ros_ws/src/ros2_shared' with build type 'ament_cmake'
[0.284s] INFO:colcon.colcon_cmake.task.cmake.build:Building CMake package in '/home/tello/tello_ros_ws/src/ros2_shared'
[0.285s] INFO:colcon.colcon_core.shell:Skip shell extension 'powershell' for command environment: Not usable outside of PowerShell
[0.285s] DEBUG:colcon.colcon_core.shell:Skip shell extension 'dsv' for command environment
[0.288s] DEBUG:colcon.colcon_core.shell:Ignoring prefix path '/opt/ros/eloquent'
[0.294s] INFO:colcon.colcon_ros.task.ament_cmake.build:Building ROS package in '/home/tello/tello_ros_ws/src/tello_ros/tello_description' with build type 'ament_cmake'
[0.295s] INFO:colcon.colcon_cmake.task.cmake.build:Building CMake package in '/home/tello/tello_ros_ws/src/tello_ros/tello_description'
[0.297s] INFO:colcon.colcon_core.shell:Skip shell extension 'powershell' for command environment: Not usable outside of PowerShell
[0.297s] DEBUG:colcon.colcon_core.shell:Skip shell extension 'dsv' for command environment
[0.299s] DEBUG:colcon.colcon_core.shell:Ignoring prefix path '/opt/ros/eloquent'
[0.314s] DEBUG:colcon.colcon_core.event_handler.log_command:Invoking command in '/home/tello/tello_ros_ws/build/tello_msgs': CMAKE_PREFIX_PATH=/opt/ros/eloquent /usr/bin/cmake --build /home/tello/tello_ros_ws/build/tello_msgs -- -j3 -l3
[0.368s] DEBUG:colcon.colcon_core.event_handler.log_command:Invoking command in '/home/tello/tello_ros_ws/build/tello_description': CMAKE_PREFIX_PATH=/opt/ros/eloquent /usr/bin/cmake --build /home/tello/tello_ros_ws/build/tello_description -- -j3 -l3
[0.388s] DEBUG:colcon.colcon_core.event_handler.log_command:Invoking command in '/home/tello/tello_ros_ws/build/ros2_shared': CMAKE_PREFIX_PATH=/opt/ros/eloquent /usr/bin/cmake --build /home/tello/tello_ros_ws/build/ros2_shared -- -j3 -l3
[0.474s] DEBUG:colcon.colcon_core.event_handler.log_command:Invoked command in '/home/tello/tello_ros_ws/build/ros2_shared' returned '0': CMAKE_PREFIX_PATH=/opt/ros/eloquent /usr/bin/cmake --build /home/tello/tello_ros_ws/build/ros2_shared -- -j3 -l3
[0.574s] DEBUG:colcon.colcon_core.event_handler.log_command:Invoking command in '/home/tello/tello_ros_ws/build/ros2_shared': CMAKE_PREFIX_PATH=/opt/ros/eloquent /usr/bin/cmake --build /home/tello/tello_ros_ws/build/ros2_shared --target install -- -j3 -l3
[0.714s] DEBUG:colcon.colcon_core.event_handler.log_command:Invoked command in '/home/tello/tello_ros_ws/build/tello_description' returned '0': CMAKE_PREFIX_PATH=/opt/ros/eloquent /usr/bin/cmake --build /home/tello/tello_ros_ws/build/tello_description -- -j3 -l3
[0.723s] Level 1:colcon.colcon_core.environment:create_environment_scripts_only(ros2_shared)
[0.727s] DEBUG:colcon.colcon_core.event_handler.log_command:Invoked command in '/home/tello/tello_ros_ws/build/ros2_shared' returned '0': CMAKE_PREFIX_PATH=/opt/ros/eloquent /usr/bin/cmake --build /home/tello/tello_ros_ws/build/ros2_shared --target install -- -j3 -l3
[0.730s] Level 1:colcon.colcon_core.environment:checking '/home/tello/tello_ros_ws/install/ros2_shared' for CMake module files
[0.730s] Level 1:colcon.colcon_core.environment:checking '/home/tello/tello_ros_ws/install/ros2_shared' for CMake config files
[0.731s] Level 1:colcon.colcon_core.shell:create_environment_hook('ros2_shared', 'cmake_prefix_path')
[0.732s] INFO:colcon.colcon_core.shell:Creating environment hook '/home/tello/tello_ros_ws/install/ros2_shared/share/ros2_shared/hook/cmake_prefix_path.ps1'
[0.734s] INFO:colcon.colcon_core.shell:Creating environment descriptor '/home/tello/tello_ros_ws/install/ros2_shared/share/ros2_shared/hook/cmake_prefix_path.dsv'
[0.735s] INFO:colcon.colcon_core.shell:Creating environment hook '/home/tello/tello_ros_ws/install/ros2_shared/share/ros2_shared/hook/cmake_prefix_path.sh'
[0.738s] Level 1:colcon.colcon_core.environment:checking '/home/tello/tello_ros_ws/install/ros2_shared/bin'
[0.738s] Level 1:colcon.colcon_core.environment:checking '/home/tello/tello_ros_ws/install/ros2_shared/lib/pkgconfig/ros2_shared.pc'
[0.738s] Level 1:colcon.colcon_core.environment:checking '/home/tello/tello_ros_ws/install/ros2_shared/lib/python3.6/site-packages'
[0.740s] INFO:colcon.colcon_core.shell:Creating package script '/home/tello/tello_ros_ws/install/ros2_shared/share/ros2_shared/package.ps1'
[0.742s] INFO:colcon.colcon_core.shell:Creating package descriptor '/home/tello/tello_ros_ws/install/ros2_shared/share/ros2_shared/package.dsv'
[0.743s] INFO:colcon.colcon_core.shell:Creating package script '/home/tello/tello_ros_ws/install/ros2_shared/share/ros2_shared/package.sh'
[0.746s] INFO:colcon.colcon_core.shell:Creating package script '/home/tello/tello_ros_ws/install/ros2_shared/share/ros2_shared/package.bash'
[0.749s] INFO:colcon.colcon_core.shell:Creating package script '/home/tello/tello_ros_ws/install/ros2_shared/share/ros2_shared/package.zsh'
[0.750s] Level 1:colcon.colcon_core.environment:create_file_with_runtime_dependencies(/home/tello/tello_ros_ws/install/ros2_shared/share/colcon-core/packages/ros2_shared)
[0.805s] DEBUG:colcon.colcon_core.event_handler.log_command:Invoking command in '/home/tello/tello_ros_ws/build/tello_description': CMAKE_PREFIX_PATH=/opt/ros/eloquent /usr/bin/cmake --build /home/tello/tello_ros_ws/build/tello_description --target install -- -j3 -l3
[0.826s] Level 1:colcon.colcon_core.environment:create_environment_scripts_only(ros2_shared)
[0.828s] Level 1:colcon.colcon_core.environment:checking '/home/tello/tello_ros_ws/install/ros2_shared' for CMake module files
[0.828s] Level 1:colcon.colcon_core.environment:checking '/home/tello/tello_ros_ws/install/ros2_shared' for CMake config files
[0.828s] Level 1:colcon.colcon_core.shell:create_environment_hook('ros2_shared', 'cmake_prefix_path')
[0.829s] INFO:colcon.colcon_core.shell:Creating environment hook '/home/tello/tello_ros_ws/install/ros2_shared/share/ros2_shared/hook/cmake_prefix_path.ps1'
[0.830s] INFO:colcon.colcon_core.shell:Creating environment descriptor '/home/tello/tello_ros_ws/install/ros2_shared/share/ros2_shared/hook/cmake_prefix_path.dsv'
[0.831s] INFO:colcon.colcon_core.shell:Creating environment hook '/home/tello/tello_ros_ws/install/ros2_shared/share/ros2_shared/hook/cmake_prefix_path.sh'
[0.833s] Level 1:colcon.colcon_core.environment:checking '/home/tello/tello_ros_ws/install/ros2_shared/bin'
[0.833s] Level 1:colcon.colcon_core.environment:checking '/home/tello/tello_ros_ws/install/ros2_shared/lib/pkgconfig/ros2_shared.pc'
[0.833s] Level 1:colcon.colcon_core.environment:checking '/home/tello/tello_ros_ws/install/ros2_shared/lib/python3.6/site-packages'
[0.833s] INFO:colcon.colcon_core.shell:Creating package script '/home/tello/tello_ros_ws/install/ros2_shared/share/ros2_shared/package.ps1'
[0.834s] INFO:colcon.colcon_core.shell:Creating package descriptor '/home/tello/tello_ros_ws/install/ros2_shared/share/ros2_shared/package.dsv'
[0.838s] INFO:colcon.colcon_core.shell:Creating package script '/home/tello/tello_ros_ws/install/ros2_shared/share/ros2_shared/package.sh'
[0.839s] INFO:colcon.colcon_core.shell:Creating package script '/home/tello/tello_ros_ws/install/ros2_shared/share/ros2_shared/package.bash'
[0.840s] INFO:colcon.colcon_core.shell:Creating package script '/home/tello/tello_ros_ws/install/ros2_shared/share/ros2_shared/package.zsh'
[0.842s] Level 1:colcon.colcon_core.environment:create_file_with_runtime_dependencies(/home/tello/tello_ros_ws/install/ros2_shared/share/colcon-core/packages/ros2_shared)
[0.961s] DEBUG:colcon.colcon_core.event_handler.log_command:Invoked command in '/home/tello/tello_ros_ws/build/tello_msgs' returned '0': CMAKE_PREFIX_PATH=/opt/ros/eloquent /usr/bin/cmake --build /home/tello/tello_ros_ws/build/tello_msgs -- -j3 -l3
[1.125s] Level 1:colcon.colcon_core.environment:create_environment_scripts_only(tello_description)
[1.126s] Level 1:colcon.colcon_core.environment:checking '/home/tello/tello_ros_ws/install/tello_description' for CMake module files
[1.127s] Level 1:colcon.colcon_core.environment:checking '/home/tello/tello_ros_ws/install/tello_description' for CMake config files
[1.127s] Level 1:colcon.colcon_core.shell:create_environment_hook('tello_description', 'cmake_prefix_path')
[1.128s] INFO:colcon.colcon_core.shell:Creating environment hook '/home/tello/tello_ros_ws/install/tello_description/share/tello_description/hook/cmake_prefix_path.ps1'
[1.129s] DEBUG:colcon.colcon_core.event_handler.log_command:Invoked command in '/home/tello/tello_ros_ws/build/tello_description' returned '0': CMAKE_PREFIX_PATH=/opt/ros/eloquent /usr/bin/cmake --build /home/tello/tello_ros_ws/build/tello_description --target install -- -j3 -l3
[1.130s] INFO:colcon.colcon_core.shell:Creating environment descriptor '/home/tello/tello_ros_ws/install/tello_description/share/tello_description/hook/cmake_prefix_path.dsv'
[1.131s] INFO:colcon.colcon_core.shell:Creating environment hook '/home/tello/tello_ros_ws/install/tello_description/share/tello_description/hook/cmake_prefix_path.sh'
[1.132s] Level 1:colcon.colcon_core.environment:checking '/home/tello/tello_ros_ws/install/tello_description/bin'
[1.132s] Level 1:colcon.colcon_core.environment:checking '/home/tello/tello_ros_ws/install/tello_description/lib/pkgconfig/tello_description.pc'
[1.132s] Level 1:colcon.colcon_core.environment:checking '/home/tello/tello_ros_ws/install/tello_description/lib/python3.6/site-packages'
[1.133s] INFO:colcon.colcon_core.shell:Creating package script '/home/tello/tello_ros_ws/install/tello_description/share/tello_description/package.ps1'
[1.134s] INFO:colcon.colcon_core.shell:Creating package descriptor '/home/tello/tello_ros_ws/install/tello_description/share/tello_description/package.dsv'
[1.135s] INFO:colcon.colcon_core.shell:Creating package script '/home/tello/tello_ros_ws/install/tello_description/share/tello_description/package.sh'
[1.136s] INFO:colcon.colcon_core.shell:Creating package script '/home/tello/tello_ros_ws/install/tello_description/share/tello_description/package.bash'
[1.136s] INFO:colcon.colcon_core.shell:Creating package script '/home/tello/tello_ros_ws/install/tello_description/share/tello_description/package.zsh'
[1.137s] Level 1:colcon.colcon_core.environment:create_file_with_runtime_dependencies(/home/tello/tello_ros_ws/install/tello_description/share/colcon-core/packages/tello_description)
[1.209s] Level 1:colcon.colcon_core.environment:create_environment_scripts_only(tello_description)
[1.210s] Level 1:colcon.colcon_core.environment:checking '/home/tello/tello_ros_ws/install/tello_description' for CMake module files
[1.210s] Level 1:colcon.colcon_core.environment:checking '/home/tello/tello_ros_ws/install/tello_description' for CMake config files
[1.210s] Level 1:colcon.colcon_core.shell:create_environment_hook('tello_description', 'cmake_prefix_path')
[1.211s] INFO:colcon.colcon_core.shell:Creating environment hook '/home/tello/tello_ros_ws/install/tello_description/share/tello_description/hook/cmake_prefix_path.ps1'
[1.212s] INFO:colcon.colcon_core.shell:Creating environment descriptor '/home/tello/tello_ros_ws/install/tello_description/share/tello_description/hook/cmake_prefix_path.dsv'
[1.212s] INFO:colcon.colcon_core.shell:Creating environment hook '/home/tello/tello_ros_ws/install/tello_description/share/tello_description/hook/cmake_prefix_path.sh'
[1.213s] Level 1:colcon.colcon_core.environment:checking '/home/tello/tello_ros_ws/install/tello_description/bin'
[1.213s] Level 1:colcon.colcon_core.environment:checking '/home/tello/tello_ros_ws/install/tello_description/lib/pkgconfig/tello_description.pc'
[1.213s] Level 1:colcon.colcon_core.environment:checking '/home/tello/tello_ros_ws/install/tello_description/lib/python3.6/site-packages'
[1.214s] INFO:colcon.colcon_core.shell:Creating package script '/home/tello/tello_ros_ws/install/tello_description/share/tello_description/package.ps1'
[1.215s] INFO:colcon.colcon_core.shell:Creating package descriptor '/home/tello/tello_ros_ws/install/tello_description/share/tello_description/package.dsv'
[1.215s] INFO:colcon.colcon_core.shell:Creating package script '/home/tello/tello_ros_ws/install/tello_description/share/tello_description/package.sh'
[1.216s] INFO:colcon.colcon_core.shell:Creating package script '/home/tello/tello_ros_ws/install/tello_description/share/tello_description/package.bash'
[1.217s] INFO:colcon.colcon_core.shell:Creating package script '/home/tello/tello_ros_ws/install/tello_description/share/tello_description/package.zsh'
[1.218s] Level 1:colcon.colcon_core.environment:create_file_with_runtime_dependencies(/home/tello/tello_ros_ws/install/tello_description/share/colcon-core/packages/tello_description)
[1.281s] DEBUG:colcon.colcon_core.event_handler.log_command:Invoking command in '/home/tello/tello_ros_ws/build/tello_msgs': CMAKE_PREFIX_PATH=/opt/ros/eloquent /usr/bin/cmake --build /home/tello/tello_ros_ws/build/tello_msgs --target install -- -j3 -l3
[1.831s] Level 1:colcon.colcon_core.environment:create_environment_scripts_only(tello_msgs)
[1.833s] Level 1:colcon.colcon_core.environment:checking '/home/tello/tello_ros_ws/install/tello_msgs' for CMake module files
[1.834s] Level 1:colcon.colcon_core.environment:checking '/home/tello/tello_ros_ws/install/tello_msgs' for CMake config files
[1.836s] DEBUG:colcon.colcon_core.event_handler.log_command:Invoked command in '/home/tello/tello_ros_ws/build/tello_msgs' returned '0': CMAKE_PREFIX_PATH=/opt/ros/eloquent /usr/bin/cmake --build /home/tello/tello_ros_ws/build/tello_msgs --target install -- -j3 -l3
[1.837s] Level 1:colcon.colcon_core.shell:create_environment_hook('tello_msgs', 'cmake_prefix_path')
[1.838s] INFO:colcon.colcon_core.shell:Creating environment hook '/home/tello/tello_ros_ws/install/tello_msgs/share/tello_msgs/hook/cmake_prefix_path.ps1'
[1.839s] INFO:colcon.colcon_core.shell:Creating environment descriptor '/home/tello/tello_ros_ws/install/tello_msgs/share/tello_msgs/hook/cmake_prefix_path.dsv'
[1.841s] INFO:colcon.colcon_core.shell:Creating environment hook '/home/tello/tello_ros_ws/install/tello_msgs/share/tello_msgs/hook/cmake_prefix_path.sh'
[1.843s] Level 1:colcon.colcon_core.environment:checking '/home/tello/tello_ros_ws/install/tello_msgs/lib'
[1.844s] Level 1:colcon.colcon_core.shell:create_environment_hook('tello_msgs', 'ld_library_path_lib')
[1.845s] INFO:colcon.colcon_core.shell:Creating environment hook '/home/tello/tello_ros_ws/install/tello_msgs/share/tello_msgs/hook/ld_library_path_lib.ps1'
[1.846s] INFO:colcon.colcon_core.shell:Creating environment descriptor '/home/tello/tello_ros_ws/install/tello_msgs/share/tello_msgs/hook/ld_library_path_lib.dsv'
[1.847s] INFO:colcon.colcon_core.shell:Creating environment hook '/home/tello/tello_ros_ws/install/tello_msgs/share/tello_msgs/hook/ld_library_path_lib.sh'
[1.848s] Level 1:colcon.colcon_core.environment:checking '/home/tello/tello_ros_ws/install/tello_msgs/bin'
[1.848s] Level 1:colcon.colcon_core.environment:checking '/home/tello/tello_ros_ws/install/tello_msgs/lib/pkgconfig/tello_msgs.pc'
[1.848s] Level 1:colcon.colcon_core.environment:checking '/home/tello/tello_ros_ws/install/tello_msgs/lib/python3.6/site-packages'
[1.848s] Level 1:colcon.colcon_core.shell:create_environment_hook('tello_msgs', 'pythonpath')
[1.849s] INFO:colcon.colcon_core.shell:Creating environment hook '/home/tello/tello_ros_ws/install/tello_msgs/share/tello_msgs/hook/pythonpath.ps1'
[1.850s] INFO:colcon.colcon_core.shell:Creating environment descriptor '/home/tello/tello_ros_ws/install/tello_msgs/share/tello_msgs/hook/pythonpath.dsv'
[1.852s] INFO:colcon.colcon_core.shell:Creating environment hook '/home/tello/tello_ros_ws/install/tello_msgs/share/tello_msgs/hook/pythonpath.sh'
[1.854s] INFO:colcon.colcon_core.shell:Creating package script '/home/tello/tello_ros_ws/install/tello_msgs/share/tello_msgs/package.ps1'
[1.857s] INFO:colcon.colcon_core.shell:Creating package descriptor '/home/tello/tello_ros_ws/install/tello_msgs/share/tello_msgs/package.dsv'
[1.858s] INFO:colcon.colcon_core.shell:Creating package script '/home/tello/tello_ros_ws/install/tello_msgs/share/tello_msgs/package.sh'
[1.860s] INFO:colcon.colcon_core.shell:Creating package script '/home/tello/tello_ros_ws/install/tello_msgs/share/tello_msgs/package.bash'
[1.861s] INFO:colcon.colcon_core.shell:Creating package script '/home/tello/tello_ros_ws/install/tello_msgs/share/tello_msgs/package.zsh'
[1.863s] Level 1:colcon.colcon_core.environment:create_file_with_runtime_dependencies(/home/tello/tello_ros_ws/install/tello_msgs/share/colcon-core/packages/tello_msgs)
[2.093s] Level 1:colcon.colcon_core.environment:create_environment_scripts_only(tello_msgs)
[2.095s] Level 1:colcon.colcon_core.environment:checking '/home/tello/tello_ros_ws/install/tello_msgs' for CMake module files
[2.095s] Level 1:colcon.colcon_core.environment:checking '/home/tello/tello_ros_ws/install/tello_msgs' for CMake config files
[2.095s] Level 1:colcon.colcon_core.shell:create_environment_hook('tello_msgs', 'cmake_prefix_path')
[2.097s] INFO:colcon.colcon_core.shell:Creating environment hook '/home/tello/tello_ros_ws/install/tello_msgs/share/tello_msgs/hook/cmake_prefix_path.ps1'
[2.098s] INFO:colcon.colcon_core.shell:Creating environment descriptor '/home/tello/tello_ros_ws/install/tello_msgs/share/tello_msgs/hook/cmake_prefix_path.dsv'
[2.099s] INFO:colcon.colcon_core.shell:Creating environment hook '/home/tello/tello_ros_ws/install/tello_msgs/share/tello_msgs/hook/cmake_prefix_path.sh'
[2.100s] Level 1:colcon.colcon_core.environment:checking '/home/tello/tello_ros_ws/install/tello_msgs/lib'
[2.100s] Level 1:colcon.colcon_core.shell:create_environment_hook('tello_msgs', 'ld_library_path_lib')
[2.101s] INFO:colcon.colcon_core.shell:Creating environment hook '/home/tello/tello_ros_ws/install/tello_msgs/share/tello_msgs/hook/ld_library_path_lib.ps1'
[2.102s] INFO:colcon.colcon_core.shell:Creating environment descriptor '/home/tello/tello_ros_ws/install/tello_msgs/share/tello_msgs/hook/ld_library_path_lib.dsv'
[2.102s] INFO:colcon.colcon_core.shell:Creating environment hook '/home/tello/tello_ros_ws/install/tello_msgs/share/tello_msgs/hook/ld_library_path_lib.sh'
[2.103s] Level 1:colcon.colcon_core.environment:checking '/home/tello/tello_ros_ws/install/tello_msgs/bin'
[2.103s] Level 1:colcon.colcon_core.environment:checking '/home/tello/tello_ros_ws/install/tello_msgs/lib/pkgconfig/tello_msgs.pc'
[2.103s] Level 1:colcon.colcon_core.environment:checking '/home/tello/tello_ros_ws/install/tello_msgs/lib/python3.6/site-packages'
[2.103s] Level 1:colcon.colcon_core.shell:create_environment_hook('tello_msgs', 'pythonpath')
[2.104s] INFO:colcon.colcon_core.shell:Creating environment hook '/home/tello/tello_ros_ws/install/tello_msgs/share/tello_msgs/hook/pythonpath.ps1'
[2.105s] INFO:colcon.colcon_core.shell:Creating environment descriptor '/home/tello/tello_ros_ws/install/tello_msgs/share/tello_msgs/hook/pythonpath.dsv'
[2.106s] INFO:colcon.colcon_core.shell:Creating environment hook '/home/tello/tello_ros_ws/install/tello_msgs/share/tello_msgs/hook/pythonpath.sh'
[2.107s] INFO:colcon.colcon_core.shell:Creating package script '/home/tello/tello_ros_ws/install/tello_msgs/share/tello_msgs/package.ps1'
[2.108s] INFO:colcon.colcon_core.shell:Creating package descriptor '/home/tello/tello_ros_ws/install/tello_msgs/share/tello_msgs/package.dsv'
[2.109s] INFO:colcon.colcon_core.shell:Creating package script '/home/tello/tello_ros_ws/install/tello_msgs/share/tello_msgs/package.sh'
[2.110s] INFO:colcon.colcon_core.shell:Creating package script '/home/tello/tello_ros_ws/install/tello_msgs/share/tello_msgs/package.bash'
[2.110s] INFO:colcon.colcon_core.shell:Creating package script '/home/tello/tello_ros_ws/install/tello_msgs/share/tello_msgs/package.zsh'
[2.111s] Level 1:colcon.colcon_core.environment:create_file_with_runtime_dependencies(/home/tello/tello_ros_ws/install/tello_msgs/share/colcon-core/packages/tello_msgs)
[2.112s] INFO:colcon.colcon_ros.task.ament_cmake.build:Building ROS package in '/home/tello/tello_ros_ws/src/tello_ros/tello_driver' with build type 'ament_cmake'
[2.113s] INFO:colcon.colcon_cmake.task.cmake.build:Building CMake package in '/home/tello/tello_ros_ws/src/tello_ros/tello_driver'
[2.114s] INFO:colcon.colcon_core.shell:Skip shell extension 'powershell' for command environment: Not usable outside of PowerShell
[2.114s] DEBUG:colcon.colcon_core.shell:Skip shell extension 'dsv' for command environment
[2.115s] DEBUG:colcon.colcon_core.shell:Ignoring prefix path '/opt/ros/eloquent'
[2.123s] INFO:colcon.colcon_ros.task.ament_cmake.build:Building ROS package in '/home/tello/tello_ros_ws/src/tello_ros/tello_gazebo' with build type 'ament_cmake'
[2.123s] INFO:colcon.colcon_cmake.task.cmake.build:Building CMake package in '/home/tello/tello_ros_ws/src/tello_ros/tello_gazebo'
[2.124s] INFO:colcon.colcon_core.shell:Skip shell extension 'powershell' for command environment: Not usable outside of PowerShell
[2.125s] DEBUG:colcon.colcon_core.shell:Skip shell extension 'dsv' for command environment
[2.129s] DEBUG:colcon.colcon_core.shell:Ignoring prefix path '/opt/ros/eloquent'
[2.163s] DEBUG:colcon.colcon_core.event_handler.log_command:Invoking command in '/home/tello/tello_ros_ws/build/tello_driver': AMENT_PREFIX_PATH=/home/tello/tello_ros_ws/install/tello_msgs:/home/tello/tello_ros_ws/install/ros2_shared:${AMENT_PREFIX_PATH} CMAKE_PREFIX_PATH=/home/tello/tello_ros_ws/install/tello_msgs:/home/tello/tello_ros_ws/install/ros2_shared:/opt/ros/eloquent LD_LIBRARY_PATH=/home/tello/tello_ros_ws/install/tello_msgs/lib:${LD_LIBRARY_PATH} PYTHONPATH=/home/tello/tello_ros_ws/install/tello_msgs/lib/python3.6/site-packages:${PYTHONPATH} /usr/bin/cmake --build /home/tello/tello_ros_ws/build/tello_driver -- -j3 -l3
[2.175s] DEBUG:colcon.colcon_core.event_handler.log_command:Invoking command in '/home/tello/tello_ros_ws/build/tello_gazebo': AMENT_PREFIX_PATH=/home/tello/tello_ros_ws/install/tello_msgs:${AMENT_PREFIX_PATH} CMAKE_PREFIX_PATH=/home/tello/tello_ros_ws/install/tello_msgs:/opt/ros/eloquent LD_LIBRARY_PATH=/home/tello/tello_ros_ws/install/tello_msgs/lib:${LD_LIBRARY_PATH} PYTHONPATH=/home/tello/tello_ros_ws/install/tello_msgs/lib/python3.6/site-packages:${PYTHONPATH} /usr/bin/cmake --build /home/tello/tello_ros_ws/build/tello_gazebo -- -j3 -l3
[2.331s] DEBUG:colcon.colcon_core.event_handler.log_command:Invoked command in '/home/tello/tello_ros_ws/build/tello_gazebo' returned '0': AMENT_PREFIX_PATH=/home/tello/tello_ros_ws/install/tello_msgs:${AMENT_PREFIX_PATH} CMAKE_PREFIX_PATH=/home/tello/tello_ros_ws/install/tello_msgs:/opt/ros/eloquent LD_LIBRARY_PATH=/home/tello/tello_ros_ws/install/tello_msgs/lib:${LD_LIBRARY_PATH} PYTHONPATH=/home/tello/tello_ros_ws/install/tello_msgs/lib/python3.6/site-packages:${PYTHONPATH} /usr/bin/cmake --build /home/tello/tello_ros_ws/build/tello_gazebo -- -j3 -l3
[2.387s] DEBUG:colcon.colcon_core.event_handler.log_command:Invoking command in '/home/tello/tello_ros_ws/build/tello_gazebo': AMENT_PREFIX_PATH=/home/tello/tello_ros_ws/install/tello_msgs:${AMENT_PREFIX_PATH} CMAKE_PREFIX_PATH=/home/tello/tello_ros_ws/install/tello_msgs:/opt/ros/eloquent LD_LIBRARY_PATH=/home/tello/tello_ros_ws/install/tello_msgs/lib:${LD_LIBRARY_PATH} PYTHONPATH=/home/tello/tello_ros_ws/install/tello_msgs/lib/python3.6/site-packages:${PYTHONPATH} /usr/bin/cmake --build /home/tello/tello_ros_ws/build/tello_gazebo --target install -- -j3 -l3
[2.395s] DEBUG:colcon.colcon_core.event_handler.log_command:Invoked command in '/home/tello/tello_ros_ws/build/tello_driver' returned '0': AMENT_PREFIX_PATH=/home/tello/tello_ros_ws/install/tello_msgs:/home/tello/tello_ros_ws/install/ros2_shared:${AMENT_PREFIX_PATH} CMAKE_PREFIX_PATH=/home/tello/tello_ros_ws/install/tello_msgs:/home/tello/tello_ros_ws/install/ros2_shared:/opt/ros/eloquent LD_LIBRARY_PATH=/home/tello/tello_ros_ws/install/tello_msgs/lib:${LD_LIBRARY_PATH} PYTHONPATH=/home/tello/tello_ros_ws/install/tello_msgs/lib/python3.6/site-packages:${PYTHONPATH} /usr/bin/cmake --build /home/tello/tello_ros_ws/build/tello_driver -- -j3 -l3
[2.534s] DEBUG:colcon.colcon_core.event_handler.log_command:Invoking command in '/home/tello/tello_ros_ws/build/tello_driver': AMENT_PREFIX_PATH=/home/tello/tello_ros_ws/install/tello_msgs:/home/tello/tello_ros_ws/install/ros2_shared:${AMENT_PREFIX_PATH} CMAKE_PREFIX_PATH=/home/tello/tello_ros_ws/install/tello_msgs:/home/tello/tello_ros_ws/install/ros2_shared:/opt/ros/eloquent LD_LIBRARY_PATH=/home/tello/tello_ros_ws/install/tello_msgs/lib:${LD_LIBRARY_PATH} PYTHONPATH=/home/tello/tello_ros_ws/install/tello_msgs/lib/python3.6/site-packages:${PYTHONPATH} /usr/bin/cmake --build /home/tello/tello_ros_ws/build/tello_driver --target install -- -j3 -l3
[2.547s] Level 1:colcon.colcon_core.environment:create_environment_scripts_only(tello_gazebo)
[2.549s] Level 1:colcon.colcon_core.environment:checking '/home/tello/tello_ros_ws/install/tello_gazebo' for CMake module files
[2.557s] Level 1:colcon.colcon_core.environment:checking '/home/tello/tello_ros_ws/install/tello_gazebo' for CMake config files
[2.569s] Level 1:colcon.colcon_core.shell:create_environment_hook('tello_gazebo', 'cmake_prefix_path')
[2.571s] INFO:colcon.colcon_core.shell:Creating environment hook '/home/tello/tello_ros_ws/install/tello_gazebo/share/tello_gazebo/hook/cmake_prefix_path.ps1'
[2.572s] INFO:colcon.colcon_core.shell:Creating environment descriptor '/home/tello/tello_ros_ws/install/tello_gazebo/share/tello_gazebo/hook/cmake_prefix_path.dsv'
[2.574s] INFO:colcon.colcon_core.shell:Creating environment hook '/home/tello/tello_ros_ws/install/tello_gazebo/share/tello_gazebo/hook/cmake_prefix_path.sh'
[2.579s] Level 1:colcon.colcon_core.environment:checking '/home/tello/tello_ros_ws/install/tello_gazebo/lib'
[2.579s] Level 1:colcon.colcon_core.shell:create_environment_hook('tello_gazebo', 'ld_library_path_lib')
[2.580s] INFO:colcon.colcon_core.shell:Creating environment hook '/home/tello/tello_ros_ws/install/tello_gazebo/share/tello_gazebo/hook/ld_library_path_lib.ps1'
[2.585s] INFO:colcon.colcon_core.shell:Creating environment descriptor '/home/tello/tello_ros_ws/install/tello_gazebo/share/tello_gazebo/hook/ld_library_path_lib.dsv'
[2.597s] DEBUG:colcon.colcon_core.event_handler.log_command:Invoked command in '/home/tello/tello_ros_ws/build/tello_gazebo' returned '0': AMENT_PREFIX_PATH=/home/tello/tello_ros_ws/install/tello_msgs:${AMENT_PREFIX_PATH} CMAKE_PREFIX_PATH=/home/tello/tello_ros_ws/install/tello_msgs:/opt/ros/eloquent LD_LIBRARY_PATH=/home/tello/tello_ros_ws/install/tello_msgs/lib:${LD_LIBRARY_PATH} PYTHONPATH=/home/tello/tello_ros_ws/install/tello_msgs/lib/python3.6/site-packages:${PYTHONPATH} /usr/bin/cmake --build /home/tello/tello_ros_ws/build/tello_gazebo --target install -- -j3 -l3
[2.598s] INFO:colcon.colcon_core.shell:Creating environment hook '/home/tello/tello_ros_ws/install/tello_gazebo/share/tello_gazebo/hook/ld_library_path_lib.sh'
[2.599s] Level 1:colcon.colcon_core.environment:checking '/home/tello/tello_ros_ws/install/tello_gazebo/bin'
[2.599s] Level 1:colcon.colcon_core.environment:checking '/home/tello/tello_ros_ws/install/tello_gazebo/lib/pkgconfig/tello_gazebo.pc'
[2.599s] Level 1:colcon.colcon_core.environment:checking '/home/tello/tello_ros_ws/install/tello_gazebo/lib/python3.6/site-packages'
[2.601s] INFO:colcon.colcon_core.shell:Creating package script '/home/tello/tello_ros_ws/install/tello_gazebo/share/tello_gazebo/package.ps1'
[2.603s] INFO:colcon.colcon_core.shell:Creating package descriptor '/home/tello/tello_ros_ws/install/tello_gazebo/share/tello_gazebo/package.dsv'
[2.606s] INFO:colcon.colcon_core.shell:Creating package script '/home/tello/tello_ros_ws/install/tello_gazebo/share/tello_gazebo/package.sh'
[2.608s] INFO:colcon.colcon_core.shell:Creating package script '/home/tello/tello_ros_ws/install/tello_gazebo/share/tello_gazebo/package.bash'
[2.611s] INFO:colcon.colcon_core.shell:Creating package script '/home/tello/tello_ros_ws/install/tello_gazebo/share/tello_gazebo/package.zsh'
[2.613s] Level 1:colcon.colcon_core.environment:create_file_with_runtime_dependencies(/home/tello/tello_ros_ws/install/tello_gazebo/share/colcon-core/packages/tello_gazebo)
[2.752s] Level 1:colcon.colcon_core.environment:create_environment_scripts_only(tello_gazebo)
[2.753s] Level 1:colcon.colcon_core.environment:checking '/home/tello/tello_ros_ws/install/tello_gazebo' for CMake module files
[2.754s] Level 1:colcon.colcon_core.environment:checking '/home/tello/tello_ros_ws/install/tello_gazebo' for CMake config files
[2.754s] Level 1:colcon.colcon_core.shell:create_environment_hook('tello_gazebo', 'cmake_prefix_path')
[2.755s] INFO:colcon.colcon_core.shell:Creating environment hook '/home/tello/tello_ros_ws/install/tello_gazebo/share/tello_gazebo/hook/cmake_prefix_path.ps1'
[2.759s] INFO:colcon.colcon_core.shell:Creating environment descriptor '/home/tello/tello_ros_ws/install/tello_gazebo/share/tello_gazebo/hook/cmake_prefix_path.dsv'
[2.759s] INFO:colcon.colcon_core.shell:Creating environment hook '/home/tello/tello_ros_ws/install/tello_gazebo/share/tello_gazebo/hook/cmake_prefix_path.sh'
[2.761s] Level 1:colcon.colcon_core.environment:checking '/home/tello/tello_ros_ws/install/tello_gazebo/lib'
[2.761s] Level 1:colcon.colcon_core.shell:create_environment_hook('tello_gazebo', 'ld_library_path_lib')
[2.763s] INFO:colcon.colcon_core.shell:Creating environment hook '/home/tello/tello_ros_ws/install/tello_gazebo/share/tello_gazebo/hook/ld_library_path_lib.ps1'
[2.764s] INFO:colcon.colcon_core.shell:Creating environment descriptor '/home/tello/tello_ros_ws/install/tello_gazebo/share/tello_gazebo/hook/ld_library_path_lib.dsv'
[2.764s] INFO:colcon.colcon_core.shell:Creating environment hook '/home/tello/tello_ros_ws/install/tello_gazebo/share/tello_gazebo/hook/ld_library_path_lib.sh'
[2.765s] Level 1:colcon.colcon_core.environment:checking '/home/tello/tello_ros_ws/install/tello_gazebo/bin'
[2.765s] Level 1:colcon.colcon_core.environment:checking '/home/tello/tello_ros_ws/install/tello_gazebo/lib/pkgconfig/tello_gazebo.pc'
[2.765s] Level 1:colcon.colcon_core.environment:checking '/home/tello/tello_ros_ws/install/tello_gazebo/lib/python3.6/site-packages'
[2.766s] INFO:colcon.colcon_core.shell:Creating package script '/home/tello/tello_ros_ws/install/tello_gazebo/share/tello_gazebo/package.ps1'
[2.767s] INFO:colcon.colcon_core.shell:Creating package descriptor '/home/tello/tello_ros_ws/install/tello_gazebo/share/tello_gazebo/package.dsv'
[2.767s] INFO:colcon.colcon_core.shell:Creating package script '/home/tello/tello_ros_ws/install/tello_gazebo/share/tello_gazebo/package.sh'
[2.768s] INFO:colcon.colcon_core.shell:Creating package script '/home/tello/tello_ros_ws/install/tello_gazebo/share/tello_gazebo/package.bash'
[2.769s] INFO:colcon.colcon_core.shell:Creating package script '/home/tello/tello_ros_ws/install/tello_gazebo/share/tello_gazebo/package.zsh'
[2.773s] Level 1:colcon.colcon_core.environment:create_file_with_runtime_dependencies(/home/tello/tello_ros_ws/install/tello_gazebo/share/colcon-core/packages/tello_gazebo)
[2.838s] Level 1:colcon.colcon_core.environment:create_environment_scripts_only(tello_driver)
[2.839s] Level 1:colcon.colcon_core.environment:checking '/home/tello/tello_ros_ws/install/tello_driver' for CMake module files
[2.840s] DEBUG:colcon.colcon_core.event_handler.log_command:Invoked command in '/home/tello/tello_ros_ws/build/tello_driver' returned '0': AMENT_PREFIX_PATH=/home/tello/tello_ros_ws/install/tello_msgs:/home/tello/tello_ros_ws/install/ros2_shared:${AMENT_PREFIX_PATH} CMAKE_PREFIX_PATH=/home/tello/tello_ros_ws/install/tello_msgs:/home/tello/tello_ros_ws/install/ros2_shared:/opt/ros/eloquent LD_LIBRARY_PATH=/home/tello/tello_ros_ws/install/tello_msgs/lib:${LD_LIBRARY_PATH} PYTHONPATH=/home/tello/tello_ros_ws/install/tello_msgs/lib/python3.6/site-packages:${PYTHONPATH} /usr/bin/cmake --build /home/tello/tello_ros_ws/build/tello_driver --target install -- -j3 -l3
[2.841s] Level 1:colcon.colcon_core.environment:checking '/home/tello/tello_ros_ws/install/tello_driver' for CMake config files
[2.842s] Level 1:colcon.colcon_core.shell:create_environment_hook('tello_driver', 'cmake_prefix_path')
[2.843s] INFO:colcon.colcon_core.shell:Creating environment hook '/home/tello/tello_ros_ws/install/tello_driver/share/tello_driver/hook/cmake_prefix_path.ps1'
[2.846s] INFO:colcon.colcon_core.shell:Creating environment descriptor '/home/tello/tello_ros_ws/install/tello_driver/share/tello_driver/hook/cmake_prefix_path.dsv'
[2.848s] INFO:colcon.colcon_core.shell:Creating environment hook '/home/tello/tello_ros_ws/install/tello_driver/share/tello_driver/hook/cmake_prefix_path.sh'
[2.850s] Level 1:colcon.colcon_core.environment:checking '/home/tello/tello_ros_ws/install/tello_driver/lib'
[2.851s] Level 1:colcon.colcon_core.shell:create_environment_hook('tello_driver', 'ld_library_path_lib')
[2.853s] INFO:colcon.colcon_core.shell:Creating environment hook '/home/tello/tello_ros_ws/install/tello_driver/share/tello_driver/hook/ld_library_path_lib.ps1'
[2.855s] INFO:colcon.colcon_core.shell:Creating environment descriptor '/home/tello/tello_ros_ws/install/tello_driver/share/tello_driver/hook/ld_library_path_lib.dsv'
[2.857s] INFO:colcon.colcon_core.shell:Creating environment hook '/home/tello/tello_ros_ws/install/tello_driver/share/tello_driver/hook/ld_library_path_lib.sh'
[2.859s] Level 1:colcon.colcon_core.environment:checking '/home/tello/tello_ros_ws/install/tello_driver/bin'
[2.859s] Level 1:colcon.colcon_core.environment:checking '/home/tello/tello_ros_ws/install/tello_driver/lib/pkgconfig/tello_driver.pc'
[2.859s] Level 1:colcon.colcon_core.environment:checking '/home/tello/tello_ros_ws/install/tello_driver/lib/python3.6/site-packages'
[2.861s] INFO:colcon.colcon_core.shell:Creating package script '/home/tello/tello_ros_ws/install/tello_driver/share/tello_driver/package.ps1'
[2.862s] INFO:colcon.colcon_core.shell:Creating package descriptor '/home/tello/tello_ros_ws/install/tello_driver/share/tello_driver/package.dsv'
[2.863s] INFO:colcon.colcon_core.shell:Creating package script '/home/tello/tello_ros_ws/install/tello_driver/share/tello_driver/package.sh'
[2.863s] INFO:colcon.colcon_core.shell:Creating package script '/home/tello/tello_ros_ws/install/tello_driver/share/tello_driver/package.bash'
[2.865s] INFO:colcon.colcon_core.shell:Creating package script '/home/tello/tello_ros_ws/install/tello_driver/share/tello_driver/package.zsh'
[2.866s] Level 1:colcon.colcon_core.environment:create_file_with_runtime_dependencies(/home/tello/tello_ros_ws/install/tello_driver/share/colcon-core/packages/tello_driver)
[2.994s] Level 1:colcon.colcon_core.environment:create_environment_scripts_only(tello_driver)
[2.996s] Level 1:colcon.colcon_core.environment:checking '/home/tello/tello_ros_ws/install/tello_driver' for CMake module files
[2.996s] Level 1:colcon.colcon_core.environment:checking '/home/tello/tello_ros_ws/install/tello_driver' for CMake config files
[2.996s] Level 1:colcon.colcon_core.shell:create_environment_hook('tello_driver', 'cmake_prefix_path')
[2.997s] INFO:colcon.colcon_core.shell:Creating environment hook '/home/tello/tello_ros_ws/install/tello_driver/share/tello_driver/hook/cmake_prefix_path.ps1'
[2.999s] INFO:colcon.colcon_core.shell:Creating environment descriptor '/home/tello/tello_ros_ws/install/tello_driver/share/tello_driver/hook/cmake_prefix_path.dsv'
[3.000s] INFO:colcon.colcon_core.shell:Creating environment hook '/home/tello/tello_ros_ws/install/tello_driver/share/tello_driver/hook/cmake_prefix_path.sh'
[3.003s] Level 1:colcon.colcon_core.environment:checking '/home/tello/tello_ros_ws/install/tello_driver/lib'
[3.003s] Level 1:colcon.colcon_core.shell:create_environment_hook('tello_driver', 'ld_library_path_lib')
[3.004s] INFO:colcon.colcon_core.shell:Creating environment hook '/home/tello/tello_ros_ws/install/tello_driver/share/tello_driver/hook/ld_library_path_lib.ps1'
[3.005s] INFO:colcon.colcon_core.shell:Creating environment descriptor '/home/tello/tello_ros_ws/install/tello_driver/share/tello_driver/hook/ld_library_path_lib.dsv'
[3.007s] INFO:colcon.colcon_core.shell:Creating environment hook '/home/tello/tello_ros_ws/install/tello_driver/share/tello_driver/hook/ld_library_path_lib.sh'
[3.008s] Level 1:colcon.colcon_core.environment:checking '/home/tello/tello_ros_ws/install/tello_driver/bin'
[3.008s] Level 1:colcon.colcon_core.environment:checking '/home/tello/tello_ros_ws/install/tello_driver/lib/pkgconfig/tello_driver.pc'
[3.008s] Level 1:colcon.colcon_core.environment:checking '/home/tello/tello_ros_ws/install/tello_driver/lib/python3.6/site-packages'
[3.009s] INFO:colcon.colcon_core.shell:Creating package script '/home/tello/tello_ros_ws/install/tello_driver/share/tello_driver/package.ps1'
[3.013s] INFO:colcon.colcon_core.shell:Creating package descriptor '/home/tello/tello_ros_ws/install/tello_driver/share/tello_driver/package.dsv'
[3.015s] INFO:colcon.colcon_core.shell:Creating package script '/home/tello/tello_ros_ws/install/tello_driver/share/tello_driver/package.sh'
[3.016s] INFO:colcon.colcon_core.shell:Creating package script '/home/tello/tello_ros_ws/install/tello_driver/share/tello_driver/package.bash'
[3.018s] INFO:colcon.colcon_core.shell:Creating package script '/home/tello/tello_ros_ws/install/tello_driver/share/tello_driver/package.zsh'
[3.019s] Level 1:colcon.colcon_core.environment:create_file_with_runtime_dependencies(/home/tello/tello_ros_ws/install/tello_driver/share/colcon-core/packages/tello_driver)
[3.021s] DEBUG:colcon.colcon_parallel_executor.executor.parallel:closing loop
[3.022s] DEBUG:colcon.colcon_parallel_executor.executor.parallel:loop closed
[3.022s] DEBUG:colcon.colcon_parallel_executor.executor.parallel:run_until_complete finished with '0'
[3.022s] DEBUG:colcon.colcon_core.event_reactor:joining thread
[3.047s] INFO:colcon.colcon_core.plugin_system:Skipping extension 'colcon_notification.desktop_notification.terminal_notifier': Not used on non-Darwin systems
[3.047s] INFO:colcon.colcon_core.plugin_system:Skipping extension 'colcon_notification.desktop_notification.win32': Not used on non-Windows systems
[3.047s] INFO:colcon.colcon_notification.desktop_notification:Sending desktop notification using 'notify2'
[3.070s] DEBUG:colcon.colcon_core.event_reactor:joined thread
[3.071s] INFO:colcon.colcon_core.shell:Creating prefix script '/home/tello/tello_ros_ws/install/local_setup.ps1'
[3.073s] INFO:colcon.colcon_core.shell:Creating prefix util module '/home/tello/tello_ros_ws/install/_local_setup_util_ps1.py'
[3.075s] INFO:colcon.colcon_core.shell:Creating prefix chain script '/home/tello/tello_ros_ws/install/setup.ps1'
[3.080s] INFO:colcon.colcon_core.shell:Creating prefix script '/home/tello/tello_ros_ws/install/local_setup.sh'
[3.081s] INFO:colcon.colcon_core.shell:Creating prefix util module '/home/tello/tello_ros_ws/install/_local_setup_util_sh.py'
[3.082s] INFO:colcon.colcon_core.shell:Creating prefix chain script '/home/tello/tello_ros_ws/install/setup.sh'
[3.087s] INFO:colcon.colcon_core.shell:Creating prefix script '/home/tello/tello_ros_ws/install/local_setup.bash'
[3.088s] INFO:colcon.colcon_core.shell:Creating prefix chain script '/home/tello/tello_ros_ws/install/setup.bash'
[3.092s] INFO:colcon.colcon_core.shell:Creating prefix script '/home/tello/tello_ros_ws/install/local_setup.zsh'
[3.093s] INFO:colcon.colcon_core.shell:Creating prefix chain script '/home/tello/tello_ros_ws/install/setup.zsh'
