[0.186s] DEBUG:colcon:Command line arguments: ['/usr/bin/colcon', 'build']
[0.186s] DEBUG:colcon:Parsed command line arguments: Namespace(ament_cmake_args=None, base_paths=['.'], build_base='build', catkin_cmake_args=None, catkin_skip_building_tests=False, cmake_args=None, cmake_clean_cache=False, cmake_clean_first=False, cmake_force_configure=False, cmake_target=None, cmake_target_skip_unavailable=False, continue_on_error=False, event_handlers=None, executor='parallel', ignore_user_meta=False, install_base='install', log_base=None, log_level=None, main=<bound method BuildVerb.main of <colcon_core.verb.build.BuildVerb object at 0x7fcf5c85f390>>, merge_install=False, metas=['./colcon.meta'], packages_above=None, packages_above_and_dependencies=None, packages_above_depth=None, packages_end=None, packages_ignore=None, packages_ignore_regex=None, packages_select=None, packages_select_build_failed=False, packages_select_by_dep=None, packages_select_regex=None, packages_select_test_failures=False, packages_skip=None, packages_skip_build_finished=False, packages_skip_by_dep=None, packages_skip_regex=None, packages_skip_test_passed=False, packages_skip_up_to=None, packages_start=None, packages_up_to=None, packages_up_to_regex=None, parallel_workers=3, paths=None, symlink_install=False, test_result_base=None, verb_extension=<colcon_core.verb.build.BuildVerb object at 0x7fcf5c85f390>, verb_name='build', verb_parser=<colcon_defaults.argument_parser.defaults.DefaultArgumentsDecorator object at 0x7fcf5c85f6d8>)
[0.192s] Level 1:colcon.colcon_core.package_discovery:discover_packages(colcon_meta) check parameters
[0.192s] Level 1:colcon.colcon_core.package_discovery:discover_packages(recursive) check parameters
[0.192s] Level 1:colcon.colcon_core.package_discovery:discover_packages(ignore) check parameters
[0.192s] Level 1:colcon.colcon_core.package_discovery:discover_packages(path) check parameters
[0.192s] Level 1:colcon.colcon_core.package_discovery:discover_packages(colcon_meta) discover
[0.192s] Level 1:colcon.colcon_core.package_discovery:discover_packages(recursive) discover
[0.192s] INFO:colcon.colcon_core.package_discovery:Crawling recursively for packages in '/home/tello/tello_ros_ws'
[0.193s] Level 1:colcon.colcon_core.package_identification:_identify(.) by extensions ['ignore', 'ignore_ament_install']
[0.193s] Level 1:colcon.colcon_core.package_identification:_identify(.) by extension 'ignore'
[0.193s] Level 1:colcon.colcon_core.package_identification:_identify(.) by extension 'ignore_ament_install'
[0.193s] Level 1:colcon.colcon_core.package_identification:_identify(.) by extensions ['colcon_pkg']
[0.193s] Level 1:colcon.colcon_core.package_identification:_identify(.) by extension 'colcon_pkg'
[0.193s] Level 1:colcon.colcon_core.package_identification:_identify(.) by extensions ['colcon_meta']
[0.193s] Level 1:colcon.colcon_core.package_identification:_identify(.) by extension 'colcon_meta'
[0.193s] Level 1:colcon.colcon_core.package_identification:_identify(.) by extensions ['ros']
[0.193s] Level 1:colcon.colcon_core.package_identification:_identify(.) by extension 'ros'
[0.206s] Level 1:colcon.colcon_core.package_identification:_identify(.) by extensions ['cmake', 'python']
[0.206s] Level 1:colcon.colcon_core.package_identification:_identify(.) by extension 'cmake'
[0.206s] Level 1:colcon.colcon_core.package_identification:_identify(.) by extension 'python'
[0.206s] Level 1:colcon.colcon_core.package_identification:_identify(.) by extensions ['python_setup_py']
[0.206s] Level 1:colcon.colcon_core.package_identification:_identify(.) by extension 'python_setup_py'
[0.207s] Level 1:colcon.colcon_core.package_identification:_identify(build) by extensions ['ignore', 'ignore_ament_install']
[0.207s] Level 1:colcon.colcon_core.package_identification:_identify(build) by extension 'ignore'
[0.207s] Level 1:colcon.colcon_core.package_identification:_identify(build) ignored
[0.208s] Level 1:colcon.colcon_core.package_identification:_identify(install) by extensions ['ignore', 'ignore_ament_install']
[0.208s] Level 1:colcon.colcon_core.package_identification:_identify(install) by extension 'ignore'
[0.208s] Level 1:colcon.colcon_core.package_identification:_identify(install) ignored
[0.208s] Level 1:colcon.colcon_core.package_identification:_identify(log) by extensions ['ignore', 'ignore_ament_install']
[0.208s] Level 1:colcon.colcon_core.package_identification:_identify(log) by extension 'ignore'
[0.208s] Level 1:colcon.colcon_core.package_identification:_identify(log) ignored
[0.208s] Level 1:colcon.colcon_core.package_identification:_identify(src) by extensions ['ignore', 'ignore_ament_install']
[0.208s] Level 1:colcon.colcon_core.package_identification:_identify(src) by extension 'ignore'
[0.208s] Level 1:colcon.colcon_core.package_identification:_identify(src) by extension 'ignore_ament_install'
[0.208s] Level 1:colcon.colcon_core.package_identification:_identify(src) by extensions ['colcon_pkg']
[0.208s] Level 1:colcon.colcon_core.package_identification:_identify(src) by extension 'colcon_pkg'
[0.208s] Level 1:colcon.colcon_core.package_identification:_identify(src) by extensions ['colcon_meta']
[0.208s] Level 1:colcon.colcon_core.package_identification:_identify(src) by extension 'colcon_meta'
[0.209s] Level 1:colcon.colcon_core.package_identification:_identify(src) by extensions ['ros']
[0.209s] Level 1:colcon.colcon_core.package_identification:_identify(src) by extension 'ros'
[0.209s] Level 1:colcon.colcon_core.package_identification:_identify(src) by extensions ['cmake', 'python']
[0.209s] Level 1:colcon.colcon_core.package_identification:_identify(src) by extension 'cmake'
[0.209s] Level 1:colcon.colcon_core.package_identification:_identify(src) by extension 'python'
[0.209s] Level 1:colcon.colcon_core.package_identification:_identify(src) by extensions ['python_setup_py']
[0.209s] Level 1:colcon.colcon_core.package_identification:_identify(src) by extension 'python_setup_py'
[0.209s] Level 1:colcon.colcon_core.package_identification:_identify(src/build) by extensions ['ignore', 'ignore_ament_install']
[0.209s] Level 1:colcon.colcon_core.package_identification:_identify(src/build) by extension 'ignore'
[0.209s] Level 1:colcon.colcon_core.package_identification:_identify(src/build) ignored
[0.209s] Level 1:colcon.colcon_core.package_identification:_identify(src/install) by extensions ['ignore', 'ignore_ament_install']
[0.209s] Level 1:colcon.colcon_core.package_identification:_identify(src/install) by extension 'ignore'
[0.209s] Level 1:colcon.colcon_core.package_identification:_identify(src/install) ignored
[0.209s] Level 1:colcon.colcon_core.package_identification:_identify(src/log) by extensions ['ignore', 'ignore_ament_install']
[0.209s] Level 1:colcon.colcon_core.package_identification:_identify(src/log) by extension 'ignore'
[0.209s] Level 1:colcon.colcon_core.package_identification:_identify(src/log) ignored
[0.209s] Level 1:colcon.colcon_core.package_identification:_identify(src/ros2_shared) by extensions ['ignore', 'ignore_ament_install']
[0.209s] Level 1:colcon.colcon_core.package_identification:_identify(src/ros2_shared) by extension 'ignore'
[0.210s] Level 1:colcon.colcon_core.package_identification:_identify(src/ros2_shared) by extension 'ignore_ament_install'
[0.210s] Level 1:colcon.colcon_core.package_identification:_identify(src/ros2_shared) by extensions ['colcon_pkg']
[0.210s] Level 1:colcon.colcon_core.package_identification:_identify(src/ros2_shared) by extension 'colcon_pkg'
[0.210s] Level 1:colcon.colcon_core.package_identification:_identify(src/ros2_shared) by extensions ['colcon_meta']
[0.210s] Level 1:colcon.colcon_core.package_identification:_identify(src/ros2_shared) by extension 'colcon_meta'
[0.210s] Level 1:colcon.colcon_core.package_identification:_identify(src/ros2_shared) by extensions ['ros']
[0.210s] Level 1:colcon.colcon_core.package_identification:_identify(src/ros2_shared) by extension 'ros'
[0.212s] DEBUG:colcon.colcon_core.package_identification:Package 'src/ros2_shared' with type 'ros.ament_cmake' and name 'ros2_shared'
[0.212s] Level 1:colcon.colcon_core.package_identification:_identify(src/tello_ros) by extensions ['ignore', 'ignore_ament_install']
[0.212s] Level 1:colcon.colcon_core.package_identification:_identify(src/tello_ros) by extension 'ignore'
[0.212s] Level 1:colcon.colcon_core.package_identification:_identify(src/tello_ros) by extension 'ignore_ament_install'
[0.213s] Level 1:colcon.colcon_core.package_identification:_identify(src/tello_ros) by extensions ['colcon_pkg']
[0.213s] Level 1:colcon.colcon_core.package_identification:_identify(src/tello_ros) by extension 'colcon_pkg'
[0.213s] Level 1:colcon.colcon_core.package_identification:_identify(src/tello_ros) by extensions ['colcon_meta']
[0.213s] Level 1:colcon.colcon_core.package_identification:_identify(src/tello_ros) by extension 'colcon_meta'
[0.213s] Level 1:colcon.colcon_core.package_identification:_identify(src/tello_ros) by extensions ['ros']
[0.213s] Level 1:colcon.colcon_core.package_identification:_identify(src/tello_ros) by extension 'ros'
[0.213s] Level 1:colcon.colcon_core.package_identification:_identify(src/tello_ros) by extensions ['cmake', 'python']
[0.213s] Level 1:colcon.colcon_core.package_identification:_identify(src/tello_ros) by extension 'cmake'
[0.213s] Level 1:colcon.colcon_core.package_identification:_identify(src/tello_ros) by extension 'python'
[0.213s] Level 1:colcon.colcon_core.package_identification:_identify(src/tello_ros) by extensions ['python_setup_py']
[0.213s] Level 1:colcon.colcon_core.package_identification:_identify(src/tello_ros) by extension 'python_setup_py'
[0.213s] Level 1:colcon.colcon_core.package_identification:_identify(src/tello_ros/docker) by extensions ['ignore', 'ignore_ament_install']
[0.213s] Level 1:colcon.colcon_core.package_identification:_identify(src/tello_ros/docker) by extension 'ignore'
[0.213s] Level 1:colcon.colcon_core.package_identification:_identify(src/tello_ros/docker) by extension 'ignore_ament_install'
[0.213s] Level 1:colcon.colcon_core.package_identification:_identify(src/tello_ros/docker) by extensions ['colcon_pkg']
[0.213s] Level 1:colcon.colcon_core.package_identification:_identify(src/tello_ros/docker) by extension 'colcon_pkg'
[0.213s] Level 1:colcon.colcon_core.package_identification:_identify(src/tello_ros/docker) by extensions ['colcon_meta']
[0.213s] Level 1:colcon.colcon_core.package_identification:_identify(src/tello_ros/docker) by extension 'colcon_meta'
[0.213s] Level 1:colcon.colcon_core.package_identification:_identify(src/tello_ros/docker) by extensions ['ros']
[0.213s] Level 1:colcon.colcon_core.package_identification:_identify(src/tello_ros/docker) by extension 'ros'
[0.213s] Level 1:colcon.colcon_core.package_identification:_identify(src/tello_ros/docker) by extensions ['cmake', 'python']
[0.213s] Level 1:colcon.colcon_core.package_identification:_identify(src/tello_ros/docker) by extension 'cmake'
[0.213s] Level 1:colcon.colcon_core.package_identification:_identify(src/tello_ros/docker) by extension 'python'
[0.214s] Level 1:colcon.colcon_core.package_identification:_identify(src/tello_ros/docker) by extensions ['python_setup_py']
[0.214s] Level 1:colcon.colcon_core.package_identification:_identify(src/tello_ros/docker) by extension 'python_setup_py'
[0.214s] Level 1:colcon.colcon_core.package_identification:_identify(src/tello_ros/tello_description) by extensions ['ignore', 'ignore_ament_install']
[0.214s] Level 1:colcon.colcon_core.package_identification:_identify(src/tello_ros/tello_description) by extension 'ignore'
[0.214s] Level 1:colcon.colcon_core.package_identification:_identify(src/tello_ros/tello_description) by extension 'ignore_ament_install'
[0.214s] Level 1:colcon.colcon_core.package_identification:_identify(src/tello_ros/tello_description) by extensions ['colcon_pkg']
[0.214s] Level 1:colcon.colcon_core.package_identification:_identify(src/tello_ros/tello_description) by extension 'colcon_pkg'
[0.214s] Level 1:colcon.colcon_core.package_identification:_identify(src/tello_ros/tello_description) by extensions ['colcon_meta']
[0.214s] Level 1:colcon.colcon_core.package_identification:_identify(src/tello_ros/tello_description) by extension 'colcon_meta'
[0.214s] Level 1:colcon.colcon_core.package_identification:_identify(src/tello_ros/tello_description) by extensions ['ros']
[0.214s] Level 1:colcon.colcon_core.package_identification:_identify(src/tello_ros/tello_description) by extension 'ros'
[0.215s] DEBUG:colcon.colcon_core.package_identification:Package 'src/tello_ros/tello_description' with type 'ros.ament_cmake' and name 'tello_description'
[0.215s] Level 1:colcon.colcon_core.package_identification:_identify(src/tello_ros/tello_driver) by extensions ['ignore', 'ignore_ament_install']
[0.215s] Level 1:colcon.colcon_core.package_identification:_identify(src/tello_ros/tello_driver) by extension 'ignore'
[0.215s] Level 1:colcon.colcon_core.package_identification:_identify(src/tello_ros/tello_driver) by extension 'ignore_ament_install'
[0.215s] Level 1:colcon.colcon_core.package_identification:_identify(src/tello_ros/tello_driver) by extensions ['colcon_pkg']
[0.215s] Level 1:colcon.colcon_core.package_identification:_identify(src/tello_ros/tello_driver) by extension 'colcon_pkg'
[0.215s] Level 1:colcon.colcon_core.package_identification:_identify(src/tello_ros/tello_driver) by extensions ['colcon_meta']
[0.215s] Level 1:colcon.colcon_core.package_identification:_identify(src/tello_ros/tello_driver) by extension 'colcon_meta'
[0.215s] Level 1:colcon.colcon_core.package_identification:_identify(src/tello_ros/tello_driver) by extensions ['ros']
[0.215s] Level 1:colcon.colcon_core.package_identification:_identify(src/tello_ros/tello_driver) by extension 'ros'
[0.216s] DEBUG:colcon.colcon_core.package_identification:Package 'src/tello_ros/tello_driver' with type 'ros.ament_cmake' and name 'tello_driver'
[0.216s] Level 1:colcon.colcon_core.package_identification:_identify(src/tello_ros/tello_gazebo) by extensions ['ignore', 'ignore_ament_install']
[0.216s] Level 1:colcon.colcon_core.package_identification:_identify(src/tello_ros/tello_gazebo) by extension 'ignore'
[0.216s] Level 1:colcon.colcon_core.package_identification:_identify(src/tello_ros/tello_gazebo) by extension 'ignore_ament_install'
[0.217s] Level 1:colcon.colcon_core.package_identification:_identify(src/tello_ros/tello_gazebo) by extensions ['colcon_pkg']
[0.217s] Level 1:colcon.colcon_core.package_identification:_identify(src/tello_ros/tello_gazebo) by extension 'colcon_pkg'
[0.217s] Level 1:colcon.colcon_core.package_identification:_identify(src/tello_ros/tello_gazebo) by extensions ['colcon_meta']
[0.217s] Level 1:colcon.colcon_core.package_identification:_identify(src/tello_ros/tello_gazebo) by extension 'colcon_meta'
[0.217s] Level 1:colcon.colcon_core.package_identification:_identify(src/tello_ros/tello_gazebo) by extensions ['ros']
[0.217s] Level 1:colcon.colcon_core.package_identification:_identify(src/tello_ros/tello_gazebo) by extension 'ros'
[0.218s] DEBUG:colcon.colcon_core.package_identification:Package 'src/tello_ros/tello_gazebo' with type 'ros.ament_cmake' and name 'tello_gazebo'
[0.218s] Level 1:colcon.colcon_core.package_identification:_identify(src/tello_ros/tello_msgs) by extensions ['ignore', 'ignore_ament_install']
[0.218s] Level 1:colcon.colcon_core.package_identification:_identify(src/tello_ros/tello_msgs) by extension 'ignore'
[0.218s] Level 1:colcon.colcon_core.package_identification:_identify(src/tello_ros/tello_msgs) by extension 'ignore_ament_install'
[0.218s] Level 1:colcon.colcon_core.package_identification:_identify(src/tello_ros/tello_msgs) by extensions ['colcon_pkg']
[0.218s] Level 1:colcon.colcon_core.package_identification:_identify(src/tello_ros/tello_msgs) by extension 'colcon_pkg'
[0.218s] Level 1:colcon.colcon_core.package_identification:_identify(src/tello_ros/tello_msgs) by extensions ['colcon_meta']
[0.218s] Level 1:colcon.colcon_core.package_identification:_identify(src/tello_ros/tello_msgs) by extension 'colcon_meta'
[0.218s] Level 1:colcon.colcon_core.package_identification:_identify(src/tello_ros/tello_msgs) by extensions ['ros']
[0.218s] Level 1:colcon.colcon_core.package_identification:_identify(src/tello_ros/tello_msgs) by extension 'ros'
[0.219s] DEBUG:colcon.colcon_core.package_identification:Package 'src/tello_ros/tello_msgs' with type 'ros.ament_cmake' and name 'tello_msgs'
[0.219s] Level 1:colcon.colcon_core.package_discovery:discover_packages(recursive) using defaults
[0.219s] Level 1:colcon.colcon_core.package_discovery:discover_packages(ignore) discover
[0.219s] Level 1:colcon.colcon_core.package_discovery:discover_packages(ignore) using defaults
[0.219s] Level 1:colcon.colcon_core.package_discovery:discover_packages(path) discover
[0.219s] Level 1:colcon.colcon_core.package_discovery:discover_packages(path) using defaults
[0.242s] Level 5:colcon.colcon_core.verb:set package 'ros2_shared' build argument 'cmake_args' from command line to 'None'
[0.242s] Level 5:colcon.colcon_core.verb:set package 'ros2_shared' build argument 'cmake_target' from command line to 'None'
[0.242s] Level 5:colcon.colcon_core.verb:set package 'ros2_shared' build argument 'cmake_target_skip_unavailable' from command line to 'False'
[0.242s] Level 5:colcon.colcon_core.verb:set package 'ros2_shared' build argument 'cmake_clean_cache' from command line to 'False'
[0.242s] Level 5:colcon.colcon_core.verb:set package 'ros2_shared' build argument 'cmake_clean_first' from command line to 'False'
[0.242s] Level 5:colcon.colcon_core.verb:set package 'ros2_shared' build argument 'cmake_force_configure' from command line to 'False'
[0.242s] Level 5:colcon.colcon_core.verb:set package 'ros2_shared' build argument 'ament_cmake_args' from command line to 'None'
[0.242s] Level 5:colcon.colcon_core.verb:set package 'ros2_shared' build argument 'catkin_cmake_args' from command line to 'None'
[0.242s] Level 5:colcon.colcon_core.verb:set package 'ros2_shared' build argument 'catkin_skip_building_tests' from command line to 'False'
[0.242s] DEBUG:colcon.colcon_core.verb:Building package 'ros2_shared' with the following arguments: {'ament_cmake_args': None, 'build_base': '/home/tello/tello_ros_ws/build/ros2_shared', 'catkin_cmake_args': None, 'catkin_skip_building_tests': False, 'cmake_args': None, 'cmake_clean_cache': False, 'cmake_clean_first': False, 'cmake_force_configure': False, 'cmake_target': None, 'cmake_target_skip_unavailable': False, 'install_base': '/home/tello/tello_ros_ws/install/ros2_shared', 'merge_install': False, 'path': '/home/tello/tello_ros_ws/src/ros2_shared', 'symlink_install': False, 'test_result_base': None}
[0.245s] Level 5:colcon.colcon_core.verb:set package 'tello_description' build argument 'cmake_args' from command line to 'None'
[0.245s] Level 5:colcon.colcon_core.verb:set package 'tello_description' build argument 'cmake_target' from command line to 'None'
[0.245s] Level 5:colcon.colcon_core.verb:set package 'tello_description' build argument 'cmake_target_skip_unavailable' from command line to 'False'
[0.245s] Level 5:colcon.colcon_core.verb:set package 'tello_description' build argument 'cmake_clean_cache' from command line to 'False'
[0.245s] Level 5:colcon.colcon_core.verb:set package 'tello_description' build argument 'cmake_clean_first' from command line to 'False'
[0.245s] Level 5:colcon.colcon_core.verb:set package 'tello_description' build argument 'cmake_force_configure' from command line to 'False'
[0.245s] Level 5:colcon.colcon_core.verb:set package 'tello_description' build argument 'ament_cmake_args' from command line to 'None'
[0.245s] Level 5:colcon.colcon_core.verb:set package 'tello_description' build argument 'catkin_cmake_args' from command line to 'None'
[0.245s] Level 5:colcon.colcon_core.verb:set package 'tello_description' build argument 'catkin_skip_building_tests' from command line to 'False'
[0.245s] DEBUG:colcon.colcon_core.verb:Building package 'tello_description' with the following arguments: {'ament_cmake_args': None, 'build_base': '/home/tello/tello_ros_ws/build/tello_description', 'catkin_cmake_args': None, 'catkin_skip_building_tests': False, 'cmake_args': None, 'cmake_clean_cache': False, 'cmake_clean_first': False, 'cmake_force_configure': False, 'cmake_target': None, 'cmake_target_skip_unavailable': False, 'install_base': '/home/tello/tello_ros_ws/install/tello_description', 'merge_install': False, 'path': '/home/tello/tello_ros_ws/src/tello_ros/tello_description', 'symlink_install': False, 'test_result_base': None}
[0.248s] Level 5:colcon.colcon_core.verb:set package 'tello_msgs' build argument 'cmake_args' from command line to 'None'
[0.248s] Level 5:colcon.colcon_core.verb:set package 'tello_msgs' build argument 'cmake_target' from command line to 'None'
[0.248s] Level 5:colcon.colcon_core.verb:set package 'tello_msgs' build argument 'cmake_target_skip_unavailable' from command line to 'False'
[0.248s] Level 5:colcon.colcon_core.verb:set package 'tello_msgs' build argument 'cmake_clean_cache' from command line to 'False'
[0.249s] Level 5:colcon.colcon_core.verb:set package 'tello_msgs' build argument 'cmake_clean_first' from command line to 'False'
[0.249s] Level 5:colcon.colcon_core.verb:set package 'tello_msgs' build argument 'cmake_force_configure' from command line to 'False'
[0.249s] Level 5:colcon.colcon_core.verb:set package 'tello_msgs' build argument 'ament_cmake_args' from command line to 'None'
[0.249s] Level 5:colcon.colcon_core.verb:set package 'tello_msgs' build argument 'catkin_cmake_args' from command line to 'None'
[0.249s] Level 5:colcon.colcon_core.verb:set package 'tello_msgs' build argument 'catkin_skip_building_tests' from command line to 'False'
[0.249s] DEBUG:colcon.colcon_core.verb:Building package 'tello_msgs' with the following arguments: {'ament_cmake_args': None, 'build_base': '/home/tello/tello_ros_ws/build/tello_msgs', 'catkin_cmake_args': None, 'catkin_skip_building_tests': False, 'cmake_args': None, 'cmake_clean_cache': False, 'cmake_clean_first': False, 'cmake_force_configure': False, 'cmake_target': None, 'cmake_target_skip_unavailable': False, 'install_base': '/home/tello/tello_ros_ws/install/tello_msgs', 'merge_install': False, 'path': '/home/tello/tello_ros_ws/src/tello_ros/tello_msgs', 'symlink_install': False, 'test_result_base': None}
[0.252s] Level 5:colcon.colcon_core.verb:set package 'tello_driver' build argument 'cmake_args' from command line to 'None'
[0.252s] Level 5:colcon.colcon_core.verb:set package 'tello_driver' build argument 'cmake_target' from command line to 'None'
[0.252s] Level 5:colcon.colcon_core.verb:set package 'tello_driver' build argument 'cmake_target_skip_unavailable' from command line to 'False'
[0.252s] Level 5:colcon.colcon_core.verb:set package 'tello_driver' build argument 'cmake_clean_cache' from command line to 'False'
[0.252s] Level 5:colcon.colcon_core.verb:set package 'tello_driver' build argument 'cmake_clean_first' from command line to 'False'
[0.252s] Level 5:colcon.colcon_core.verb:set package 'tello_driver' build argument 'cmake_force_configure' from command line to 'False'
[0.252s] Level 5:colcon.colcon_core.verb:set package 'tello_driver' build argument 'ament_cmake_args' from command line to 'None'
[0.252s] Level 5:colcon.colcon_core.verb:set package 'tello_driver' build argument 'catkin_cmake_args' from command line to 'None'
[0.252s] Level 5:colcon.colcon_core.verb:set package 'tello_driver' build argument 'catkin_skip_building_tests' from command line to 'False'
[0.252s] DEBUG:colcon.colcon_core.verb:Building package 'tello_driver' with the following arguments: {'ament_cmake_args': None, 'build_base': '/home/tello/tello_ros_ws/build/tello_driver', 'catkin_cmake_args': None, 'catkin_skip_building_tests': False, 'cmake_args': None, 'cmake_clean_cache': False, 'cmake_clean_first': False, 'cmake_force_configure': False, 'cmake_target': None, 'cmake_target_skip_unavailable': False, 'install_base': '/home/tello/tello_ros_ws/install/tello_driver', 'merge_install': False, 'path': '/home/tello/tello_ros_ws/src/tello_ros/tello_driver', 'symlink_install': False, 'test_result_base': None}
[0.255s] Level 5:colcon.colcon_core.verb:set package 'tello_gazebo' build argument 'cmake_args' from command line to 'None'
[0.255s] Level 5:colcon.colcon_core.verb:set package 'tello_gazebo' build argument 'cmake_target' from command line to 'None'
[0.255s] Level 5:colcon.colcon_core.verb:set package 'tello_gazebo' build argument 'cmake_target_skip_unavailable' from command line to 'False'
[0.255s] Level 5:colcon.colcon_core.verb:set package 'tello_gazebo' build argument 'cmake_clean_cache' from command line to 'False'
[0.255s] Level 5:colcon.colcon_core.verb:set package 'tello_gazebo' build argument 'cmake_clean_first' from command line to 'False'
[0.255s] Level 5:colcon.colcon_core.verb:set package 'tello_gazebo' build argument 'cmake_force_configure' from command line to 'False'
[0.255s] Level 5:colcon.colcon_core.verb:set package 'tello_gazebo' build argument 'ament_cmake_args' from command line to 'None'
[0.255s] Level 5:colcon.colcon_core.verb:set package 'tello_gazebo' build argument 'catkin_cmake_args' from command line to 'None'
[0.255s] Level 5:colcon.colcon_core.verb:set package 'tello_gazebo' build argument 'catkin_skip_building_tests' from command line to 'False'
[0.255s] DEBUG:colcon.colcon_core.verb:Building package 'tello_gazebo' with the following arguments: {'ament_cmake_args': None, 'build_base': '/home/tello/tello_ros_ws/build/tello_gazebo', 'catkin_cmake_args': None, 'catkin_skip_building_tests': False, 'cmake_args': None, 'cmake_clean_cache': False, 'cmake_clean_first': False, 'cmake_force_configure': False, 'cmake_target': None, 'cmake_target_skip_unavailable': False, 'install_base': '/home/tello/tello_ros_ws/install/tello_gazebo', 'merge_install': False, 'path': '/home/tello/tello_ros_ws/src/tello_ros/tello_gazebo', 'symlink_install': False, 'test_result_base': None}
[0.255s] INFO:colcon.colcon_core.executor:Executing jobs using 'parallel' executor
[0.260s] DEBUG:colcon.colcon_parallel_executor.executor.parallel:run_until_complete
[0.261s] INFO:colcon.colcon_ros.task.ament_cmake.build:Building ROS package in '/home/tello/tello_ros_ws/src/tello_ros/tello_msgs' with build type 'ament_cmake'
[0.261s] INFO:colcon.colcon_cmake.task.cmake.build:Building CMake package in '/home/tello/tello_ros_ws/src/tello_ros/tello_msgs'
[0.265s] INFO:colcon.colcon_core.plugin_system:Skipping extension 'colcon_core.shell.bat': Not used on non-Windows systems
[0.266s] INFO:colcon.colcon_core.shell:Skip shell extension 'powershell' for command environment: Not usable outside of PowerShell
[0.266s] DEBUG:colcon.colcon_core.shell:Skip shell extension 'dsv' for command environment
[0.269s] DEBUG:colcon.colcon_core.shell:Ignoring prefix path '/opt/ros/eloquent'
[0.273s] INFO:colcon.colcon_ros.task.ament_cmake.build:Building ROS package in '/home/tello/tello_ros_ws/src/ros2_shared' with build type 'ament_cmake'
[0.273s] INFO:colcon.colcon_cmake.task.cmake.build:Building CMake package in '/home/tello/tello_ros_ws/src/ros2_shared'
[0.274s] INFO:colcon.colcon_core.shell:Skip shell extension 'powershell' for command environment: Not usable outside of PowerShell
[0.274s] DEBUG:colcon.colcon_core.shell:Skip shell extension 'dsv' for command environment
[0.276s] DEBUG:colcon.colcon_core.shell:Ignoring prefix path '/opt/ros/eloquent'
[0.283s] INFO:colcon.colcon_ros.task.ament_cmake.build:Building ROS package in '/home/tello/tello_ros_ws/src/tello_ros/tello_description' with build type 'ament_cmake'
[0.283s] INFO:colcon.colcon_cmake.task.cmake.build:Building CMake package in '/home/tello/tello_ros_ws/src/tello_ros/tello_description'
[0.285s] INFO:colcon.colcon_core.shell:Skip shell extension 'powershell' for command environment: Not usable outside of PowerShell
[0.285s] DEBUG:colcon.colcon_core.shell:Skip shell extension 'dsv' for command environment
[0.287s] DEBUG:colcon.colcon_core.shell:Ignoring prefix path '/opt/ros/eloquent'
[0.304s] DEBUG:colcon.colcon_core.event_handler.log_command:Invoking command in '/home/tello/tello_ros_ws/build/tello_msgs': CMAKE_PREFIX_PATH=/opt/ros/eloquent /usr/bin/cmake --build /home/tello/tello_ros_ws/build/tello_msgs -- -j3 -l3
[0.313s] DEBUG:colcon.colcon_core.event_handler.log_command:Invoking command in '/home/tello/tello_ros_ws/build/ros2_shared': CMAKE_PREFIX_PATH=/opt/ros/eloquent /usr/bin/cmake --build /home/tello/tello_ros_ws/build/ros2_shared -- -j3 -l3
[0.363s] DEBUG:colcon.colcon_core.event_handler.log_command:Invoking command in '/home/tello/tello_ros_ws/build/tello_description': CMAKE_PREFIX_PATH=/opt/ros/eloquent /usr/bin/cmake --build /home/tello/tello_ros_ws/build/tello_description -- -j3 -l3
[0.380s] DEBUG:colcon.colcon_core.event_handler.log_command:Invoked command in '/home/tello/tello_ros_ws/build/ros2_shared' returned '0': CMAKE_PREFIX_PATH=/opt/ros/eloquent /usr/bin/cmake --build /home/tello/tello_ros_ws/build/ros2_shared -- -j3 -l3
[0.493s] DEBUG:colcon.colcon_core.event_handler.log_command:Invoking command in '/home/tello/tello_ros_ws/build/ros2_shared': CMAKE_PREFIX_PATH=/opt/ros/eloquent /usr/bin/cmake --build /home/tello/tello_ros_ws/build/ros2_shared --target install -- -j3 -l3
[0.621s] Level 1:colcon.colcon_core.environment:create_environment_scripts_only(ros2_shared)
[0.624s] DEBUG:colcon.colcon_core.event_handler.log_command:Invoked command in '/home/tello/tello_ros_ws/build/ros2_shared' returned '0': CMAKE_PREFIX_PATH=/opt/ros/eloquent /usr/bin/cmake --build /home/tello/tello_ros_ws/build/ros2_shared --target install -- -j3 -l3
[0.628s] Level 1:colcon.colcon_core.environment:checking '/home/tello/tello_ros_ws/install/ros2_shared' for CMake module files
[0.629s] Level 1:colcon.colcon_core.environment:checking '/home/tello/tello_ros_ws/install/ros2_shared' for CMake config files
[0.629s] Level 1:colcon.colcon_core.shell:create_environment_hook('ros2_shared', 'cmake_prefix_path')
[0.630s] INFO:colcon.colcon_core.shell:Creating environment hook '/home/tello/tello_ros_ws/install/ros2_shared/share/ros2_shared/hook/cmake_prefix_path.ps1'
[0.631s] INFO:colcon.colcon_core.shell:Creating environment descriptor '/home/tello/tello_ros_ws/install/ros2_shared/share/ros2_shared/hook/cmake_prefix_path.dsv'
[0.633s] INFO:colcon.colcon_core.shell:Creating environment hook '/home/tello/tello_ros_ws/install/ros2_shared/share/ros2_shared/hook/cmake_prefix_path.sh'
[0.635s] Level 1:colcon.colcon_core.environment:checking '/home/tello/tello_ros_ws/install/ros2_shared/bin'
[0.635s] Level 1:colcon.colcon_core.environment:checking '/home/tello/tello_ros_ws/install/ros2_shared/lib/pkgconfig/ros2_shared.pc'
[0.635s] Level 1:colcon.colcon_core.environment:checking '/home/tello/tello_ros_ws/install/ros2_shared/lib/python3.6/site-packages'
[0.635s] INFO:colcon.colcon_core.shell:Creating package script '/home/tello/tello_ros_ws/install/ros2_shared/share/ros2_shared/package.ps1'
[0.637s] INFO:colcon.colcon_core.shell:Creating package descriptor '/home/tello/tello_ros_ws/install/ros2_shared/share/ros2_shared/package.dsv'
[0.638s] INFO:colcon.colcon_core.shell:Creating package script '/home/tello/tello_ros_ws/install/ros2_shared/share/ros2_shared/package.sh'
[0.639s] INFO:colcon.colcon_core.shell:Creating package script '/home/tello/tello_ros_ws/install/ros2_shared/share/ros2_shared/package.bash'
[0.641s] INFO:colcon.colcon_core.shell:Creating package script '/home/tello/tello_ros_ws/install/ros2_shared/share/ros2_shared/package.zsh'
[0.643s] Level 1:colcon.colcon_core.environment:create_file_with_runtime_dependencies(/home/tello/tello_ros_ws/install/ros2_shared/share/colcon-core/packages/ros2_shared)
[0.651s] DEBUG:colcon.colcon_core.event_handler.log_command:Invoked command in '/home/tello/tello_ros_ws/build/tello_description' returned '0': CMAKE_PREFIX_PATH=/opt/ros/eloquent /usr/bin/cmake --build /home/tello/tello_ros_ws/build/tello_description -- -j3 -l3
[0.677s] Level 1:colcon.colcon_core.environment:create_environment_scripts_only(ros2_shared)
[0.678s] Level 1:colcon.colcon_core.environment:checking '/home/tello/tello_ros_ws/install/ros2_shared' for CMake module files
[0.679s] Level 1:colcon.colcon_core.environment:checking '/home/tello/tello_ros_ws/install/ros2_shared' for CMake config files
[0.679s] Level 1:colcon.colcon_core.shell:create_environment_hook('ros2_shared', 'cmake_prefix_path')
[0.679s] INFO:colcon.colcon_core.shell:Creating environment hook '/home/tello/tello_ros_ws/install/ros2_shared/share/ros2_shared/hook/cmake_prefix_path.ps1'
[0.680s] INFO:colcon.colcon_core.shell:Creating environment descriptor '/home/tello/tello_ros_ws/install/ros2_shared/share/ros2_shared/hook/cmake_prefix_path.dsv'
[0.681s] INFO:colcon.colcon_core.shell:Creating environment hook '/home/tello/tello_ros_ws/install/ros2_shared/share/ros2_shared/hook/cmake_prefix_path.sh'
[0.684s] Level 1:colcon.colcon_core.environment:checking '/home/tello/tello_ros_ws/install/ros2_shared/bin'
[0.684s] Level 1:colcon.colcon_core.environment:checking '/home/tello/tello_ros_ws/install/ros2_shared/lib/pkgconfig/ros2_shared.pc'
[0.684s] Level 1:colcon.colcon_core.environment:checking '/home/tello/tello_ros_ws/install/ros2_shared/lib/python3.6/site-packages'
[0.685s] INFO:colcon.colcon_core.shell:Creating package script '/home/tello/tello_ros_ws/install/ros2_shared/share/ros2_shared/package.ps1'
[0.686s] INFO:colcon.colcon_core.shell:Creating package descriptor '/home/tello/tello_ros_ws/install/ros2_shared/share/ros2_shared/package.dsv'
[0.687s] INFO:colcon.colcon_core.shell:Creating package script '/home/tello/tello_ros_ws/install/ros2_shared/share/ros2_shared/package.sh'
[0.689s] INFO:colcon.colcon_core.shell:Creating package script '/home/tello/tello_ros_ws/install/ros2_shared/share/ros2_shared/package.bash'
[0.692s] INFO:colcon.colcon_core.shell:Creating package script '/home/tello/tello_ros_ws/install/ros2_shared/share/ros2_shared/package.zsh'
[0.693s] Level 1:colcon.colcon_core.environment:create_file_with_runtime_dependencies(/home/tello/tello_ros_ws/install/ros2_shared/share/colcon-core/packages/ros2_shared)
[0.698s] DEBUG:colcon.colcon_core.event_handler.log_command:Invoking command in '/home/tello/tello_ros_ws/build/tello_description': CMAKE_PREFIX_PATH=/opt/ros/eloquent /usr/bin/cmake --build /home/tello/tello_ros_ws/build/tello_description --target install -- -j3 -l3
[0.764s] DEBUG:colcon.colcon_core.event_handler.log_command:Invoked command in '/home/tello/tello_ros_ws/build/tello_msgs' returned '0': CMAKE_PREFIX_PATH=/opt/ros/eloquent /usr/bin/cmake --build /home/tello/tello_ros_ws/build/tello_msgs -- -j3 -l3
[0.926s] Level 1:colcon.colcon_core.environment:create_environment_scripts_only(tello_description)
[0.928s] Level 1:colcon.colcon_core.environment:checking '/home/tello/tello_ros_ws/install/tello_description' for CMake module files
[0.929s] Level 1:colcon.colcon_core.environment:checking '/home/tello/tello_ros_ws/install/tello_description' for CMake config files
[0.930s] DEBUG:colcon.colcon_core.event_handler.log_command:Invoked command in '/home/tello/tello_ros_ws/build/tello_description' returned '0': CMAKE_PREFIX_PATH=/opt/ros/eloquent /usr/bin/cmake --build /home/tello/tello_ros_ws/build/tello_description --target install -- -j3 -l3
[0.931s] Level 1:colcon.colcon_core.shell:create_environment_hook('tello_description', 'cmake_prefix_path')
[0.931s] INFO:colcon.colcon_core.shell:Creating environment hook '/home/tello/tello_ros_ws/install/tello_description/share/tello_description/hook/cmake_prefix_path.ps1'
[0.932s] INFO:colcon.colcon_core.shell:Creating environment descriptor '/home/tello/tello_ros_ws/install/tello_description/share/tello_description/hook/cmake_prefix_path.dsv'
[0.933s] INFO:colcon.colcon_core.shell:Creating environment hook '/home/tello/tello_ros_ws/install/tello_description/share/tello_description/hook/cmake_prefix_path.sh'
[0.934s] Level 1:colcon.colcon_core.environment:checking '/home/tello/tello_ros_ws/install/tello_description/bin'
[0.935s] Level 1:colcon.colcon_core.environment:checking '/home/tello/tello_ros_ws/install/tello_description/lib/pkgconfig/tello_description.pc'
[0.935s] Level 1:colcon.colcon_core.environment:checking '/home/tello/tello_ros_ws/install/tello_description/lib/python3.6/site-packages'
[0.935s] INFO:colcon.colcon_core.shell:Creating package script '/home/tello/tello_ros_ws/install/tello_description/share/tello_description/package.ps1'
[0.936s] INFO:colcon.colcon_core.shell:Creating package descriptor '/home/tello/tello_ros_ws/install/tello_description/share/tello_description/package.dsv'
[0.937s] INFO:colcon.colcon_core.shell:Creating package script '/home/tello/tello_ros_ws/install/tello_description/share/tello_description/package.sh'
[0.938s] INFO:colcon.colcon_core.shell:Creating package script '/home/tello/tello_ros_ws/install/tello_description/share/tello_description/package.bash'
[0.938s] INFO:colcon.colcon_core.shell:Creating package script '/home/tello/tello_ros_ws/install/tello_description/share/tello_description/package.zsh'
[0.939s] Level 1:colcon.colcon_core.environment:create_file_with_runtime_dependencies(/home/tello/tello_ros_ws/install/tello_description/share/colcon-core/packages/tello_description)
[0.965s] DEBUG:colcon.colcon_core.event_handler.log_command:Invoking command in '/home/tello/tello_ros_ws/build/tello_msgs': CMAKE_PREFIX_PATH=/opt/ros/eloquent /usr/bin/cmake --build /home/tello/tello_ros_ws/build/tello_msgs --target install -- -j3 -l3
[0.991s] Level 1:colcon.colcon_core.environment:create_environment_scripts_only(tello_description)
[0.992s] Level 1:colcon.colcon_core.environment:checking '/home/tello/tello_ros_ws/install/tello_description' for CMake module files
[0.993s] Level 1:colcon.colcon_core.environment:checking '/home/tello/tello_ros_ws/install/tello_description' for CMake config files
[0.993s] Level 1:colcon.colcon_core.shell:create_environment_hook('tello_description', 'cmake_prefix_path')
[0.993s] INFO:colcon.colcon_core.shell:Creating environment hook '/home/tello/tello_ros_ws/install/tello_description/share/tello_description/hook/cmake_prefix_path.ps1'
[0.994s] INFO:colcon.colcon_core.shell:Creating environment descriptor '/home/tello/tello_ros_ws/install/tello_description/share/tello_description/hook/cmake_prefix_path.dsv'
[0.995s] INFO:colcon.colcon_core.shell:Creating environment hook '/home/tello/tello_ros_ws/install/tello_description/share/tello_description/hook/cmake_prefix_path.sh'
[0.996s] Level 1:colcon.colcon_core.environment:checking '/home/tello/tello_ros_ws/install/tello_description/bin'
[0.997s] Level 1:colcon.colcon_core.environment:checking '/home/tello/tello_ros_ws/install/tello_description/lib/pkgconfig/tello_description.pc'
[0.997s] Level 1:colcon.colcon_core.environment:checking '/home/tello/tello_ros_ws/install/tello_description/lib/python3.6/site-packages'
[0.997s] INFO:colcon.colcon_core.shell:Creating package script '/home/tello/tello_ros_ws/install/tello_description/share/tello_description/package.ps1'
[0.999s] INFO:colcon.colcon_core.shell:Creating package descriptor '/home/tello/tello_ros_ws/install/tello_description/share/tello_description/package.dsv'
[1.000s] INFO:colcon.colcon_core.shell:Creating package script '/home/tello/tello_ros_ws/install/tello_description/share/tello_description/package.sh'
[1.002s] INFO:colcon.colcon_core.shell:Creating package script '/home/tello/tello_ros_ws/install/tello_description/share/tello_description/package.bash'
[1.007s] INFO:colcon.colcon_core.shell:Creating package script '/home/tello/tello_ros_ws/install/tello_description/share/tello_description/package.zsh'
[1.009s] Level 1:colcon.colcon_core.environment:create_file_with_runtime_dependencies(/home/tello/tello_ros_ws/install/tello_description/share/colcon-core/packages/tello_description)
[1.357s] Level 1:colcon.colcon_core.environment:create_environment_scripts_only(tello_msgs)
[1.358s] Level 1:colcon.colcon_core.environment:checking '/home/tello/tello_ros_ws/install/tello_msgs' for CMake module files
[1.359s] DEBUG:colcon.colcon_core.event_handler.log_command:Invoked command in '/home/tello/tello_ros_ws/build/tello_msgs' returned '0': CMAKE_PREFIX_PATH=/opt/ros/eloquent /usr/bin/cmake --build /home/tello/tello_ros_ws/build/tello_msgs --target install -- -j3 -l3
[1.360s] Level 1:colcon.colcon_core.environment:checking '/home/tello/tello_ros_ws/install/tello_msgs' for CMake config files
[1.360s] Level 1:colcon.colcon_core.shell:create_environment_hook('tello_msgs', 'cmake_prefix_path')
[1.362s] INFO:colcon.colcon_core.shell:Creating environment hook '/home/tello/tello_ros_ws/install/tello_msgs/share/tello_msgs/hook/cmake_prefix_path.ps1'
[1.363s] INFO:colcon.colcon_core.shell:Creating environment descriptor '/home/tello/tello_ros_ws/install/tello_msgs/share/tello_msgs/hook/cmake_prefix_path.dsv'
[1.363s] INFO:colcon.colcon_core.shell:Creating environment hook '/home/tello/tello_ros_ws/install/tello_msgs/share/tello_msgs/hook/cmake_prefix_path.sh'
[1.364s] Level 1:colcon.colcon_core.environment:checking '/home/tello/tello_ros_ws/install/tello_msgs/lib'
[1.365s] Level 1:colcon.colcon_core.shell:create_environment_hook('tello_msgs', 'ld_library_path_lib')
[1.365s] INFO:colcon.colcon_core.shell:Creating environment hook '/home/tello/tello_ros_ws/install/tello_msgs/share/tello_msgs/hook/ld_library_path_lib.ps1'
[1.366s] INFO:colcon.colcon_core.shell:Creating environment descriptor '/home/tello/tello_ros_ws/install/tello_msgs/share/tello_msgs/hook/ld_library_path_lib.dsv'
[1.367s] INFO:colcon.colcon_core.shell:Creating environment hook '/home/tello/tello_ros_ws/install/tello_msgs/share/tello_msgs/hook/ld_library_path_lib.sh'
[1.367s] Level 1:colcon.colcon_core.environment:checking '/home/tello/tello_ros_ws/install/tello_msgs/bin'
[1.367s] Level 1:colcon.colcon_core.environment:checking '/home/tello/tello_ros_ws/install/tello_msgs/lib/pkgconfig/tello_msgs.pc'
[1.367s] Level 1:colcon.colcon_core.environment:checking '/home/tello/tello_ros_ws/install/tello_msgs/lib/python3.6/site-packages'
[1.367s] Level 1:colcon.colcon_core.shell:create_environment_hook('tello_msgs', 'pythonpath')
[1.368s] INFO:colcon.colcon_core.shell:Creating environment hook '/home/tello/tello_ros_ws/install/tello_msgs/share/tello_msgs/hook/pythonpath.ps1'
[1.369s] INFO:colcon.colcon_core.shell:Creating environment descriptor '/home/tello/tello_ros_ws/install/tello_msgs/share/tello_msgs/hook/pythonpath.dsv'
[1.370s] INFO:colcon.colcon_core.shell:Creating environment hook '/home/tello/tello_ros_ws/install/tello_msgs/share/tello_msgs/hook/pythonpath.sh'
[1.372s] INFO:colcon.colcon_core.shell:Creating package script '/home/tello/tello_ros_ws/install/tello_msgs/share/tello_msgs/package.ps1'
[1.373s] INFO:colcon.colcon_core.shell:Creating package descriptor '/home/tello/tello_ros_ws/install/tello_msgs/share/tello_msgs/package.dsv'
[1.374s] INFO:colcon.colcon_core.shell:Creating package script '/home/tello/tello_ros_ws/install/tello_msgs/share/tello_msgs/package.sh'
[1.374s] INFO:colcon.colcon_core.shell:Creating package script '/home/tello/tello_ros_ws/install/tello_msgs/share/tello_msgs/package.bash'
[1.375s] INFO:colcon.colcon_core.shell:Creating package script '/home/tello/tello_ros_ws/install/tello_msgs/share/tello_msgs/package.zsh'
[1.376s] Level 1:colcon.colcon_core.environment:create_file_with_runtime_dependencies(/home/tello/tello_ros_ws/install/tello_msgs/share/colcon-core/packages/tello_msgs)
[1.541s] Level 1:colcon.colcon_core.environment:create_environment_scripts_only(tello_msgs)
[1.542s] Level 1:colcon.colcon_core.environment:checking '/home/tello/tello_ros_ws/install/tello_msgs' for CMake module files
[1.543s] Level 1:colcon.colcon_core.environment:checking '/home/tello/tello_ros_ws/install/tello_msgs' for CMake config files
[1.543s] Level 1:colcon.colcon_core.shell:create_environment_hook('tello_msgs', 'cmake_prefix_path')
[1.543s] INFO:colcon.colcon_core.shell:Creating environment hook '/home/tello/tello_ros_ws/install/tello_msgs/share/tello_msgs/hook/cmake_prefix_path.ps1'
[1.544s] INFO:colcon.colcon_core.shell:Creating environment descriptor '/home/tello/tello_ros_ws/install/tello_msgs/share/tello_msgs/hook/cmake_prefix_path.dsv'
[1.545s] INFO:colcon.colcon_core.shell:Creating environment hook '/home/tello/tello_ros_ws/install/tello_msgs/share/tello_msgs/hook/cmake_prefix_path.sh'
[1.546s] Level 1:colcon.colcon_core.environment:checking '/home/tello/tello_ros_ws/install/tello_msgs/lib'
[1.546s] Level 1:colcon.colcon_core.shell:create_environment_hook('tello_msgs', 'ld_library_path_lib')
[1.546s] INFO:colcon.colcon_core.shell:Creating environment hook '/home/tello/tello_ros_ws/install/tello_msgs/share/tello_msgs/hook/ld_library_path_lib.ps1'
[1.547s] INFO:colcon.colcon_core.shell:Creating environment descriptor '/home/tello/tello_ros_ws/install/tello_msgs/share/tello_msgs/hook/ld_library_path_lib.dsv'
[1.548s] INFO:colcon.colcon_core.shell:Creating environment hook '/home/tello/tello_ros_ws/install/tello_msgs/share/tello_msgs/hook/ld_library_path_lib.sh'
[1.549s] Level 1:colcon.colcon_core.environment:checking '/home/tello/tello_ros_ws/install/tello_msgs/bin'
[1.549s] Level 1:colcon.colcon_core.environment:checking '/home/tello/tello_ros_ws/install/tello_msgs/lib/pkgconfig/tello_msgs.pc'
[1.549s] Level 1:colcon.colcon_core.environment:checking '/home/tello/tello_ros_ws/install/tello_msgs/lib/python3.6/site-packages'
[1.549s] Level 1:colcon.colcon_core.shell:create_environment_hook('tello_msgs', 'pythonpath')
[1.549s] INFO:colcon.colcon_core.shell:Creating environment hook '/home/tello/tello_ros_ws/install/tello_msgs/share/tello_msgs/hook/pythonpath.ps1'
[1.550s] INFO:colcon.colcon_core.shell:Creating environment descriptor '/home/tello/tello_ros_ws/install/tello_msgs/share/tello_msgs/hook/pythonpath.dsv'
[1.550s] INFO:colcon.colcon_core.shell:Creating environment hook '/home/tello/tello_ros_ws/install/tello_msgs/share/tello_msgs/hook/pythonpath.sh'
[1.551s] INFO:colcon.colcon_core.shell:Creating package script '/home/tello/tello_ros_ws/install/tello_msgs/share/tello_msgs/package.ps1'
[1.552s] INFO:colcon.colcon_core.shell:Creating package descriptor '/home/tello/tello_ros_ws/install/tello_msgs/share/tello_msgs/package.dsv'
[1.553s] INFO:colcon.colcon_core.shell:Creating package script '/home/tello/tello_ros_ws/install/tello_msgs/share/tello_msgs/package.sh'
[1.554s] INFO:colcon.colcon_core.shell:Creating package script '/home/tello/tello_ros_ws/install/tello_msgs/share/tello_msgs/package.bash'
[1.555s] INFO:colcon.colcon_core.shell:Creating package script '/home/tello/tello_ros_ws/install/tello_msgs/share/tello_msgs/package.zsh'
[1.555s] Level 1:colcon.colcon_core.environment:create_file_with_runtime_dependencies(/home/tello/tello_ros_ws/install/tello_msgs/share/colcon-core/packages/tello_msgs)
[1.556s] INFO:colcon.colcon_ros.task.ament_cmake.build:Building ROS package in '/home/tello/tello_ros_ws/src/tello_ros/tello_driver' with build type 'ament_cmake'
[1.556s] INFO:colcon.colcon_cmake.task.cmake.build:Building CMake package in '/home/tello/tello_ros_ws/src/tello_ros/tello_driver'
[1.557s] INFO:colcon.colcon_core.shell:Skip shell extension 'powershell' for command environment: Not usable outside of PowerShell
[1.557s] DEBUG:colcon.colcon_core.shell:Skip shell extension 'dsv' for command environment
[1.559s] DEBUG:colcon.colcon_core.shell:Ignoring prefix path '/opt/ros/eloquent'
[1.567s] INFO:colcon.colcon_ros.task.ament_cmake.build:Building ROS package in '/home/tello/tello_ros_ws/src/tello_ros/tello_gazebo' with build type 'ament_cmake'
[1.568s] INFO:colcon.colcon_cmake.task.cmake.build:Building CMake package in '/home/tello/tello_ros_ws/src/tello_ros/tello_gazebo'
[1.569s] INFO:colcon.colcon_core.shell:Skip shell extension 'powershell' for command environment: Not usable outside of PowerShell
[1.570s] DEBUG:colcon.colcon_core.shell:Skip shell extension 'dsv' for command environment
[1.572s] DEBUG:colcon.colcon_core.shell:Ignoring prefix path '/opt/ros/eloquent'
[1.598s] DEBUG:colcon.colcon_core.event_handler.log_command:Invoking command in '/home/tello/tello_ros_ws/build/tello_driver': AMENT_PREFIX_PATH=/home/tello/tello_ros_ws/install/tello_msgs:/home/tello/tello_ros_ws/install/ros2_shared:${AMENT_PREFIX_PATH} CMAKE_PREFIX_PATH=/home/tello/tello_ros_ws/install/tello_msgs:/home/tello/tello_ros_ws/install/ros2_shared:/opt/ros/eloquent LD_LIBRARY_PATH=/home/tello/tello_ros_ws/install/tello_msgs/lib:${LD_LIBRARY_PATH} PYTHONPATH=/home/tello/tello_ros_ws/install/tello_msgs/lib/python3.6/site-packages:${PYTHONPATH} /usr/bin/cmake --build /home/tello/tello_ros_ws/build/tello_driver -- -j3 -l3
[1.611s] DEBUG:colcon.colcon_core.event_handler.log_command:Invoking command in '/home/tello/tello_ros_ws/build/tello_gazebo': AMENT_PREFIX_PATH=/home/tello/tello_ros_ws/install/tello_msgs:${AMENT_PREFIX_PATH} CMAKE_PREFIX_PATH=/home/tello/tello_ros_ws/install/tello_msgs:/opt/ros/eloquent LD_LIBRARY_PATH=/home/tello/tello_ros_ws/install/tello_msgs/lib:${LD_LIBRARY_PATH} PYTHONPATH=/home/tello/tello_ros_ws/install/tello_msgs/lib/python3.6/site-packages:${PYTHONPATH} /usr/bin/cmake --build /home/tello/tello_ros_ws/build/tello_gazebo -- -j3 -l3
[1.734s] DEBUG:colcon.colcon_core.event_handler.log_command:Invoked command in '/home/tello/tello_ros_ws/build/tello_gazebo' returned '0': AMENT_PREFIX_PATH=/home/tello/tello_ros_ws/install/tello_msgs:${AMENT_PREFIX_PATH} CMAKE_PREFIX_PATH=/home/tello/tello_ros_ws/install/tello_msgs:/opt/ros/eloquent LD_LIBRARY_PATH=/home/tello/tello_ros_ws/install/tello_msgs/lib:${LD_LIBRARY_PATH} PYTHONPATH=/home/tello/tello_ros_ws/install/tello_msgs/lib/python3.6/site-packages:${PYTHONPATH} /usr/bin/cmake --build /home/tello/tello_ros_ws/build/tello_gazebo -- -j3 -l3
[1.762s] DEBUG:colcon.colcon_core.event_handler.log_command:Invoked command in '/home/tello/tello_ros_ws/build/tello_driver' returned '0': AMENT_PREFIX_PATH=/home/tello/tello_ros_ws/install/tello_msgs:/home/tello/tello_ros_ws/install/ros2_shared:${AMENT_PREFIX_PATH} CMAKE_PREFIX_PATH=/home/tello/tello_ros_ws/install/tello_msgs:/home/tello/tello_ros_ws/install/ros2_shared:/opt/ros/eloquent LD_LIBRARY_PATH=/home/tello/tello_ros_ws/install/tello_msgs/lib:${LD_LIBRARY_PATH} PYTHONPATH=/home/tello/tello_ros_ws/install/tello_msgs/lib/python3.6/site-packages:${PYTHONPATH} /usr/bin/cmake --build /home/tello/tello_ros_ws/build/tello_driver -- -j3 -l3
[1.777s] DEBUG:colcon.colcon_core.event_handler.log_command:Invoking command in '/home/tello/tello_ros_ws/build/tello_gazebo': AMENT_PREFIX_PATH=/home/tello/tello_ros_ws/install/tello_msgs:${AMENT_PREFIX_PATH} CMAKE_PREFIX_PATH=/home/tello/tello_ros_ws/install/tello_msgs:/opt/ros/eloquent LD_LIBRARY_PATH=/home/tello/tello_ros_ws/install/tello_msgs/lib:${LD_LIBRARY_PATH} PYTHONPATH=/home/tello/tello_ros_ws/install/tello_msgs/lib/python3.6/site-packages:${PYTHONPATH} /usr/bin/cmake --build /home/tello/tello_ros_ws/build/tello_gazebo --target install -- -j3 -l3
[1.849s] DEBUG:colcon.colcon_core.event_handler.log_command:Invoking command in '/home/tello/tello_ros_ws/build/tello_driver': AMENT_PREFIX_PATH=/home/tello/tello_ros_ws/install/tello_msgs:/home/tello/tello_ros_ws/install/ros2_shared:${AMENT_PREFIX_PATH} CMAKE_PREFIX_PATH=/home/tello/tello_ros_ws/install/tello_msgs:/home/tello/tello_ros_ws/install/ros2_shared:/opt/ros/eloquent LD_LIBRARY_PATH=/home/tello/tello_ros_ws/install/tello_msgs/lib:${LD_LIBRARY_PATH} PYTHONPATH=/home/tello/tello_ros_ws/install/tello_msgs/lib/python3.6/site-packages:${PYTHONPATH} /usr/bin/cmake --build /home/tello/tello_ros_ws/build/tello_driver --target install -- -j3 -l3
[1.921s] Level 1:colcon.colcon_core.environment:create_environment_scripts_only(tello_gazebo)
[1.923s] Level 1:colcon.colcon_core.environment:checking '/home/tello/tello_ros_ws/install/tello_gazebo' for CMake module files
[1.924s] Level 1:colcon.colcon_core.environment:checking '/home/tello/tello_ros_ws/install/tello_gazebo' for CMake config files
[1.926s] DEBUG:colcon.colcon_core.event_handler.log_command:Invoked command in '/home/tello/tello_ros_ws/build/tello_gazebo' returned '0': AMENT_PREFIX_PATH=/home/tello/tello_ros_ws/install/tello_msgs:${AMENT_PREFIX_PATH} CMAKE_PREFIX_PATH=/home/tello/tello_ros_ws/install/tello_msgs:/opt/ros/eloquent LD_LIBRARY_PATH=/home/tello/tello_ros_ws/install/tello_msgs/lib:${LD_LIBRARY_PATH} PYTHONPATH=/home/tello/tello_ros_ws/install/tello_msgs/lib/python3.6/site-packages:${PYTHONPATH} /usr/bin/cmake --build /home/tello/tello_ros_ws/build/tello_gazebo --target install -- -j3 -l3
[1.927s] Level 1:colcon.colcon_core.shell:create_environment_hook('tello_gazebo', 'cmake_prefix_path')
[1.928s] INFO:colcon.colcon_core.shell:Creating environment hook '/home/tello/tello_ros_ws/install/tello_gazebo/share/tello_gazebo/hook/cmake_prefix_path.ps1'
[1.929s] INFO:colcon.colcon_core.shell:Creating environment descriptor '/home/tello/tello_ros_ws/install/tello_gazebo/share/tello_gazebo/hook/cmake_prefix_path.dsv'
[1.930s] INFO:colcon.colcon_core.shell:Creating environment hook '/home/tello/tello_ros_ws/install/tello_gazebo/share/tello_gazebo/hook/cmake_prefix_path.sh'
[1.931s] Level 1:colcon.colcon_core.environment:checking '/home/tello/tello_ros_ws/install/tello_gazebo/lib'
[1.932s] Level 1:colcon.colcon_core.shell:create_environment_hook('tello_gazebo', 'ld_library_path_lib')
[1.933s] INFO:colcon.colcon_core.shell:Creating environment hook '/home/tello/tello_ros_ws/install/tello_gazebo/share/tello_gazebo/hook/ld_library_path_lib.ps1'
[1.933s] INFO:colcon.colcon_core.shell:Creating environment descriptor '/home/tello/tello_ros_ws/install/tello_gazebo/share/tello_gazebo/hook/ld_library_path_lib.dsv'
[1.934s] INFO:colcon.colcon_core.shell:Creating environment hook '/home/tello/tello_ros_ws/install/tello_gazebo/share/tello_gazebo/hook/ld_library_path_lib.sh'
[1.934s] Level 1:colcon.colcon_core.environment:checking '/home/tello/tello_ros_ws/install/tello_gazebo/bin'
[1.935s] Level 1:colcon.colcon_core.environment:checking '/home/tello/tello_ros_ws/install/tello_gazebo/lib/pkgconfig/tello_gazebo.pc'
[1.935s] Level 1:colcon.colcon_core.environment:checking '/home/tello/tello_ros_ws/install/tello_gazebo/lib/python3.6/site-packages'
[1.936s] INFO:colcon.colcon_core.shell:Creating package script '/home/tello/tello_ros_ws/install/tello_gazebo/share/tello_gazebo/package.ps1'
[1.937s] INFO:colcon.colcon_core.shell:Creating package descriptor '/home/tello/tello_ros_ws/install/tello_gazebo/share/tello_gazebo/package.dsv'
[1.937s] INFO:colcon.colcon_core.shell:Creating package script '/home/tello/tello_ros_ws/install/tello_gazebo/share/tello_gazebo/package.sh'
[1.940s] INFO:colcon.colcon_core.shell:Creating package script '/home/tello/tello_ros_ws/install/tello_gazebo/share/tello_gazebo/package.bash'
[1.941s] INFO:colcon.colcon_core.shell:Creating package script '/home/tello/tello_ros_ws/install/tello_gazebo/share/tello_gazebo/package.zsh'
[1.942s] Level 1:colcon.colcon_core.environment:create_file_with_runtime_dependencies(/home/tello/tello_ros_ws/install/tello_gazebo/share/colcon-core/packages/tello_gazebo)
[1.985s] Level 1:colcon.colcon_core.environment:create_environment_scripts_only(tello_gazebo)
[1.985s] Level 1:colcon.colcon_core.environment:checking '/home/tello/tello_ros_ws/install/tello_gazebo' for CMake module files
[1.986s] Level 1:colcon.colcon_core.environment:checking '/home/tello/tello_ros_ws/install/tello_gazebo' for CMake config files
[1.986s] Level 1:colcon.colcon_core.shell:create_environment_hook('tello_gazebo', 'cmake_prefix_path')
[1.987s] INFO:colcon.colcon_core.shell:Creating environment hook '/home/tello/tello_ros_ws/install/tello_gazebo/share/tello_gazebo/hook/cmake_prefix_path.ps1'
[1.988s] INFO:colcon.colcon_core.shell:Creating environment descriptor '/home/tello/tello_ros_ws/install/tello_gazebo/share/tello_gazebo/hook/cmake_prefix_path.dsv'
[1.989s] INFO:colcon.colcon_core.shell:Creating environment hook '/home/tello/tello_ros_ws/install/tello_gazebo/share/tello_gazebo/hook/cmake_prefix_path.sh'
[1.990s] Level 1:colcon.colcon_core.environment:checking '/home/tello/tello_ros_ws/install/tello_gazebo/lib'
[1.990s] Level 1:colcon.colcon_core.shell:create_environment_hook('tello_gazebo', 'ld_library_path_lib')
[1.991s] INFO:colcon.colcon_core.shell:Creating environment hook '/home/tello/tello_ros_ws/install/tello_gazebo/share/tello_gazebo/hook/ld_library_path_lib.ps1'
[1.993s] INFO:colcon.colcon_core.shell:Creating environment descriptor '/home/tello/tello_ros_ws/install/tello_gazebo/share/tello_gazebo/hook/ld_library_path_lib.dsv'
[1.994s] INFO:colcon.colcon_core.shell:Creating environment hook '/home/tello/tello_ros_ws/install/tello_gazebo/share/tello_gazebo/hook/ld_library_path_lib.sh'
[1.996s] Level 1:colcon.colcon_core.environment:checking '/home/tello/tello_ros_ws/install/tello_gazebo/bin'
[1.997s] Level 1:colcon.colcon_core.environment:checking '/home/tello/tello_ros_ws/install/tello_gazebo/lib/pkgconfig/tello_gazebo.pc'
[1.997s] Level 1:colcon.colcon_core.environment:checking '/home/tello/tello_ros_ws/install/tello_gazebo/lib/python3.6/site-packages'
[1.998s] INFO:colcon.colcon_core.shell:Creating package script '/home/tello/tello_ros_ws/install/tello_gazebo/share/tello_gazebo/package.ps1'
[1.999s] INFO:colcon.colcon_core.shell:Creating package descriptor '/home/tello/tello_ros_ws/install/tello_gazebo/share/tello_gazebo/package.dsv'
[2.000s] INFO:colcon.colcon_core.shell:Creating package script '/home/tello/tello_ros_ws/install/tello_gazebo/share/tello_gazebo/package.sh'
[2.001s] INFO:colcon.colcon_core.shell:Creating package script '/home/tello/tello_ros_ws/install/tello_gazebo/share/tello_gazebo/package.bash'
[2.001s] INFO:colcon.colcon_core.shell:Creating package script '/home/tello/tello_ros_ws/install/tello_gazebo/share/tello_gazebo/package.zsh'
[2.002s] Level 1:colcon.colcon_core.environment:create_file_with_runtime_dependencies(/home/tello/tello_ros_ws/install/tello_gazebo/share/colcon-core/packages/tello_gazebo)
[2.053s] Level 1:colcon.colcon_core.environment:create_environment_scripts_only(tello_driver)
[2.054s] Level 1:colcon.colcon_core.environment:checking '/home/tello/tello_ros_ws/install/tello_driver' for CMake module files
[2.055s] DEBUG:colcon.colcon_core.event_handler.log_command:Invoked command in '/home/tello/tello_ros_ws/build/tello_driver' returned '0': AMENT_PREFIX_PATH=/home/tello/tello_ros_ws/install/tello_msgs:/home/tello/tello_ros_ws/install/ros2_shared:${AMENT_PREFIX_PATH} CMAKE_PREFIX_PATH=/home/tello/tello_ros_ws/install/tello_msgs:/home/tello/tello_ros_ws/install/ros2_shared:/opt/ros/eloquent LD_LIBRARY_PATH=/home/tello/tello_ros_ws/install/tello_msgs/lib:${LD_LIBRARY_PATH} PYTHONPATH=/home/tello/tello_ros_ws/install/tello_msgs/lib/python3.6/site-packages:${PYTHONPATH} /usr/bin/cmake --build /home/tello/tello_ros_ws/build/tello_driver --target install -- -j3 -l3
[2.056s] Level 1:colcon.colcon_core.environment:checking '/home/tello/tello_ros_ws/install/tello_driver' for CMake config files
[2.056s] Level 1:colcon.colcon_core.shell:create_environment_hook('tello_driver', 'cmake_prefix_path')
[2.056s] INFO:colcon.colcon_core.shell:Creating environment hook '/home/tello/tello_ros_ws/install/tello_driver/share/tello_driver/hook/cmake_prefix_path.ps1'
[2.057s] INFO:colcon.colcon_core.shell:Creating environment descriptor '/home/tello/tello_ros_ws/install/tello_driver/share/tello_driver/hook/cmake_prefix_path.dsv'
[2.058s] INFO:colcon.colcon_core.shell:Creating environment hook '/home/tello/tello_ros_ws/install/tello_driver/share/tello_driver/hook/cmake_prefix_path.sh'
[2.059s] Level 1:colcon.colcon_core.environment:checking '/home/tello/tello_ros_ws/install/tello_driver/lib'
[2.059s] Level 1:colcon.colcon_core.shell:create_environment_hook('tello_driver', 'ld_library_path_lib')
[2.059s] INFO:colcon.colcon_core.shell:Creating environment hook '/home/tello/tello_ros_ws/install/tello_driver/share/tello_driver/hook/ld_library_path_lib.ps1'
[2.060s] INFO:colcon.colcon_core.shell:Creating environment descriptor '/home/tello/tello_ros_ws/install/tello_driver/share/tello_driver/hook/ld_library_path_lib.dsv'
[2.060s] INFO:colcon.colcon_core.shell:Creating environment hook '/home/tello/tello_ros_ws/install/tello_driver/share/tello_driver/hook/ld_library_path_lib.sh'
[2.061s] Level 1:colcon.colcon_core.environment:checking '/home/tello/tello_ros_ws/install/tello_driver/bin'
[2.061s] Level 1:colcon.colcon_core.environment:checking '/home/tello/tello_ros_ws/install/tello_driver/lib/pkgconfig/tello_driver.pc'
[2.061s] Level 1:colcon.colcon_core.environment:checking '/home/tello/tello_ros_ws/install/tello_driver/lib/python3.6/site-packages'
[2.062s] INFO:colcon.colcon_core.shell:Creating package script '/home/tello/tello_ros_ws/install/tello_driver/share/tello_driver/package.ps1'
[2.063s] INFO:colcon.colcon_core.shell:Creating package descriptor '/home/tello/tello_ros_ws/install/tello_driver/share/tello_driver/package.dsv'
[2.063s] INFO:colcon.colcon_core.shell:Creating package script '/home/tello/tello_ros_ws/install/tello_driver/share/tello_driver/package.sh'
[2.064s] INFO:colcon.colcon_core.shell:Creating package script '/home/tello/tello_ros_ws/install/tello_driver/share/tello_driver/package.bash'
[2.065s] INFO:colcon.colcon_core.shell:Creating package script '/home/tello/tello_ros_ws/install/tello_driver/share/tello_driver/package.zsh'
[2.065s] Level 1:colcon.colcon_core.environment:create_file_with_runtime_dependencies(/home/tello/tello_ros_ws/install/tello_driver/share/colcon-core/packages/tello_driver)
[2.158s] Level 1:colcon.colcon_core.environment:create_environment_scripts_only(tello_driver)
[2.159s] Level 1:colcon.colcon_core.environment:checking '/home/tello/tello_ros_ws/install/tello_driver' for CMake module files
[2.160s] Level 1:colcon.colcon_core.environment:checking '/home/tello/tello_ros_ws/install/tello_driver' for CMake config files
[2.160s] Level 1:colcon.colcon_core.shell:create_environment_hook('tello_driver', 'cmake_prefix_path')
[2.161s] INFO:colcon.colcon_core.shell:Creating environment hook '/home/tello/tello_ros_ws/install/tello_driver/share/tello_driver/hook/cmake_prefix_path.ps1'
[2.162s] INFO:colcon.colcon_core.shell:Creating environment descriptor '/home/tello/tello_ros_ws/install/tello_driver/share/tello_driver/hook/cmake_prefix_path.dsv'
[2.163s] INFO:colcon.colcon_core.shell:Creating environment hook '/home/tello/tello_ros_ws/install/tello_driver/share/tello_driver/hook/cmake_prefix_path.sh'
[2.165s] Level 1:colcon.colcon_core.environment:checking '/home/tello/tello_ros_ws/install/tello_driver/lib'
[2.165s] Level 1:colcon.colcon_core.shell:create_environment_hook('tello_driver', 'ld_library_path_lib')
[2.166s] INFO:colcon.colcon_core.shell:Creating environment hook '/home/tello/tello_ros_ws/install/tello_driver/share/tello_driver/hook/ld_library_path_lib.ps1'
[2.167s] INFO:colcon.colcon_core.shell:Creating environment descriptor '/home/tello/tello_ros_ws/install/tello_driver/share/tello_driver/hook/ld_library_path_lib.dsv'
[2.169s] INFO:colcon.colcon_core.shell:Creating environment hook '/home/tello/tello_ros_ws/install/tello_driver/share/tello_driver/hook/ld_library_path_lib.sh'
[2.170s] Level 1:colcon.colcon_core.environment:checking '/home/tello/tello_ros_ws/install/tello_driver/bin'
[2.170s] Level 1:colcon.colcon_core.environment:checking '/home/tello/tello_ros_ws/install/tello_driver/lib/pkgconfig/tello_driver.pc'
[2.170s] Level 1:colcon.colcon_core.environment:checking '/home/tello/tello_ros_ws/install/tello_driver/lib/python3.6/site-packages'
[2.171s] INFO:colcon.colcon_core.shell:Creating package script '/home/tello/tello_ros_ws/install/tello_driver/share/tello_driver/package.ps1'
[2.172s] INFO:colcon.colcon_core.shell:Creating package descriptor '/home/tello/tello_ros_ws/install/tello_driver/share/tello_driver/package.dsv'
[2.174s] INFO:colcon.colcon_core.shell:Creating package script '/home/tello/tello_ros_ws/install/tello_driver/share/tello_driver/package.sh'
[2.175s] INFO:colcon.colcon_core.shell:Creating package script '/home/tello/tello_ros_ws/install/tello_driver/share/tello_driver/package.bash'
[2.176s] INFO:colcon.colcon_core.shell:Creating package script '/home/tello/tello_ros_ws/install/tello_driver/share/tello_driver/package.zsh'
[2.177s] Level 1:colcon.colcon_core.environment:create_file_with_runtime_dependencies(/home/tello/tello_ros_ws/install/tello_driver/share/colcon-core/packages/tello_driver)
[2.179s] DEBUG:colcon.colcon_parallel_executor.executor.parallel:closing loop
[2.180s] DEBUG:colcon.colcon_parallel_executor.executor.parallel:loop closed
[2.180s] DEBUG:colcon.colcon_parallel_executor.executor.parallel:run_until_complete finished with '0'
[2.180s] DEBUG:colcon.colcon_core.event_reactor:joining thread
[2.198s] INFO:colcon.colcon_core.plugin_system:Skipping extension 'colcon_notification.desktop_notification.terminal_notifier': Not used on non-Darwin systems
[2.198s] INFO:colcon.colcon_core.plugin_system:Skipping extension 'colcon_notification.desktop_notification.win32': Not used on non-Windows systems
[2.198s] INFO:colcon.colcon_notification.desktop_notification:Sending desktop notification using 'notify2'
[2.206s] DEBUG:colcon.colcon_core.event_reactor:joined thread
[2.209s] INFO:colcon.colcon_core.shell:Creating prefix script '/home/tello/tello_ros_ws/install/local_setup.ps1'
[2.211s] INFO:colcon.colcon_core.shell:Creating prefix util module '/home/tello/tello_ros_ws/install/_local_setup_util_ps1.py'
[2.213s] INFO:colcon.colcon_core.shell:Creating prefix chain script '/home/tello/tello_ros_ws/install/setup.ps1'
[2.217s] INFO:colcon.colcon_core.shell:Creating prefix script '/home/tello/tello_ros_ws/install/local_setup.sh'
[2.218s] INFO:colcon.colcon_core.shell:Creating prefix util module '/home/tello/tello_ros_ws/install/_local_setup_util_sh.py'
[2.220s] INFO:colcon.colcon_core.shell:Creating prefix chain script '/home/tello/tello_ros_ws/install/setup.sh'
[2.224s] INFO:colcon.colcon_core.shell:Creating prefix script '/home/tello/tello_ros_ws/install/local_setup.bash'
[2.226s] INFO:colcon.colcon_core.shell:Creating prefix chain script '/home/tello/tello_ros_ws/install/setup.bash'
[2.229s] INFO:colcon.colcon_core.shell:Creating prefix script '/home/tello/tello_ros_ws/install/local_setup.zsh'
[2.231s] INFO:colcon.colcon_core.shell:Creating prefix chain script '/home/tello/tello_ros_ws/install/setup.zsh'
