[0.181s] DEBUG:colcon:Command line arguments: ['/usr/bin/colcon', 'build', '--event-handlers', 'console_direct+']
[0.181s] DEBUG:colcon:Parsed command line arguments: Namespace(ament_cmake_args=None, base_paths=['.'], build_base='build', catkin_cmake_args=None, catkin_skip_building_tests=False, cmake_args=None, cmake_clean_cache=False, cmake_clean_first=False, cmake_force_configure=False, cmake_target=None, cmake_target_skip_unavailable=False, continue_on_error=False, event_handlers=['console_direct+'], executor='parallel', ignore_user_meta=False, install_base='install', log_base=None, log_level=None, main=<bound method BuildVerb.main of <colcon_core.verb.build.BuildVerb object at 0x7fce8ddc05c0>>, merge_install=False, metas=['./colcon.meta'], packages_above=None, packages_above_and_dependencies=None, packages_above_depth=None, packages_end=None, packages_ignore=None, packages_ignore_regex=None, packages_select=None, packages_select_build_failed=False, packages_select_by_dep=None, packages_select_regex=None, packages_select_test_failures=False, packages_skip=None, packages_skip_build_finished=False, packages_skip_by_dep=None, packages_skip_regex=None, packages_skip_test_passed=False, packages_skip_up_to=None, packages_start=None, packages_up_to=None, packages_up_to_regex=None, parallel_workers=2, paths=None, symlink_install=False, test_result_base=None, verb_extension=<colcon_core.verb.build.BuildVerb object at 0x7fce8ddc05c0>, verb_name='build', verb_parser=<colcon_defaults.argument_parser.defaults.DefaultArgumentsDecorator object at 0x7fce8ddc0908>)
[0.186s] Level 1:colcon.colcon_core.package_discovery:discover_packages(colcon_meta) check parameters
[0.187s] Level 1:colcon.colcon_core.package_discovery:discover_packages(recursive) check parameters
[0.187s] Level 1:colcon.colcon_core.package_discovery:discover_packages(ignore) check parameters
[0.187s] Level 1:colcon.colcon_core.package_discovery:discover_packages(path) check parameters
[0.187s] Level 1:colcon.colcon_core.package_discovery:discover_packages(colcon_meta) discover
[0.187s] Level 1:colcon.colcon_core.package_discovery:discover_packages(recursive) discover
[0.187s] INFO:colcon.colcon_core.package_discovery:Crawling recursively for packages in '/home/tello/tello_ros_ws'
[0.187s] Level 1:colcon.colcon_core.package_identification:_identify(.) by extensions ['ignore', 'ignore_ament_install']
[0.187s] Level 1:colcon.colcon_core.package_identification:_identify(.) by extension 'ignore'
[0.187s] Level 1:colcon.colcon_core.package_identification:_identify(.) by extension 'ignore_ament_install'
[0.187s] Level 1:colcon.colcon_core.package_identification:_identify(.) by extensions ['colcon_pkg']
[0.187s] Level 1:colcon.colcon_core.package_identification:_identify(.) by extension 'colcon_pkg'
[0.187s] Level 1:colcon.colcon_core.package_identification:_identify(.) by extensions ['colcon_meta']
[0.188s] Level 1:colcon.colcon_core.package_identification:_identify(.) by extension 'colcon_meta'
[0.188s] Level 1:colcon.colcon_core.package_identification:_identify(.) by extensions ['ros']
[0.188s] Level 1:colcon.colcon_core.package_identification:_identify(.) by extension 'ros'
[0.199s] Level 1:colcon.colcon_core.package_identification:_identify(.) by extensions ['cmake', 'python']
[0.199s] Level 1:colcon.colcon_core.package_identification:_identify(.) by extension 'cmake'
[0.199s] Level 1:colcon.colcon_core.package_identification:_identify(.) by extension 'python'
[0.199s] Level 1:colcon.colcon_core.package_identification:_identify(.) by extensions ['python_setup_py']
[0.200s] Level 1:colcon.colcon_core.package_identification:_identify(.) by extension 'python_setup_py'
[0.200s] Level 1:colcon.colcon_core.package_identification:_identify(build) by extensions ['ignore', 'ignore_ament_install']
[0.200s] Level 1:colcon.colcon_core.package_identification:_identify(build) by extension 'ignore'
[0.200s] Level 1:colcon.colcon_core.package_identification:_identify(build) ignored
[0.200s] Level 1:colcon.colcon_core.package_identification:_identify(install) by extensions ['ignore', 'ignore_ament_install']
[0.200s] Level 1:colcon.colcon_core.package_identification:_identify(install) by extension 'ignore'
[0.200s] Level 1:colcon.colcon_core.package_identification:_identify(install) ignored
[0.201s] Level 1:colcon.colcon_core.package_identification:_identify(log) by extensions ['ignore', 'ignore_ament_install']
[0.201s] Level 1:colcon.colcon_core.package_identification:_identify(log) by extension 'ignore'
[0.201s] Level 1:colcon.colcon_core.package_identification:_identify(log) ignored
[0.201s] Level 1:colcon.colcon_core.package_identification:_identify(src) by extensions ['ignore', 'ignore_ament_install']
[0.201s] Level 1:colcon.colcon_core.package_identification:_identify(src) by extension 'ignore'
[0.201s] Level 1:colcon.colcon_core.package_identification:_identify(src) by extension 'ignore_ament_install'
[0.201s] Level 1:colcon.colcon_core.package_identification:_identify(src) by extensions ['colcon_pkg']
[0.201s] Level 1:colcon.colcon_core.package_identification:_identify(src) by extension 'colcon_pkg'
[0.201s] Level 1:colcon.colcon_core.package_identification:_identify(src) by extensions ['colcon_meta']
[0.201s] Level 1:colcon.colcon_core.package_identification:_identify(src) by extension 'colcon_meta'
[0.201s] Level 1:colcon.colcon_core.package_identification:_identify(src) by extensions ['ros']
[0.201s] Level 1:colcon.colcon_core.package_identification:_identify(src) by extension 'ros'
[0.201s] Level 1:colcon.colcon_core.package_identification:_identify(src) by extensions ['cmake', 'python']
[0.201s] Level 1:colcon.colcon_core.package_identification:_identify(src) by extension 'cmake'
[0.201s] Level 1:colcon.colcon_core.package_identification:_identify(src) by extension 'python'
[0.201s] Level 1:colcon.colcon_core.package_identification:_identify(src) by extensions ['python_setup_py']
[0.202s] Level 1:colcon.colcon_core.package_identification:_identify(src) by extension 'python_setup_py'
[0.202s] Level 1:colcon.colcon_core.package_identification:_identify(src/build) by extensions ['ignore', 'ignore_ament_install']
[0.202s] Level 1:colcon.colcon_core.package_identification:_identify(src/build) by extension 'ignore'
[0.202s] Level 1:colcon.colcon_core.package_identification:_identify(src/build) ignored
[0.202s] Level 1:colcon.colcon_core.package_identification:_identify(src/install) by extensions ['ignore', 'ignore_ament_install']
[0.202s] Level 1:colcon.colcon_core.package_identification:_identify(src/install) by extension 'ignore'
[0.202s] Level 1:colcon.colcon_core.package_identification:_identify(src/install) ignored
[0.202s] Level 1:colcon.colcon_core.package_identification:_identify(src/log) by extensions ['ignore', 'ignore_ament_install']
[0.202s] Level 1:colcon.colcon_core.package_identification:_identify(src/log) by extension 'ignore'
[0.202s] Level 1:colcon.colcon_core.package_identification:_identify(src/log) ignored
[0.202s] Level 1:colcon.colcon_core.package_identification:_identify(src/ros2_shared) by extensions ['ignore', 'ignore_ament_install']
[0.202s] Level 1:colcon.colcon_core.package_identification:_identify(src/ros2_shared) by extension 'ignore'
[0.203s] Level 1:colcon.colcon_core.package_identification:_identify(src/ros2_shared) by extension 'ignore_ament_install'
[0.203s] Level 1:colcon.colcon_core.package_identification:_identify(src/ros2_shared) by extensions ['colcon_pkg']
[0.203s] Level 1:colcon.colcon_core.package_identification:_identify(src/ros2_shared) by extension 'colcon_pkg'
[0.203s] Level 1:colcon.colcon_core.package_identification:_identify(src/ros2_shared) by extensions ['colcon_meta']
[0.203s] Level 1:colcon.colcon_core.package_identification:_identify(src/ros2_shared) by extension 'colcon_meta'
[0.203s] Level 1:colcon.colcon_core.package_identification:_identify(src/ros2_shared) by extensions ['ros']
[0.203s] Level 1:colcon.colcon_core.package_identification:_identify(src/ros2_shared) by extension 'ros'
[0.205s] DEBUG:colcon.colcon_core.package_identification:Package 'src/ros2_shared' with type 'ros.ament_cmake' and name 'ros2_shared'
[0.205s] Level 1:colcon.colcon_core.package_identification:_identify(src/tello_ros) by extensions ['ignore', 'ignore_ament_install']
[0.205s] Level 1:colcon.colcon_core.package_identification:_identify(src/tello_ros) by extension 'ignore'
[0.205s] Level 1:colcon.colcon_core.package_identification:_identify(src/tello_ros) by extension 'ignore_ament_install'
[0.205s] Level 1:colcon.colcon_core.package_identification:_identify(src/tello_ros) by extensions ['colcon_pkg']
[0.206s] Level 1:colcon.colcon_core.package_identification:_identify(src/tello_ros) by extension 'colcon_pkg'
[0.206s] Level 1:colcon.colcon_core.package_identification:_identify(src/tello_ros) by extensions ['colcon_meta']
[0.206s] Level 1:colcon.colcon_core.package_identification:_identify(src/tello_ros) by extension 'colcon_meta'
[0.206s] Level 1:colcon.colcon_core.package_identification:_identify(src/tello_ros) by extensions ['ros']
[0.206s] Level 1:colcon.colcon_core.package_identification:_identify(src/tello_ros) by extension 'ros'
[0.206s] Level 1:colcon.colcon_core.package_identification:_identify(src/tello_ros) by extensions ['cmake', 'python']
[0.206s] Level 1:colcon.colcon_core.package_identification:_identify(src/tello_ros) by extension 'cmake'
[0.206s] Level 1:colcon.colcon_core.package_identification:_identify(src/tello_ros) by extension 'python'
[0.206s] Level 1:colcon.colcon_core.package_identification:_identify(src/tello_ros) by extensions ['python_setup_py']
[0.206s] Level 1:colcon.colcon_core.package_identification:_identify(src/tello_ros) by extension 'python_setup_py'
[0.206s] Level 1:colcon.colcon_core.package_identification:_identify(src/tello_ros/docker) by extensions ['ignore', 'ignore_ament_install']
[0.206s] Level 1:colcon.colcon_core.package_identification:_identify(src/tello_ros/docker) by extension 'ignore'
[0.206s] Level 1:colcon.colcon_core.package_identification:_identify(src/tello_ros/docker) by extension 'ignore_ament_install'
[0.206s] Level 1:colcon.colcon_core.package_identification:_identify(src/tello_ros/docker) by extensions ['colcon_pkg']
[0.206s] Level 1:colcon.colcon_core.package_identification:_identify(src/tello_ros/docker) by extension 'colcon_pkg'
[0.206s] Level 1:colcon.colcon_core.package_identification:_identify(src/tello_ros/docker) by extensions ['colcon_meta']
[0.207s] Level 1:colcon.colcon_core.package_identification:_identify(src/tello_ros/docker) by extension 'colcon_meta'
[0.207s] Level 1:colcon.colcon_core.package_identification:_identify(src/tello_ros/docker) by extensions ['ros']
[0.207s] Level 1:colcon.colcon_core.package_identification:_identify(src/tello_ros/docker) by extension 'ros'
[0.207s] Level 1:colcon.colcon_core.package_identification:_identify(src/tello_ros/docker) by extensions ['cmake', 'python']
[0.207s] Level 1:colcon.colcon_core.package_identification:_identify(src/tello_ros/docker) by extension 'cmake'
[0.207s] Level 1:colcon.colcon_core.package_identification:_identify(src/tello_ros/docker) by extension 'python'
[0.207s] Level 1:colcon.colcon_core.package_identification:_identify(src/tello_ros/docker) by extensions ['python_setup_py']
[0.207s] Level 1:colcon.colcon_core.package_identification:_identify(src/tello_ros/docker) by extension 'python_setup_py'
[0.207s] Level 1:colcon.colcon_core.package_identification:_identify(src/tello_ros/tello_description) by extensions ['ignore', 'ignore_ament_install']
[0.207s] Level 1:colcon.colcon_core.package_identification:_identify(src/tello_ros/tello_description) by extension 'ignore'
[0.207s] Level 1:colcon.colcon_core.package_identification:_identify(src/tello_ros/tello_description) by extension 'ignore_ament_install'
[0.207s] Level 1:colcon.colcon_core.package_identification:_identify(src/tello_ros/tello_description) by extensions ['colcon_pkg']
[0.207s] Level 1:colcon.colcon_core.package_identification:_identify(src/tello_ros/tello_description) by extension 'colcon_pkg'
[0.207s] Level 1:colcon.colcon_core.package_identification:_identify(src/tello_ros/tello_description) by extensions ['colcon_meta']
[0.207s] Level 1:colcon.colcon_core.package_identification:_identify(src/tello_ros/tello_description) by extension 'colcon_meta'
[0.207s] Level 1:colcon.colcon_core.package_identification:_identify(src/tello_ros/tello_description) by extensions ['ros']
[0.208s] Level 1:colcon.colcon_core.package_identification:_identify(src/tello_ros/tello_description) by extension 'ros'
[0.208s] DEBUG:colcon.colcon_core.package_identification:Package 'src/tello_ros/tello_description' with type 'ros.ament_cmake' and name 'tello_description'
[0.208s] Level 1:colcon.colcon_core.package_identification:_identify(src/tello_ros/tello_driver) by extensions ['ignore', 'ignore_ament_install']
[0.208s] Level 1:colcon.colcon_core.package_identification:_identify(src/tello_ros/tello_driver) by extension 'ignore'
[0.208s] Level 1:colcon.colcon_core.package_identification:_identify(src/tello_ros/tello_driver) by extension 'ignore_ament_install'
[0.208s] Level 1:colcon.colcon_core.package_identification:_identify(src/tello_ros/tello_driver) by extensions ['colcon_pkg']
[0.208s] Level 1:colcon.colcon_core.package_identification:_identify(src/tello_ros/tello_driver) by extension 'colcon_pkg'
[0.208s] Level 1:colcon.colcon_core.package_identification:_identify(src/tello_ros/tello_driver) by extensions ['colcon_meta']
[0.209s] Level 1:colcon.colcon_core.package_identification:_identify(src/tello_ros/tello_driver) by extension 'colcon_meta'
[0.209s] Level 1:colcon.colcon_core.package_identification:_identify(src/tello_ros/tello_driver) by extensions ['ros']
[0.209s] Level 1:colcon.colcon_core.package_identification:_identify(src/tello_ros/tello_driver) by extension 'ros'
[0.210s] DEBUG:colcon.colcon_core.package_identification:Package 'src/tello_ros/tello_driver' with type 'ros.ament_cmake' and name 'tello_driver'
[0.210s] Level 1:colcon.colcon_core.package_identification:_identify(src/tello_ros/tello_gazebo) by extensions ['ignore', 'ignore_ament_install']
[0.210s] Level 1:colcon.colcon_core.package_identification:_identify(src/tello_ros/tello_gazebo) by extension 'ignore'
[0.210s] Level 1:colcon.colcon_core.package_identification:_identify(src/tello_ros/tello_gazebo) by extension 'ignore_ament_install'
[0.211s] Level 1:colcon.colcon_core.package_identification:_identify(src/tello_ros/tello_gazebo) by extensions ['colcon_pkg']
[0.211s] Level 1:colcon.colcon_core.package_identification:_identify(src/tello_ros/tello_gazebo) by extension 'colcon_pkg'
[0.211s] Level 1:colcon.colcon_core.package_identification:_identify(src/tello_ros/tello_gazebo) by extensions ['colcon_meta']
[0.211s] Level 1:colcon.colcon_core.package_identification:_identify(src/tello_ros/tello_gazebo) by extension 'colcon_meta'
[0.211s] Level 1:colcon.colcon_core.package_identification:_identify(src/tello_ros/tello_gazebo) by extensions ['ros']
[0.211s] Level 1:colcon.colcon_core.package_identification:_identify(src/tello_ros/tello_gazebo) by extension 'ros'
[0.212s] DEBUG:colcon.colcon_core.package_identification:Package 'src/tello_ros/tello_gazebo' with type 'ros.ament_cmake' and name 'tello_gazebo'
[0.212s] Level 1:colcon.colcon_core.package_identification:_identify(src/tello_ros/tello_msgs) by extensions ['ignore', 'ignore_ament_install']
[0.212s] Level 1:colcon.colcon_core.package_identification:_identify(src/tello_ros/tello_msgs) by extension 'ignore'
[0.212s] Level 1:colcon.colcon_core.package_identification:_identify(src/tello_ros/tello_msgs) by extension 'ignore_ament_install'
[0.212s] Level 1:colcon.colcon_core.package_identification:_identify(src/tello_ros/tello_msgs) by extensions ['colcon_pkg']
[0.212s] Level 1:colcon.colcon_core.package_identification:_identify(src/tello_ros/tello_msgs) by extension 'colcon_pkg'
[0.212s] Level 1:colcon.colcon_core.package_identification:_identify(src/tello_ros/tello_msgs) by extensions ['colcon_meta']
[0.212s] Level 1:colcon.colcon_core.package_identification:_identify(src/tello_ros/tello_msgs) by extension 'colcon_meta'
[0.212s] Level 1:colcon.colcon_core.package_identification:_identify(src/tello_ros/tello_msgs) by extensions ['ros']
[0.212s] Level 1:colcon.colcon_core.package_identification:_identify(src/tello_ros/tello_msgs) by extension 'ros'
[0.213s] DEBUG:colcon.colcon_core.package_identification:Package 'src/tello_ros/tello_msgs' with type 'ros.ament_cmake' and name 'tello_msgs'
[0.213s] Level 1:colcon.colcon_core.package_discovery:discover_packages(recursive) using defaults
[0.213s] Level 1:colcon.colcon_core.package_discovery:discover_packages(ignore) discover
[0.213s] Level 1:colcon.colcon_core.package_discovery:discover_packages(ignore) using defaults
[0.213s] Level 1:colcon.colcon_core.package_discovery:discover_packages(path) discover
[0.213s] Level 1:colcon.colcon_core.package_discovery:discover_packages(path) using defaults
[0.236s] Level 5:colcon.colcon_core.verb:set package 'ros2_shared' build argument 'cmake_args' from command line to 'None'
[0.236s] Level 5:colcon.colcon_core.verb:set package 'ros2_shared' build argument 'cmake_target' from command line to 'None'
[0.236s] Level 5:colcon.colcon_core.verb:set package 'ros2_shared' build argument 'cmake_target_skip_unavailable' from command line to 'False'
[0.236s] Level 5:colcon.colcon_core.verb:set package 'ros2_shared' build argument 'cmake_clean_cache' from command line to 'False'
[0.236s] Level 5:colcon.colcon_core.verb:set package 'ros2_shared' build argument 'cmake_clean_first' from command line to 'False'
[0.236s] Level 5:colcon.colcon_core.verb:set package 'ros2_shared' build argument 'cmake_force_configure' from command line to 'False'
[0.236s] Level 5:colcon.colcon_core.verb:set package 'ros2_shared' build argument 'ament_cmake_args' from command line to 'None'
[0.236s] Level 5:colcon.colcon_core.verb:set package 'ros2_shared' build argument 'catkin_cmake_args' from command line to 'None'
[0.236s] Level 5:colcon.colcon_core.verb:set package 'ros2_shared' build argument 'catkin_skip_building_tests' from command line to 'False'
[0.237s] DEBUG:colcon.colcon_core.verb:Building package 'ros2_shared' with the following arguments: {'ament_cmake_args': None, 'build_base': '/home/tello/tello_ros_ws/build/ros2_shared', 'catkin_cmake_args': None, 'catkin_skip_building_tests': False, 'cmake_args': None, 'cmake_clean_cache': False, 'cmake_clean_first': False, 'cmake_force_configure': False, 'cmake_target': None, 'cmake_target_skip_unavailable': False, 'install_base': '/home/tello/tello_ros_ws/install/ros2_shared', 'merge_install': False, 'path': '/home/tello/tello_ros_ws/src/ros2_shared', 'symlink_install': False, 'test_result_base': None}
[0.240s] Level 5:colcon.colcon_core.verb:set package 'tello_description' build argument 'cmake_args' from command line to 'None'
[0.240s] Level 5:colcon.colcon_core.verb:set package 'tello_description' build argument 'cmake_target' from command line to 'None'
[0.240s] Level 5:colcon.colcon_core.verb:set package 'tello_description' build argument 'cmake_target_skip_unavailable' from command line to 'False'
[0.240s] Level 5:colcon.colcon_core.verb:set package 'tello_description' build argument 'cmake_clean_cache' from command line to 'False'
[0.240s] Level 5:colcon.colcon_core.verb:set package 'tello_description' build argument 'cmake_clean_first' from command line to 'False'
[0.240s] Level 5:colcon.colcon_core.verb:set package 'tello_description' build argument 'cmake_force_configure' from command line to 'False'
[0.240s] Level 5:colcon.colcon_core.verb:set package 'tello_description' build argument 'ament_cmake_args' from command line to 'None'
[0.240s] Level 5:colcon.colcon_core.verb:set package 'tello_description' build argument 'catkin_cmake_args' from command line to 'None'
[0.240s] Level 5:colcon.colcon_core.verb:set package 'tello_description' build argument 'catkin_skip_building_tests' from command line to 'False'
[0.240s] DEBUG:colcon.colcon_core.verb:Building package 'tello_description' with the following arguments: {'ament_cmake_args': None, 'build_base': '/home/tello/tello_ros_ws/build/tello_description', 'catkin_cmake_args': None, 'catkin_skip_building_tests': False, 'cmake_args': None, 'cmake_clean_cache': False, 'cmake_clean_first': False, 'cmake_force_configure': False, 'cmake_target': None, 'cmake_target_skip_unavailable': False, 'install_base': '/home/tello/tello_ros_ws/install/tello_description', 'merge_install': False, 'path': '/home/tello/tello_ros_ws/src/tello_ros/tello_description', 'symlink_install': False, 'test_result_base': None}
[0.243s] Level 5:colcon.colcon_core.verb:set package 'tello_msgs' build argument 'cmake_args' from command line to 'None'
[0.243s] Level 5:colcon.colcon_core.verb:set package 'tello_msgs' build argument 'cmake_target' from command line to 'None'
[0.243s] Level 5:colcon.colcon_core.verb:set package 'tello_msgs' build argument 'cmake_target_skip_unavailable' from command line to 'False'
[0.243s] Level 5:colcon.colcon_core.verb:set package 'tello_msgs' build argument 'cmake_clean_cache' from command line to 'False'
[0.243s] Level 5:colcon.colcon_core.verb:set package 'tello_msgs' build argument 'cmake_clean_first' from command line to 'False'
[0.243s] Level 5:colcon.colcon_core.verb:set package 'tello_msgs' build argument 'cmake_force_configure' from command line to 'False'
[0.244s] Level 5:colcon.colcon_core.verb:set package 'tello_msgs' build argument 'ament_cmake_args' from command line to 'None'
[0.244s] Level 5:colcon.colcon_core.verb:set package 'tello_msgs' build argument 'catkin_cmake_args' from command line to 'None'
[0.244s] Level 5:colcon.colcon_core.verb:set package 'tello_msgs' build argument 'catkin_skip_building_tests' from command line to 'False'
[0.244s] DEBUG:colcon.colcon_core.verb:Building package 'tello_msgs' with the following arguments: {'ament_cmake_args': None, 'build_base': '/home/tello/tello_ros_ws/build/tello_msgs', 'catkin_cmake_args': None, 'catkin_skip_building_tests': False, 'cmake_args': None, 'cmake_clean_cache': False, 'cmake_clean_first': False, 'cmake_force_configure': False, 'cmake_target': None, 'cmake_target_skip_unavailable': False, 'install_base': '/home/tello/tello_ros_ws/install/tello_msgs', 'merge_install': False, 'path': '/home/tello/tello_ros_ws/src/tello_ros/tello_msgs', 'symlink_install': False, 'test_result_base': None}
[0.247s] Level 5:colcon.colcon_core.verb:set package 'tello_driver' build argument 'cmake_args' from command line to 'None'
[0.247s] Level 5:colcon.colcon_core.verb:set package 'tello_driver' build argument 'cmake_target' from command line to 'None'
[0.247s] Level 5:colcon.colcon_core.verb:set package 'tello_driver' build argument 'cmake_target_skip_unavailable' from command line to 'False'
[0.247s] Level 5:colcon.colcon_core.verb:set package 'tello_driver' build argument 'cmake_clean_cache' from command line to 'False'
[0.247s] Level 5:colcon.colcon_core.verb:set package 'tello_driver' build argument 'cmake_clean_first' from command line to 'False'
[0.247s] Level 5:colcon.colcon_core.verb:set package 'tello_driver' build argument 'cmake_force_configure' from command line to 'False'
[0.247s] Level 5:colcon.colcon_core.verb:set package 'tello_driver' build argument 'ament_cmake_args' from command line to 'None'
[0.247s] Level 5:colcon.colcon_core.verb:set package 'tello_driver' build argument 'catkin_cmake_args' from command line to 'None'
[0.247s] Level 5:colcon.colcon_core.verb:set package 'tello_driver' build argument 'catkin_skip_building_tests' from command line to 'False'
[0.247s] DEBUG:colcon.colcon_core.verb:Building package 'tello_driver' with the following arguments: {'ament_cmake_args': None, 'build_base': '/home/tello/tello_ros_ws/build/tello_driver', 'catkin_cmake_args': None, 'catkin_skip_building_tests': False, 'cmake_args': None, 'cmake_clean_cache': False, 'cmake_clean_first': False, 'cmake_force_configure': False, 'cmake_target': None, 'cmake_target_skip_unavailable': False, 'install_base': '/home/tello/tello_ros_ws/install/tello_driver', 'merge_install': False, 'path': '/home/tello/tello_ros_ws/src/tello_ros/tello_driver', 'symlink_install': False, 'test_result_base': None}
[0.250s] Level 5:colcon.colcon_core.verb:set package 'tello_gazebo' build argument 'cmake_args' from command line to 'None'
[0.250s] Level 5:colcon.colcon_core.verb:set package 'tello_gazebo' build argument 'cmake_target' from command line to 'None'
[0.250s] Level 5:colcon.colcon_core.verb:set package 'tello_gazebo' build argument 'cmake_target_skip_unavailable' from command line to 'False'
[0.250s] Level 5:colcon.colcon_core.verb:set package 'tello_gazebo' build argument 'cmake_clean_cache' from command line to 'False'
[0.251s] Level 5:colcon.colcon_core.verb:set package 'tello_gazebo' build argument 'cmake_clean_first' from command line to 'False'
[0.251s] Level 5:colcon.colcon_core.verb:set package 'tello_gazebo' build argument 'cmake_force_configure' from command line to 'False'
[0.251s] Level 5:colcon.colcon_core.verb:set package 'tello_gazebo' build argument 'ament_cmake_args' from command line to 'None'
[0.251s] Level 5:colcon.colcon_core.verb:set package 'tello_gazebo' build argument 'catkin_cmake_args' from command line to 'None'
[0.251s] Level 5:colcon.colcon_core.verb:set package 'tello_gazebo' build argument 'catkin_skip_building_tests' from command line to 'False'
[0.251s] DEBUG:colcon.colcon_core.verb:Building package 'tello_gazebo' with the following arguments: {'ament_cmake_args': None, 'build_base': '/home/tello/tello_ros_ws/build/tello_gazebo', 'catkin_cmake_args': None, 'catkin_skip_building_tests': False, 'cmake_args': None, 'cmake_clean_cache': False, 'cmake_clean_first': False, 'cmake_force_configure': False, 'cmake_target': None, 'cmake_target_skip_unavailable': False, 'install_base': '/home/tello/tello_ros_ws/install/tello_gazebo', 'merge_install': False, 'path': '/home/tello/tello_ros_ws/src/tello_ros/tello_gazebo', 'symlink_install': False, 'test_result_base': None}
[0.251s] INFO:colcon.colcon_core.executor:Executing jobs using 'parallel' executor
[0.253s] DEBUG:colcon.colcon_parallel_executor.executor.parallel:run_until_complete
[0.253s] INFO:colcon.colcon_ros.task.ament_cmake.build:Building ROS package in '/home/tello/tello_ros_ws/src/tello_ros/tello_msgs' with build type 'ament_cmake'
[0.254s] INFO:colcon.colcon_cmake.task.cmake.build:Building CMake package in '/home/tello/tello_ros_ws/src/tello_ros/tello_msgs'
[0.257s] INFO:colcon.colcon_core.plugin_system:Skipping extension 'colcon_core.shell.bat': Not used on non-Windows systems
[0.257s] INFO:colcon.colcon_core.shell:Skip shell extension 'powershell' for command environment: Not usable outside of PowerShell
[0.257s] DEBUG:colcon.colcon_core.shell:Skip shell extension 'dsv' for command environment
[0.261s] DEBUG:colcon.colcon_core.shell:Ignoring prefix path '/opt/ros/eloquent'
[0.263s] INFO:colcon.colcon_ros.task.ament_cmake.build:Building ROS package in '/home/tello/tello_ros_ws/src/ros2_shared' with build type 'ament_cmake'
[0.263s] INFO:colcon.colcon_cmake.task.cmake.build:Building CMake package in '/home/tello/tello_ros_ws/src/ros2_shared'
[0.264s] INFO:colcon.colcon_core.shell:Skip shell extension 'powershell' for command environment: Not usable outside of PowerShell
[0.264s] DEBUG:colcon.colcon_core.shell:Skip shell extension 'dsv' for command environment
[0.266s] DEBUG:colcon.colcon_core.shell:Ignoring prefix path '/opt/ros/eloquent'
[0.275s] DEBUG:colcon.colcon_core.event_handler.log_command:Invoking command in '/home/tello/tello_ros_ws/build/tello_msgs': CMAKE_PREFIX_PATH=/opt/ros/eloquent /usr/bin/cmake --build /home/tello/tello_ros_ws/build/tello_msgs -- -j2 -l2
[0.281s] DEBUG:colcon.colcon_core.event_handler.log_command:Invoking command in '/home/tello/tello_ros_ws/build/ros2_shared': CMAKE_PREFIX_PATH=/opt/ros/eloquent /usr/bin/cmake --build /home/tello/tello_ros_ws/build/ros2_shared -- -j2 -l2
[0.356s] DEBUG:colcon.colcon_core.event_handler.log_command:Invoked command in '/home/tello/tello_ros_ws/build/ros2_shared' returned '0': CMAKE_PREFIX_PATH=/opt/ros/eloquent /usr/bin/cmake --build /home/tello/tello_ros_ws/build/ros2_shared -- -j2 -l2
[0.434s] DEBUG:colcon.colcon_core.event_handler.log_command:Invoking command in '/home/tello/tello_ros_ws/build/ros2_shared': CMAKE_PREFIX_PATH=/opt/ros/eloquent /usr/bin/cmake --build /home/tello/tello_ros_ws/build/ros2_shared --target install -- -j2 -l2
[0.505s] Level 1:colcon.colcon_core.environment:create_environment_scripts_only(ros2_shared)
[0.509s] DEBUG:colcon.colcon_core.event_handler.log_command:Invoked command in '/home/tello/tello_ros_ws/build/ros2_shared' returned '0': CMAKE_PREFIX_PATH=/opt/ros/eloquent /usr/bin/cmake --build /home/tello/tello_ros_ws/build/ros2_shared --target install -- -j2 -l2
[0.511s] Level 1:colcon.colcon_core.environment:checking '/home/tello/tello_ros_ws/install/ros2_shared' for CMake module files
[0.511s] Level 1:colcon.colcon_core.environment:checking '/home/tello/tello_ros_ws/install/ros2_shared' for CMake config files
[0.511s] Level 1:colcon.colcon_core.shell:create_environment_hook('ros2_shared', 'cmake_prefix_path')
[0.512s] INFO:colcon.colcon_core.shell:Creating environment hook '/home/tello/tello_ros_ws/install/ros2_shared/share/ros2_shared/hook/cmake_prefix_path.ps1'
[0.513s] INFO:colcon.colcon_core.shell:Creating environment descriptor '/home/tello/tello_ros_ws/install/ros2_shared/share/ros2_shared/hook/cmake_prefix_path.dsv'
[0.513s] INFO:colcon.colcon_core.shell:Creating environment hook '/home/tello/tello_ros_ws/install/ros2_shared/share/ros2_shared/hook/cmake_prefix_path.sh'
[0.515s] Level 1:colcon.colcon_core.environment:checking '/home/tello/tello_ros_ws/install/ros2_shared/bin'
[0.515s] Level 1:colcon.colcon_core.environment:checking '/home/tello/tello_ros_ws/install/ros2_shared/lib/pkgconfig/ros2_shared.pc'
[0.515s] Level 1:colcon.colcon_core.environment:checking '/home/tello/tello_ros_ws/install/ros2_shared/lib/python3.6/site-packages'
[0.517s] INFO:colcon.colcon_core.shell:Creating package script '/home/tello/tello_ros_ws/install/ros2_shared/share/ros2_shared/package.ps1'
[0.518s] INFO:colcon.colcon_core.shell:Creating package descriptor '/home/tello/tello_ros_ws/install/ros2_shared/share/ros2_shared/package.dsv'
[0.518s] INFO:colcon.colcon_core.shell:Creating package script '/home/tello/tello_ros_ws/install/ros2_shared/share/ros2_shared/package.sh'
[0.519s] INFO:colcon.colcon_core.shell:Creating package script '/home/tello/tello_ros_ws/install/ros2_shared/share/ros2_shared/package.bash'
[0.520s] INFO:colcon.colcon_core.shell:Creating package script '/home/tello/tello_ros_ws/install/ros2_shared/share/ros2_shared/package.zsh'
[0.520s] Level 1:colcon.colcon_core.environment:create_file_with_runtime_dependencies(/home/tello/tello_ros_ws/install/ros2_shared/share/colcon-core/packages/ros2_shared)
[0.542s] Level 1:colcon.colcon_core.environment:create_environment_scripts_only(ros2_shared)
[0.543s] Level 1:colcon.colcon_core.environment:checking '/home/tello/tello_ros_ws/install/ros2_shared' for CMake module files
[0.543s] Level 1:colcon.colcon_core.environment:checking '/home/tello/tello_ros_ws/install/ros2_shared' for CMake config files
[0.543s] Level 1:colcon.colcon_core.shell:create_environment_hook('ros2_shared', 'cmake_prefix_path')
[0.544s] INFO:colcon.colcon_core.shell:Creating environment hook '/home/tello/tello_ros_ws/install/ros2_shared/share/ros2_shared/hook/cmake_prefix_path.ps1'
[0.545s] INFO:colcon.colcon_core.shell:Creating environment descriptor '/home/tello/tello_ros_ws/install/ros2_shared/share/ros2_shared/hook/cmake_prefix_path.dsv'
[0.545s] INFO:colcon.colcon_core.shell:Creating environment hook '/home/tello/tello_ros_ws/install/ros2_shared/share/ros2_shared/hook/cmake_prefix_path.sh'
[0.546s] Level 1:colcon.colcon_core.environment:checking '/home/tello/tello_ros_ws/install/ros2_shared/bin'
[0.546s] Level 1:colcon.colcon_core.environment:checking '/home/tello/tello_ros_ws/install/ros2_shared/lib/pkgconfig/ros2_shared.pc'
[0.546s] Level 1:colcon.colcon_core.environment:checking '/home/tello/tello_ros_ws/install/ros2_shared/lib/python3.6/site-packages'
[0.547s] INFO:colcon.colcon_core.shell:Creating package script '/home/tello/tello_ros_ws/install/ros2_shared/share/ros2_shared/package.ps1'
[0.547s] INFO:colcon.colcon_core.shell:Creating package descriptor '/home/tello/tello_ros_ws/install/ros2_shared/share/ros2_shared/package.dsv'
[0.548s] INFO:colcon.colcon_core.shell:Creating package script '/home/tello/tello_ros_ws/install/ros2_shared/share/ros2_shared/package.sh'
[0.548s] INFO:colcon.colcon_core.shell:Creating package script '/home/tello/tello_ros_ws/install/ros2_shared/share/ros2_shared/package.bash'
[0.549s] INFO:colcon.colcon_core.shell:Creating package script '/home/tello/tello_ros_ws/install/ros2_shared/share/ros2_shared/package.zsh'
[0.549s] Level 1:colcon.colcon_core.environment:create_file_with_runtime_dependencies(/home/tello/tello_ros_ws/install/ros2_shared/share/colcon-core/packages/ros2_shared)
[0.550s] INFO:colcon.colcon_ros.task.ament_cmake.build:Building ROS package in '/home/tello/tello_ros_ws/src/tello_ros/tello_description' with build type 'ament_cmake'
[0.550s] INFO:colcon.colcon_cmake.task.cmake.build:Building CMake package in '/home/tello/tello_ros_ws/src/tello_ros/tello_description'
[0.550s] INFO:colcon.colcon_core.shell:Skip shell extension 'powershell' for command environment: Not usable outside of PowerShell
[0.550s] DEBUG:colcon.colcon_core.shell:Skip shell extension 'dsv' for command environment
[0.553s] DEBUG:colcon.colcon_core.shell:Ignoring prefix path '/opt/ros/eloquent'
[0.571s] DEBUG:colcon.colcon_core.event_handler.log_command:Invoking command in '/home/tello/tello_ros_ws/build/tello_description': CMAKE_PREFIX_PATH=/opt/ros/eloquent /usr/bin/cmake --build /home/tello/tello_ros_ws/build/tello_description -- -j2 -l2
[0.617s] DEBUG:colcon.colcon_core.event_handler.log_command:Invoked command in '/home/tello/tello_ros_ws/build/tello_msgs' returned '0': CMAKE_PREFIX_PATH=/opt/ros/eloquent /usr/bin/cmake --build /home/tello/tello_ros_ws/build/tello_msgs -- -j2 -l2
[0.767s] DEBUG:colcon.colcon_core.event_handler.log_command:Invoked command in '/home/tello/tello_ros_ws/build/tello_description' returned '0': CMAKE_PREFIX_PATH=/opt/ros/eloquent /usr/bin/cmake --build /home/tello/tello_ros_ws/build/tello_description -- -j2 -l2
[0.776s] DEBUG:colcon.colcon_core.event_handler.log_command:Invoking command in '/home/tello/tello_ros_ws/build/tello_msgs': CMAKE_PREFIX_PATH=/opt/ros/eloquent /usr/bin/cmake --build /home/tello/tello_ros_ws/build/tello_msgs --target install -- -j2 -l2
[0.801s] DEBUG:colcon.colcon_core.event_handler.log_command:Invoking command in '/home/tello/tello_ros_ws/build/tello_description': CMAKE_PREFIX_PATH=/opt/ros/eloquent /usr/bin/cmake --build /home/tello/tello_ros_ws/build/tello_description --target install -- -j2 -l2
[1.058s] Level 1:colcon.colcon_core.environment:create_environment_scripts_only(tello_description)
[1.059s] Level 1:colcon.colcon_core.environment:checking '/home/tello/tello_ros_ws/install/tello_description' for CMake module files
[1.060s] DEBUG:colcon.colcon_core.event_handler.log_command:Invoked command in '/home/tello/tello_ros_ws/build/tello_description' returned '0': CMAKE_PREFIX_PATH=/opt/ros/eloquent /usr/bin/cmake --build /home/tello/tello_ros_ws/build/tello_description --target install -- -j2 -l2
[1.061s] Level 1:colcon.colcon_core.environment:checking '/home/tello/tello_ros_ws/install/tello_description' for CMake config files
[1.061s] Level 1:colcon.colcon_core.shell:create_environment_hook('tello_description', 'cmake_prefix_path')
[1.061s] INFO:colcon.colcon_core.shell:Creating environment hook '/home/tello/tello_ros_ws/install/tello_description/share/tello_description/hook/cmake_prefix_path.ps1'
[1.062s] INFO:colcon.colcon_core.shell:Creating environment descriptor '/home/tello/tello_ros_ws/install/tello_description/share/tello_description/hook/cmake_prefix_path.dsv'
[1.062s] INFO:colcon.colcon_core.shell:Creating environment hook '/home/tello/tello_ros_ws/install/tello_description/share/tello_description/hook/cmake_prefix_path.sh'
[1.063s] Level 1:colcon.colcon_core.environment:checking '/home/tello/tello_ros_ws/install/tello_description/bin'
[1.063s] Level 1:colcon.colcon_core.environment:checking '/home/tello/tello_ros_ws/install/tello_description/lib/pkgconfig/tello_description.pc'
[1.063s] Level 1:colcon.colcon_core.environment:checking '/home/tello/tello_ros_ws/install/tello_description/lib/python3.6/site-packages'
[1.064s] INFO:colcon.colcon_core.shell:Creating package script '/home/tello/tello_ros_ws/install/tello_description/share/tello_description/package.ps1'
[1.065s] INFO:colcon.colcon_core.shell:Creating package descriptor '/home/tello/tello_ros_ws/install/tello_description/share/tello_description/package.dsv'
[1.067s] INFO:colcon.colcon_core.shell:Creating package script '/home/tello/tello_ros_ws/install/tello_description/share/tello_description/package.sh'
[1.067s] INFO:colcon.colcon_core.shell:Creating package script '/home/tello/tello_ros_ws/install/tello_description/share/tello_description/package.bash'
[1.068s] INFO:colcon.colcon_core.shell:Creating package script '/home/tello/tello_ros_ws/install/tello_description/share/tello_description/package.zsh'
[1.068s] Level 1:colcon.colcon_core.environment:create_file_with_runtime_dependencies(/home/tello/tello_ros_ws/install/tello_description/share/colcon-core/packages/tello_description)
[1.103s] Level 1:colcon.colcon_core.environment:create_environment_scripts_only(tello_description)
[1.104s] Level 1:colcon.colcon_core.environment:checking '/home/tello/tello_ros_ws/install/tello_description' for CMake module files
[1.105s] Level 1:colcon.colcon_core.environment:checking '/home/tello/tello_ros_ws/install/tello_description' for CMake config files
[1.105s] Level 1:colcon.colcon_core.shell:create_environment_hook('tello_description', 'cmake_prefix_path')
[1.106s] INFO:colcon.colcon_core.shell:Creating environment hook '/home/tello/tello_ros_ws/install/tello_description/share/tello_description/hook/cmake_prefix_path.ps1'
[1.107s] INFO:colcon.colcon_core.shell:Creating environment descriptor '/home/tello/tello_ros_ws/install/tello_description/share/tello_description/hook/cmake_prefix_path.dsv'
[1.107s] INFO:colcon.colcon_core.shell:Creating environment hook '/home/tello/tello_ros_ws/install/tello_description/share/tello_description/hook/cmake_prefix_path.sh'
[1.108s] Level 1:colcon.colcon_core.environment:checking '/home/tello/tello_ros_ws/install/tello_description/bin'
[1.108s] Level 1:colcon.colcon_core.environment:checking '/home/tello/tello_ros_ws/install/tello_description/lib/pkgconfig/tello_description.pc'
[1.108s] Level 1:colcon.colcon_core.environment:checking '/home/tello/tello_ros_ws/install/tello_description/lib/python3.6/site-packages'
[1.109s] INFO:colcon.colcon_core.shell:Creating package script '/home/tello/tello_ros_ws/install/tello_description/share/tello_description/package.ps1'
[1.110s] INFO:colcon.colcon_core.shell:Creating package descriptor '/home/tello/tello_ros_ws/install/tello_description/share/tello_description/package.dsv'
[1.110s] INFO:colcon.colcon_core.shell:Creating package script '/home/tello/tello_ros_ws/install/tello_description/share/tello_description/package.sh'
[1.110s] INFO:colcon.colcon_core.shell:Creating package script '/home/tello/tello_ros_ws/install/tello_description/share/tello_description/package.bash'
[1.111s] INFO:colcon.colcon_core.shell:Creating package script '/home/tello/tello_ros_ws/install/tello_description/share/tello_description/package.zsh'
[1.112s] Level 1:colcon.colcon_core.environment:create_file_with_runtime_dependencies(/home/tello/tello_ros_ws/install/tello_description/share/colcon-core/packages/tello_description)
[1.224s] Level 1:colcon.colcon_core.environment:create_environment_scripts_only(tello_msgs)
[1.225s] Level 1:colcon.colcon_core.environment:checking '/home/tello/tello_ros_ws/install/tello_msgs' for CMake module files
[1.226s] Level 1:colcon.colcon_core.environment:checking '/home/tello/tello_ros_ws/install/tello_msgs' for CMake config files
[1.226s] Level 1:colcon.colcon_core.shell:create_environment_hook('tello_msgs', 'cmake_prefix_path')
[1.227s] INFO:colcon.colcon_core.shell:Creating environment hook '/home/tello/tello_ros_ws/install/tello_msgs/share/tello_msgs/hook/cmake_prefix_path.ps1'
[1.227s] INFO:colcon.colcon_core.shell:Creating environment descriptor '/home/tello/tello_ros_ws/install/tello_msgs/share/tello_msgs/hook/cmake_prefix_path.dsv'
[1.227s] INFO:colcon.colcon_core.shell:Creating environment hook '/home/tello/tello_ros_ws/install/tello_msgs/share/tello_msgs/hook/cmake_prefix_path.sh'
[1.229s] Level 1:colcon.colcon_core.environment:checking '/home/tello/tello_ros_ws/install/tello_msgs/lib'
[1.229s] Level 1:colcon.colcon_core.shell:create_environment_hook('tello_msgs', 'ld_library_path_lib')
[1.230s] INFO:colcon.colcon_core.shell:Creating environment hook '/home/tello/tello_ros_ws/install/tello_msgs/share/tello_msgs/hook/ld_library_path_lib.ps1'
[1.233s] DEBUG:colcon.colcon_core.event_handler.log_command:Invoked command in '/home/tello/tello_ros_ws/build/tello_msgs' returned '0': CMAKE_PREFIX_PATH=/opt/ros/eloquent /usr/bin/cmake --build /home/tello/tello_ros_ws/build/tello_msgs --target install -- -j2 -l2
[1.233s] INFO:colcon.colcon_core.shell:Creating environment descriptor '/home/tello/tello_ros_ws/install/tello_msgs/share/tello_msgs/hook/ld_library_path_lib.dsv'
[1.234s] INFO:colcon.colcon_core.shell:Creating environment hook '/home/tello/tello_ros_ws/install/tello_msgs/share/tello_msgs/hook/ld_library_path_lib.sh'
[1.234s] Level 1:colcon.colcon_core.environment:checking '/home/tello/tello_ros_ws/install/tello_msgs/bin'
[1.234s] Level 1:colcon.colcon_core.environment:checking '/home/tello/tello_ros_ws/install/tello_msgs/lib/pkgconfig/tello_msgs.pc'
[1.235s] Level 1:colcon.colcon_core.environment:checking '/home/tello/tello_ros_ws/install/tello_msgs/lib/python3.6/site-packages'
[1.235s] Level 1:colcon.colcon_core.shell:create_environment_hook('tello_msgs', 'pythonpath')
[1.235s] INFO:colcon.colcon_core.shell:Creating environment hook '/home/tello/tello_ros_ws/install/tello_msgs/share/tello_msgs/hook/pythonpath.ps1'
[1.236s] INFO:colcon.colcon_core.shell:Creating environment descriptor '/home/tello/tello_ros_ws/install/tello_msgs/share/tello_msgs/hook/pythonpath.dsv'
[1.236s] INFO:colcon.colcon_core.shell:Creating environment hook '/home/tello/tello_ros_ws/install/tello_msgs/share/tello_msgs/hook/pythonpath.sh'
[1.237s] INFO:colcon.colcon_core.shell:Creating package script '/home/tello/tello_ros_ws/install/tello_msgs/share/tello_msgs/package.ps1'
[1.238s] INFO:colcon.colcon_core.shell:Creating package descriptor '/home/tello/tello_ros_ws/install/tello_msgs/share/tello_msgs/package.dsv'
[1.238s] INFO:colcon.colcon_core.shell:Creating package script '/home/tello/tello_ros_ws/install/tello_msgs/share/tello_msgs/package.sh'
[1.239s] INFO:colcon.colcon_core.shell:Creating package script '/home/tello/tello_ros_ws/install/tello_msgs/share/tello_msgs/package.bash'
[1.239s] INFO:colcon.colcon_core.shell:Creating package script '/home/tello/tello_ros_ws/install/tello_msgs/share/tello_msgs/package.zsh'
[1.240s] Level 1:colcon.colcon_core.environment:create_file_with_runtime_dependencies(/home/tello/tello_ros_ws/install/tello_msgs/share/colcon-core/packages/tello_msgs)
[1.309s] Level 1:colcon.colcon_core.environment:create_environment_scripts_only(tello_msgs)
[1.310s] Level 1:colcon.colcon_core.environment:checking '/home/tello/tello_ros_ws/install/tello_msgs' for CMake module files
[1.310s] Level 1:colcon.colcon_core.environment:checking '/home/tello/tello_ros_ws/install/tello_msgs' for CMake config files
[1.310s] Level 1:colcon.colcon_core.shell:create_environment_hook('tello_msgs', 'cmake_prefix_path')
[1.311s] INFO:colcon.colcon_core.shell:Creating environment hook '/home/tello/tello_ros_ws/install/tello_msgs/share/tello_msgs/hook/cmake_prefix_path.ps1'
[1.312s] INFO:colcon.colcon_core.shell:Creating environment descriptor '/home/tello/tello_ros_ws/install/tello_msgs/share/tello_msgs/hook/cmake_prefix_path.dsv'
[1.312s] INFO:colcon.colcon_core.shell:Creating environment hook '/home/tello/tello_ros_ws/install/tello_msgs/share/tello_msgs/hook/cmake_prefix_path.sh'
[1.313s] Level 1:colcon.colcon_core.environment:checking '/home/tello/tello_ros_ws/install/tello_msgs/lib'
[1.313s] Level 1:colcon.colcon_core.shell:create_environment_hook('tello_msgs', 'ld_library_path_lib')
[1.314s] INFO:colcon.colcon_core.shell:Creating environment hook '/home/tello/tello_ros_ws/install/tello_msgs/share/tello_msgs/hook/ld_library_path_lib.ps1'
[1.314s] INFO:colcon.colcon_core.shell:Creating environment descriptor '/home/tello/tello_ros_ws/install/tello_msgs/share/tello_msgs/hook/ld_library_path_lib.dsv'
[1.314s] INFO:colcon.colcon_core.shell:Creating environment hook '/home/tello/tello_ros_ws/install/tello_msgs/share/tello_msgs/hook/ld_library_path_lib.sh'
[1.315s] Level 1:colcon.colcon_core.environment:checking '/home/tello/tello_ros_ws/install/tello_msgs/bin'
[1.315s] Level 1:colcon.colcon_core.environment:checking '/home/tello/tello_ros_ws/install/tello_msgs/lib/pkgconfig/tello_msgs.pc'
[1.315s] Level 1:colcon.colcon_core.environment:checking '/home/tello/tello_ros_ws/install/tello_msgs/lib/python3.6/site-packages'
[1.315s] Level 1:colcon.colcon_core.shell:create_environment_hook('tello_msgs', 'pythonpath')
[1.316s] INFO:colcon.colcon_core.shell:Creating environment hook '/home/tello/tello_ros_ws/install/tello_msgs/share/tello_msgs/hook/pythonpath.ps1'
[1.316s] INFO:colcon.colcon_core.shell:Creating environment descriptor '/home/tello/tello_ros_ws/install/tello_msgs/share/tello_msgs/hook/pythonpath.dsv'
[1.317s] INFO:colcon.colcon_core.shell:Creating environment hook '/home/tello/tello_ros_ws/install/tello_msgs/share/tello_msgs/hook/pythonpath.sh'
[1.318s] INFO:colcon.colcon_core.shell:Creating package script '/home/tello/tello_ros_ws/install/tello_msgs/share/tello_msgs/package.ps1'
[1.318s] INFO:colcon.colcon_core.shell:Creating package descriptor '/home/tello/tello_ros_ws/install/tello_msgs/share/tello_msgs/package.dsv'
[1.319s] INFO:colcon.colcon_core.shell:Creating package script '/home/tello/tello_ros_ws/install/tello_msgs/share/tello_msgs/package.sh'
[1.319s] INFO:colcon.colcon_core.shell:Creating package script '/home/tello/tello_ros_ws/install/tello_msgs/share/tello_msgs/package.bash'
[1.320s] INFO:colcon.colcon_core.shell:Creating package script '/home/tello/tello_ros_ws/install/tello_msgs/share/tello_msgs/package.zsh'
[1.320s] Level 1:colcon.colcon_core.environment:create_file_with_runtime_dependencies(/home/tello/tello_ros_ws/install/tello_msgs/share/colcon-core/packages/tello_msgs)
[1.321s] INFO:colcon.colcon_ros.task.ament_cmake.build:Building ROS package in '/home/tello/tello_ros_ws/src/tello_ros/tello_driver' with build type 'ament_cmake'
[1.321s] INFO:colcon.colcon_cmake.task.cmake.build:Building CMake package in '/home/tello/tello_ros_ws/src/tello_ros/tello_driver'
[1.321s] INFO:colcon.colcon_core.shell:Skip shell extension 'powershell' for command environment: Not usable outside of PowerShell
[1.321s] DEBUG:colcon.colcon_core.shell:Skip shell extension 'dsv' for command environment
[1.324s] DEBUG:colcon.colcon_core.shell:Ignoring prefix path '/opt/ros/eloquent'
[1.326s] INFO:colcon.colcon_ros.task.ament_cmake.build:Building ROS package in '/home/tello/tello_ros_ws/src/tello_ros/tello_gazebo' with build type 'ament_cmake'
[1.327s] INFO:colcon.colcon_cmake.task.cmake.build:Building CMake package in '/home/tello/tello_ros_ws/src/tello_ros/tello_gazebo'
[1.327s] INFO:colcon.colcon_core.shell:Skip shell extension 'powershell' for command environment: Not usable outside of PowerShell
[1.328s] DEBUG:colcon.colcon_core.shell:Skip shell extension 'dsv' for command environment
[1.329s] DEBUG:colcon.colcon_core.shell:Ignoring prefix path '/opt/ros/eloquent'
[1.343s] DEBUG:colcon.colcon_core.event_handler.log_command:Invoking command in '/home/tello/tello_ros_ws/build/tello_driver': AMENT_PREFIX_PATH=/home/tello/tello_ros_ws/install/tello_msgs:/home/tello/tello_ros_ws/install/ros2_shared:${AMENT_PREFIX_PATH} CMAKE_PREFIX_PATH=/home/tello/tello_ros_ws/install/tello_msgs:/home/tello/tello_ros_ws/install/ros2_shared:/opt/ros/eloquent LD_LIBRARY_PATH=/home/tello/tello_ros_ws/install/tello_msgs/lib:${LD_LIBRARY_PATH} PYTHONPATH=/home/tello/tello_ros_ws/install/tello_msgs/lib/python3.6/site-packages:${PYTHONPATH} /usr/bin/cmake --build /home/tello/tello_ros_ws/build/tello_driver -- -j2 -l2
[1.350s] DEBUG:colcon.colcon_core.event_handler.log_command:Invoking command in '/home/tello/tello_ros_ws/build/tello_gazebo': AMENT_PREFIX_PATH=/home/tello/tello_ros_ws/install/tello_msgs:${AMENT_PREFIX_PATH} CMAKE_PREFIX_PATH=/home/tello/tello_ros_ws/install/tello_msgs:/opt/ros/eloquent LD_LIBRARY_PATH=/home/tello/tello_ros_ws/install/tello_msgs/lib:${LD_LIBRARY_PATH} PYTHONPATH=/home/tello/tello_ros_ws/install/tello_msgs/lib/python3.6/site-packages:${PYTHONPATH} /usr/bin/cmake --build /home/tello/tello_ros_ws/build/tello_gazebo -- -j2 -l2
[1.475s] DEBUG:colcon.colcon_core.event_handler.log_command:Invoked command in '/home/tello/tello_ros_ws/build/tello_gazebo' returned '0': AMENT_PREFIX_PATH=/home/tello/tello_ros_ws/install/tello_msgs:${AMENT_PREFIX_PATH} CMAKE_PREFIX_PATH=/home/tello/tello_ros_ws/install/tello_msgs:/opt/ros/eloquent LD_LIBRARY_PATH=/home/tello/tello_ros_ws/install/tello_msgs/lib:${LD_LIBRARY_PATH} PYTHONPATH=/home/tello/tello_ros_ws/install/tello_msgs/lib/python3.6/site-packages:${PYTHONPATH} /usr/bin/cmake --build /home/tello/tello_ros_ws/build/tello_gazebo -- -j2 -l2
[1.508s] DEBUG:colcon.colcon_core.event_handler.log_command:Invoking command in '/home/tello/tello_ros_ws/build/tello_gazebo': AMENT_PREFIX_PATH=/home/tello/tello_ros_ws/install/tello_msgs:${AMENT_PREFIX_PATH} CMAKE_PREFIX_PATH=/home/tello/tello_ros_ws/install/tello_msgs:/opt/ros/eloquent LD_LIBRARY_PATH=/home/tello/tello_ros_ws/install/tello_msgs/lib:${LD_LIBRARY_PATH} PYTHONPATH=/home/tello/tello_ros_ws/install/tello_msgs/lib/python3.6/site-packages:${PYTHONPATH} /usr/bin/cmake --build /home/tello/tello_ros_ws/build/tello_gazebo --target install -- -j2 -l2
[1.804s] Level 1:colcon.colcon_core.environment:create_environment_scripts_only(tello_gazebo)
[1.806s] Level 1:colcon.colcon_core.environment:checking '/home/tello/tello_ros_ws/install/tello_gazebo' for CMake module files
[1.806s] Level 1:colcon.colcon_core.environment:checking '/home/tello/tello_ros_ws/install/tello_gazebo' for CMake config files
[1.807s] Level 1:colcon.colcon_core.shell:create_environment_hook('tello_gazebo', 'cmake_prefix_path')
[1.808s] INFO:colcon.colcon_core.shell:Creating environment hook '/home/tello/tello_ros_ws/install/tello_gazebo/share/tello_gazebo/hook/cmake_prefix_path.ps1'
[1.808s] INFO:colcon.colcon_core.shell:Creating environment descriptor '/home/tello/tello_ros_ws/install/tello_gazebo/share/tello_gazebo/hook/cmake_prefix_path.dsv'
[1.809s] INFO:colcon.colcon_core.shell:Creating environment hook '/home/tello/tello_ros_ws/install/tello_gazebo/share/tello_gazebo/hook/cmake_prefix_path.sh'
[1.810s] Level 1:colcon.colcon_core.environment:checking '/home/tello/tello_ros_ws/install/tello_gazebo/lib'
[1.810s] Level 1:colcon.colcon_core.shell:create_environment_hook('tello_gazebo', 'ld_library_path_lib')
[1.810s] INFO:colcon.colcon_core.shell:Creating environment hook '/home/tello/tello_ros_ws/install/tello_gazebo/share/tello_gazebo/hook/ld_library_path_lib.ps1'
[1.811s] INFO:colcon.colcon_core.shell:Creating environment descriptor '/home/tello/tello_ros_ws/install/tello_gazebo/share/tello_gazebo/hook/ld_library_path_lib.dsv'
[1.811s] INFO:colcon.colcon_core.shell:Creating environment hook '/home/tello/tello_ros_ws/install/tello_gazebo/share/tello_gazebo/hook/ld_library_path_lib.sh'
[1.812s] Level 1:colcon.colcon_core.environment:checking '/home/tello/tello_ros_ws/install/tello_gazebo/bin'
[1.812s] Level 1:colcon.colcon_core.environment:checking '/home/tello/tello_ros_ws/install/tello_gazebo/lib/pkgconfig/tello_gazebo.pc'
[1.812s] Level 1:colcon.colcon_core.environment:checking '/home/tello/tello_ros_ws/install/tello_gazebo/lib/python3.6/site-packages'
[1.813s] INFO:colcon.colcon_core.shell:Creating package script '/home/tello/tello_ros_ws/install/tello_gazebo/share/tello_gazebo/package.ps1'
[1.813s] INFO:colcon.colcon_core.shell:Creating package descriptor '/home/tello/tello_ros_ws/install/tello_gazebo/share/tello_gazebo/package.dsv'
[1.814s] INFO:colcon.colcon_core.shell:Creating package script '/home/tello/tello_ros_ws/install/tello_gazebo/share/tello_gazebo/package.sh'
[1.814s] INFO:colcon.colcon_core.shell:Creating package script '/home/tello/tello_ros_ws/install/tello_gazebo/share/tello_gazebo/package.bash'
[1.814s] INFO:colcon.colcon_core.shell:Creating package script '/home/tello/tello_ros_ws/install/tello_gazebo/share/tello_gazebo/package.zsh'
[1.815s] Level 1:colcon.colcon_core.environment:create_file_with_runtime_dependencies(/home/tello/tello_ros_ws/install/tello_gazebo/share/colcon-core/packages/tello_gazebo)
[1.824s] DEBUG:colcon.colcon_core.event_handler.log_command:Invoked command in '/home/tello/tello_ros_ws/build/tello_gazebo' returned '0': AMENT_PREFIX_PATH=/home/tello/tello_ros_ws/install/tello_msgs:${AMENT_PREFIX_PATH} CMAKE_PREFIX_PATH=/home/tello/tello_ros_ws/install/tello_msgs:/opt/ros/eloquent LD_LIBRARY_PATH=/home/tello/tello_ros_ws/install/tello_msgs/lib:${LD_LIBRARY_PATH} PYTHONPATH=/home/tello/tello_ros_ws/install/tello_msgs/lib/python3.6/site-packages:${PYTHONPATH} /usr/bin/cmake --build /home/tello/tello_ros_ws/build/tello_gazebo --target install -- -j2 -l2
[1.845s] Level 1:colcon.colcon_core.environment:create_environment_scripts_only(tello_gazebo)
[1.846s] Level 1:colcon.colcon_core.environment:checking '/home/tello/tello_ros_ws/install/tello_gazebo' for CMake module files
[1.847s] Level 1:colcon.colcon_core.environment:checking '/home/tello/tello_ros_ws/install/tello_gazebo' for CMake config files
[1.847s] Level 1:colcon.colcon_core.shell:create_environment_hook('tello_gazebo', 'cmake_prefix_path')
[1.848s] INFO:colcon.colcon_core.shell:Creating environment hook '/home/tello/tello_ros_ws/install/tello_gazebo/share/tello_gazebo/hook/cmake_prefix_path.ps1'
[1.849s] INFO:colcon.colcon_core.shell:Creating environment descriptor '/home/tello/tello_ros_ws/install/tello_gazebo/share/tello_gazebo/hook/cmake_prefix_path.dsv'
[1.849s] INFO:colcon.colcon_core.shell:Creating environment hook '/home/tello/tello_ros_ws/install/tello_gazebo/share/tello_gazebo/hook/cmake_prefix_path.sh'
[1.853s] Level 1:colcon.colcon_core.environment:checking '/home/tello/tello_ros_ws/install/tello_gazebo/lib'
[1.853s] Level 1:colcon.colcon_core.shell:create_environment_hook('tello_gazebo', 'ld_library_path_lib')
[1.854s] INFO:colcon.colcon_core.shell:Creating environment hook '/home/tello/tello_ros_ws/install/tello_gazebo/share/tello_gazebo/hook/ld_library_path_lib.ps1'
[1.855s] INFO:colcon.colcon_core.shell:Creating environment descriptor '/home/tello/tello_ros_ws/install/tello_gazebo/share/tello_gazebo/hook/ld_library_path_lib.dsv'
[1.855s] INFO:colcon.colcon_core.shell:Creating environment hook '/home/tello/tello_ros_ws/install/tello_gazebo/share/tello_gazebo/hook/ld_library_path_lib.sh'
[1.855s] Level 1:colcon.colcon_core.environment:checking '/home/tello/tello_ros_ws/install/tello_gazebo/bin'
[1.856s] Level 1:colcon.colcon_core.environment:checking '/home/tello/tello_ros_ws/install/tello_gazebo/lib/pkgconfig/tello_gazebo.pc'
[1.856s] Level 1:colcon.colcon_core.environment:checking '/home/tello/tello_ros_ws/install/tello_gazebo/lib/python3.6/site-packages'
[1.856s] INFO:colcon.colcon_core.shell:Creating package script '/home/tello/tello_ros_ws/install/tello_gazebo/share/tello_gazebo/package.ps1'
[1.857s] INFO:colcon.colcon_core.shell:Creating package descriptor '/home/tello/tello_ros_ws/install/tello_gazebo/share/tello_gazebo/package.dsv'
[1.858s] INFO:colcon.colcon_core.shell:Creating package script '/home/tello/tello_ros_ws/install/tello_gazebo/share/tello_gazebo/package.sh'
[1.858s] INFO:colcon.colcon_core.shell:Creating package script '/home/tello/tello_ros_ws/install/tello_gazebo/share/tello_gazebo/package.bash'
[1.859s] INFO:colcon.colcon_core.shell:Creating package script '/home/tello/tello_ros_ws/install/tello_gazebo/share/tello_gazebo/package.zsh'
[1.859s] Level 1:colcon.colcon_core.environment:create_file_with_runtime_dependencies(/home/tello/tello_ros_ws/install/tello_gazebo/share/colcon-core/packages/tello_gazebo)
[5.206s] DEBUG:colcon.colcon_core.event_handler.log_command:Invoked command in '/home/tello/tello_ros_ws/build/tello_driver' returned '0': AMENT_PREFIX_PATH=/home/tello/tello_ros_ws/install/tello_msgs:/home/tello/tello_ros_ws/install/ros2_shared:${AMENT_PREFIX_PATH} CMAKE_PREFIX_PATH=/home/tello/tello_ros_ws/install/tello_msgs:/home/tello/tello_ros_ws/install/ros2_shared:/opt/ros/eloquent LD_LIBRARY_PATH=/home/tello/tello_ros_ws/install/tello_msgs/lib:${LD_LIBRARY_PATH} PYTHONPATH=/home/tello/tello_ros_ws/install/tello_msgs/lib/python3.6/site-packages:${PYTHONPATH} /usr/bin/cmake --build /home/tello/tello_ros_ws/build/tello_driver -- -j2 -l2
[5.249s] DEBUG:colcon.colcon_core.event_handler.log_command:Invoking command in '/home/tello/tello_ros_ws/build/tello_driver': AMENT_PREFIX_PATH=/home/tello/tello_ros_ws/install/tello_msgs:/home/tello/tello_ros_ws/install/ros2_shared:${AMENT_PREFIX_PATH} CMAKE_PREFIX_PATH=/home/tello/tello_ros_ws/install/tello_msgs:/home/tello/tello_ros_ws/install/ros2_shared:/opt/ros/eloquent LD_LIBRARY_PATH=/home/tello/tello_ros_ws/install/tello_msgs/lib:${LD_LIBRARY_PATH} PYTHONPATH=/home/tello/tello_ros_ws/install/tello_msgs/lib/python3.6/site-packages:${PYTHONPATH} /usr/bin/cmake --build /home/tello/tello_ros_ws/build/tello_driver --target install -- -j2 -l2
[5.428s] Level 1:colcon.colcon_core.environment:create_environment_scripts_only(tello_driver)
[5.428s] DEBUG:colcon.colcon_core.event_handler.log_command:Invoked command in '/home/tello/tello_ros_ws/build/tello_driver' returned '0': AMENT_PREFIX_PATH=/home/tello/tello_ros_ws/install/tello_msgs:/home/tello/tello_ros_ws/install/ros2_shared:${AMENT_PREFIX_PATH} CMAKE_PREFIX_PATH=/home/tello/tello_ros_ws/install/tello_msgs:/home/tello/tello_ros_ws/install/ros2_shared:/opt/ros/eloquent LD_LIBRARY_PATH=/home/tello/tello_ros_ws/install/tello_msgs/lib:${LD_LIBRARY_PATH} PYTHONPATH=/home/tello/tello_ros_ws/install/tello_msgs/lib/python3.6/site-packages:${PYTHONPATH} /usr/bin/cmake --build /home/tello/tello_ros_ws/build/tello_driver --target install -- -j2 -l2
[5.430s] Level 1:colcon.colcon_core.environment:checking '/home/tello/tello_ros_ws/install/tello_driver' for CMake module files
[5.430s] Level 1:colcon.colcon_core.environment:checking '/home/tello/tello_ros_ws/install/tello_driver' for CMake config files
[5.430s] Level 1:colcon.colcon_core.shell:create_environment_hook('tello_driver', 'cmake_prefix_path')
[5.431s] INFO:colcon.colcon_core.shell:Creating environment hook '/home/tello/tello_ros_ws/install/tello_driver/share/tello_driver/hook/cmake_prefix_path.ps1'
[5.432s] INFO:colcon.colcon_core.shell:Creating environment descriptor '/home/tello/tello_ros_ws/install/tello_driver/share/tello_driver/hook/cmake_prefix_path.dsv'
[5.432s] INFO:colcon.colcon_core.shell:Creating environment hook '/home/tello/tello_ros_ws/install/tello_driver/share/tello_driver/hook/cmake_prefix_path.sh'
[5.433s] Level 1:colcon.colcon_core.environment:checking '/home/tello/tello_ros_ws/install/tello_driver/lib'
[5.433s] Level 1:colcon.colcon_core.shell:create_environment_hook('tello_driver', 'ld_library_path_lib')
[5.434s] INFO:colcon.colcon_core.shell:Creating environment hook '/home/tello/tello_ros_ws/install/tello_driver/share/tello_driver/hook/ld_library_path_lib.ps1'
[5.434s] INFO:colcon.colcon_core.shell:Creating environment descriptor '/home/tello/tello_ros_ws/install/tello_driver/share/tello_driver/hook/ld_library_path_lib.dsv'
[5.434s] INFO:colcon.colcon_core.shell:Creating environment hook '/home/tello/tello_ros_ws/install/tello_driver/share/tello_driver/hook/ld_library_path_lib.sh'
[5.435s] Level 1:colcon.colcon_core.environment:checking '/home/tello/tello_ros_ws/install/tello_driver/bin'
[5.435s] Level 1:colcon.colcon_core.environment:checking '/home/tello/tello_ros_ws/install/tello_driver/lib/pkgconfig/tello_driver.pc'
[5.435s] Level 1:colcon.colcon_core.environment:checking '/home/tello/tello_ros_ws/install/tello_driver/lib/python3.6/site-packages'
[5.436s] INFO:colcon.colcon_core.shell:Creating package script '/home/tello/tello_ros_ws/install/tello_driver/share/tello_driver/package.ps1'
[5.436s] INFO:colcon.colcon_core.shell:Creating package descriptor '/home/tello/tello_ros_ws/install/tello_driver/share/tello_driver/package.dsv'
[5.437s] INFO:colcon.colcon_core.shell:Creating package script '/home/tello/tello_ros_ws/install/tello_driver/share/tello_driver/package.sh'
[5.437s] INFO:colcon.colcon_core.shell:Creating package script '/home/tello/tello_ros_ws/install/tello_driver/share/tello_driver/package.bash'
[5.438s] INFO:colcon.colcon_core.shell:Creating package script '/home/tello/tello_ros_ws/install/tello_driver/share/tello_driver/package.zsh'
[5.438s] Level 1:colcon.colcon_core.environment:create_file_with_runtime_dependencies(/home/tello/tello_ros_ws/install/tello_driver/share/colcon-core/packages/tello_driver)
[5.477s] Level 1:colcon.colcon_core.environment:create_environment_scripts_only(tello_driver)
[5.478s] Level 1:colcon.colcon_core.environment:checking '/home/tello/tello_ros_ws/install/tello_driver' for CMake module files
[5.479s] Level 1:colcon.colcon_core.environment:checking '/home/tello/tello_ros_ws/install/tello_driver' for CMake config files
[5.479s] Level 1:colcon.colcon_core.shell:create_environment_hook('tello_driver', 'cmake_prefix_path')
[5.480s] INFO:colcon.colcon_core.shell:Creating environment hook '/home/tello/tello_ros_ws/install/tello_driver/share/tello_driver/hook/cmake_prefix_path.ps1'
[5.480s] INFO:colcon.colcon_core.shell:Creating environment descriptor '/home/tello/tello_ros_ws/install/tello_driver/share/tello_driver/hook/cmake_prefix_path.dsv'
[5.480s] INFO:colcon.colcon_core.shell:Creating environment hook '/home/tello/tello_ros_ws/install/tello_driver/share/tello_driver/hook/cmake_prefix_path.sh'
[5.481s] Level 1:colcon.colcon_core.environment:checking '/home/tello/tello_ros_ws/install/tello_driver/lib'
[5.482s] Level 1:colcon.colcon_core.shell:create_environment_hook('tello_driver', 'ld_library_path_lib')
[5.482s] INFO:colcon.colcon_core.shell:Creating environment hook '/home/tello/tello_ros_ws/install/tello_driver/share/tello_driver/hook/ld_library_path_lib.ps1'
[5.482s] INFO:colcon.colcon_core.shell:Creating environment descriptor '/home/tello/tello_ros_ws/install/tello_driver/share/tello_driver/hook/ld_library_path_lib.dsv'
[5.483s] INFO:colcon.colcon_core.shell:Creating environment hook '/home/tello/tello_ros_ws/install/tello_driver/share/tello_driver/hook/ld_library_path_lib.sh'
[5.483s] Level 1:colcon.colcon_core.environment:checking '/home/tello/tello_ros_ws/install/tello_driver/bin'
[5.483s] Level 1:colcon.colcon_core.environment:checking '/home/tello/tello_ros_ws/install/tello_driver/lib/pkgconfig/tello_driver.pc'
[5.483s] Level 1:colcon.colcon_core.environment:checking '/home/tello/tello_ros_ws/install/tello_driver/lib/python3.6/site-packages'
[5.484s] INFO:colcon.colcon_core.shell:Creating package script '/home/tello/tello_ros_ws/install/tello_driver/share/tello_driver/package.ps1'
[5.485s] INFO:colcon.colcon_core.shell:Creating package descriptor '/home/tello/tello_ros_ws/install/tello_driver/share/tello_driver/package.dsv'
[5.485s] INFO:colcon.colcon_core.shell:Creating package script '/home/tello/tello_ros_ws/install/tello_driver/share/tello_driver/package.sh'
[5.485s] INFO:colcon.colcon_core.shell:Creating package script '/home/tello/tello_ros_ws/install/tello_driver/share/tello_driver/package.bash'
[5.486s] INFO:colcon.colcon_core.shell:Creating package script '/home/tello/tello_ros_ws/install/tello_driver/share/tello_driver/package.zsh'
[5.486s] Level 1:colcon.colcon_core.environment:create_file_with_runtime_dependencies(/home/tello/tello_ros_ws/install/tello_driver/share/colcon-core/packages/tello_driver)
[5.487s] DEBUG:colcon.colcon_parallel_executor.executor.parallel:closing loop
[5.487s] DEBUG:colcon.colcon_parallel_executor.executor.parallel:loop closed
[5.488s] DEBUG:colcon.colcon_parallel_executor.executor.parallel:run_until_complete finished with '0'
[5.488s] DEBUG:colcon.colcon_core.event_reactor:joining thread
[5.494s] INFO:colcon.colcon_core.plugin_system:Skipping extension 'colcon_notification.desktop_notification.terminal_notifier': Not used on non-Darwin systems
[5.494s] INFO:colcon.colcon_core.plugin_system:Skipping extension 'colcon_notification.desktop_notification.win32': Not used on non-Windows systems
[5.494s] INFO:colcon.colcon_notification.desktop_notification:Sending desktop notification using 'notify2'
[5.497s] DEBUG:colcon.colcon_core.event_reactor:joined thread
[5.498s] INFO:colcon.colcon_core.shell:Creating prefix script '/home/tello/tello_ros_ws/install/local_setup.ps1'
[5.500s] INFO:colcon.colcon_core.shell:Creating prefix util module '/home/tello/tello_ros_ws/install/_local_setup_util_ps1.py'
[5.502s] INFO:colcon.colcon_core.shell:Creating prefix chain script '/home/tello/tello_ros_ws/install/setup.ps1'
[5.505s] INFO:colcon.colcon_core.shell:Creating prefix script '/home/tello/tello_ros_ws/install/local_setup.sh'
[5.506s] INFO:colcon.colcon_core.shell:Creating prefix util module '/home/tello/tello_ros_ws/install/_local_setup_util_sh.py'
[5.506s] INFO:colcon.colcon_core.shell:Creating prefix chain script '/home/tello/tello_ros_ws/install/setup.sh'
[5.509s] INFO:colcon.colcon_core.shell:Creating prefix script '/home/tello/tello_ros_ws/install/local_setup.bash'
[5.510s] INFO:colcon.colcon_core.shell:Creating prefix chain script '/home/tello/tello_ros_ws/install/setup.bash'
[5.513s] INFO:colcon.colcon_core.shell:Creating prefix script '/home/tello/tello_ros_ws/install/local_setup.zsh'
[5.513s] INFO:colcon.colcon_core.shell:Creating prefix chain script '/home/tello/tello_ros_ws/install/setup.zsh'
